mode: set
github.com/pintuotuo/backend/config/database.go:15.25,19.2 1 1
github.com/pintuotuo/backend/config/database.go:22.21,24.17 2 0
github.com/pintuotuo/backend/config/database.go:24.17,27.3 1 0
github.com/pintuotuo/backend/config/database.go:29.2,30.16 2 0
github.com/pintuotuo/backend/config/database.go:30.16,32.3 1 0
github.com/pintuotuo/backend/config/database.go:35.2,35.34 1 0
github.com/pintuotuo/backend/config/database.go:35.34,37.3 1 0
github.com/pintuotuo/backend/config/database.go:40.2,44.79 3 0
github.com/pintuotuo/backend/config/database.go:44.79,47.3 2 0
github.com/pintuotuo/backend/config/database.go:49.2,55.79 4 0
github.com/pintuotuo/backend/config/database.go:55.79,57.3 1 0
github.com/pintuotuo/backend/config/database.go:59.2,59.12 1 0
github.com/pintuotuo/backend/config/database.go:63.22,64.15 1 0
github.com/pintuotuo/backend/config/database.go:64.15,66.3 1 0
github.com/pintuotuo/backend/config/database.go:67.2,67.12 1 0
github.com/pintuotuo/backend/config/database.go:71.22,73.2 1 1
github.com/pintuotuo/backend/config/database.go:79.24,80.21 1 0
github.com/pintuotuo/backend/config/database.go:80.21,82.16 2 0
github.com/pintuotuo/backend/config/database.go:82.16,84.4 1 0
github.com/pintuotuo/backend/config/database.go:87.3,88.32 2 0
github.com/pintuotuo/backend/config/database.go:88.32,90.4 1 0
github.com/pintuotuo/backend/config/database.go:93.3,110.102 17 0
github.com/pintuotuo/backend/cache/cache.go:27.19,29.20 2 0
github.com/pintuotuo/backend/cache/cache.go:29.20,31.3 1 0
github.com/pintuotuo/backend/cache/cache.go:33.2,34.16 2 0
github.com/pintuotuo/backend/cache/cache.go:34.16,36.3 1 0
github.com/pintuotuo/backend/cache/cache.go:38.2,44.47 4 0
github.com/pintuotuo/backend/cache/cache.go:44.47,46.3 1 0
github.com/pintuotuo/backend/cache/cache.go:48.2,48.12 1 0
github.com/pintuotuo/backend/cache/cache.go:52.20,53.19 1 0
github.com/pintuotuo/backend/cache/cache.go:53.19,55.3 1 0
github.com/pintuotuo/backend/cache/cache.go:56.2,56.12 1 0
github.com/pintuotuo/backend/cache/cache.go:60.59,62.2 1 0
github.com/pintuotuo/backend/cache/cache.go:65.87,67.2 1 0
github.com/pintuotuo/backend/cache/cache.go:70.97,73.2 2 0
github.com/pintuotuo/backend/cache/cache.go:76.56,77.20 1 0
github.com/pintuotuo/backend/cache/cache.go:77.20,79.3 1 0
github.com/pintuotuo/backend/cache/cache.go:80.2,80.39 1 0
github.com/pintuotuo/backend/cache/cache.go:84.60,87.2 2 0
github.com/pintuotuo/backend/cache/cache.go:90.64,92.2 1 0
github.com/pintuotuo/backend/cache/cache.go:95.64,97.2 1 0
github.com/pintuotuo/backend/cache/cache.go:100.79,102.2 1 0
github.com/pintuotuo/backend/cache/cache.go:105.32,107.2 1 0
github.com/pintuotuo/backend/cache/cache.go:110.32,112.2 1 1
github.com/pintuotuo/backend/cache/cache.go:114.62,116.2 1 1
github.com/pintuotuo/backend/cache/cache.go:118.63,120.2 1 1
github.com/pintuotuo/backend/cache/cache.go:122.29,124.2 1 1
github.com/pintuotuo/backend/cache/cache.go:126.30,128.2 1 1
github.com/pintuotuo/backend/cache/cache.go:130.60,132.2 1 1
github.com/pintuotuo/backend/cache/cache.go:134.30,136.2 1 1
github.com/pintuotuo/backend/cache/cache.go:138.53,140.2 1 1
github.com/pintuotuo/backend/cache/cache.go:142.41,144.2 1 1
github.com/pintuotuo/backend/cache/cache.go:146.36,148.2 1 1
github.com/pintuotuo/backend/cache/cache.go:150.32,152.2 1 0
github.com/pintuotuo/backend/cache/cache.go:154.55,156.2 1 0
github.com/pintuotuo/backend/cache/cache.go:159.68,163.21 3 0
github.com/pintuotuo/backend/cache/cache.go:163.21,165.3 1 0
github.com/pintuotuo/backend/cache/cache.go:167.2,167.35 1 0
github.com/pintuotuo/backend/cache/cache.go:167.35,169.3 1 0
github.com/pintuotuo/backend/cache/cache.go:171.2,171.19 1 0
github.com/pintuotuo/backend/cache/cache.go:171.19,173.3 1 0
github.com/pintuotuo/backend/cache/cache.go:175.2,175.12 1 0
github.com/pintuotuo/backend/cache/cache.go:179.47,181.16 2 0
github.com/pintuotuo/backend/cache/cache.go:181.16,183.3 1 0
github.com/pintuotuo/backend/cache/cache.go:184.2,184.21 1 0
github.com/pintuotuo/backend/cache/cache.go:188.61,190.2 1 0
github.com/pintuotuo/backend/errors/errors.go:17.35,19.2 1 1
github.com/pintuotuo/backend/errors/errors.go:22.78,29.2 1 1
github.com/pintuotuo/backend/errors/errors.go:32.110,40.2 1 1
github.com/pintuotuo/backend/errors/errors.go:260.33,263.2 2 1
github.com/pintuotuo/backend/errors/errors.go:266.39,267.39 1 1
github.com/pintuotuo/backend/errors/errors.go:267.39,269.3 1 1
github.com/pintuotuo/backend/errors/errors.go:270.2,275.3 1 1
github.com/pintuotuo/backend/db/db.go:15.19,17.23 2 0
github.com/pintuotuo/backend/db/db.go:17.23,19.3 1 0
github.com/pintuotuo/backend/db/db.go:21.2,23.16 3 0
github.com/pintuotuo/backend/db/db.go:23.16,25.3 1 0
github.com/pintuotuo/backend/db/db.go:28.2,33.38 4 0
github.com/pintuotuo/backend/db/db.go:33.38,35.3 1 0
github.com/pintuotuo/backend/db/db.go:37.2,37.12 1 0
github.com/pintuotuo/backend/db/db.go:41.22,43.2 1 1
github.com/pintuotuo/backend/db/db.go:46.20,47.19 1 0
github.com/pintuotuo/backend/db/db.go:47.19,49.3 1 0
github.com/pintuotuo/backend/db/db.go:50.2,50.12 1 0
github.com/pintuotuo/backend/db/transaction.go:16.69,20.16 2 0
github.com/pintuotuo/backend/db/transaction.go:20.16,22.3 1 0
github.com/pintuotuo/backend/db/transaction.go:24.2,27.8 1 0
github.com/pintuotuo/backend/db/transaction.go:31.83,33.2 1 0
github.com/pintuotuo/backend/db/transaction.go:36.83,38.2 1 0
github.com/pintuotuo/backend/db/transaction.go:41.76,43.2 1 0
github.com/pintuotuo/backend/db/transaction.go:46.38,48.2 1 0
github.com/pintuotuo/backend/db/transaction.go:51.40,53.2 1 0
github.com/pintuotuo/backend/db/transaction.go:56.90,58.16 2 0
github.com/pintuotuo/backend/db/transaction.go:58.16,60.3 1 0
github.com/pintuotuo/backend/db/transaction.go:62.2,62.31 1 0
github.com/pintuotuo/backend/db/transaction.go:62.31,64.43 1 0
github.com/pintuotuo/backend/db/transaction.go:64.43,66.4 1 0
github.com/pintuotuo/backend/db/transaction.go:67.3,67.13 1 0
github.com/pintuotuo/backend/db/transaction.go:70.2,70.20 1 0
github.com/pintuotuo/backend/db/transaction.go:79.37,81.62 1 0
github.com/pintuotuo/backend/db/transaction.go:81.62,87.17 2 0
github.com/pintuotuo/backend/db/transaction.go:87.17,89.4 1 0
github.com/pintuotuo/backend/db/transaction.go:92.3,96.17 2 0
github.com/pintuotuo/backend/db/transaction.go:96.17,98.4 1 0
github.com/pintuotuo/backend/db/transaction.go:101.3,105.17 2 0
github.com/pintuotuo/backend/db/transaction.go:105.17,107.4 1 0
github.com/pintuotuo/backend/db/transaction.go:110.3,114.17 2 0
github.com/pintuotuo/backend/db/transaction.go:114.17,116.4 1 0
github.com/pintuotuo/backend/db/transaction.go:119.3,119.16 1 0
github.com/pintuotuo/backend/db/transaction.go:119.16,120.33 1 0
github.com/pintuotuo/backend/db/transaction.go:120.33,122.5 1 0
github.com/pintuotuo/backend/db/transaction.go:125.3,125.13 1 0
github.com/pintuotuo/backend/db/transaction.go:132.37,134.62 1 0
github.com/pintuotuo/backend/db/transaction.go:134.62,140.17 2 0
github.com/pintuotuo/backend/db/transaction.go:140.17,142.4 1 0
github.com/pintuotuo/backend/db/transaction.go:145.3,145.16 1 0
github.com/pintuotuo/backend/db/transaction.go:145.16,146.33 1 0
github.com/pintuotuo/backend/db/transaction.go:146.33,148.5 1 0
github.com/pintuotuo/backend/db/transaction.go:151.3,151.13 1 0
github.com/pintuotuo/backend/logger/logger.go:54.87,69.23 3 0
github.com/pintuotuo/backend/logger/logger.go:69.23,71.3 1 0
github.com/pintuotuo/backend/logger/logger.go:73.2,73.13 1 0
github.com/pintuotuo/backend/logger/logger.go:77.89,81.16 3 0
github.com/pintuotuo/backend/logger/logger.go:81.16,84.3 2 0
github.com/pintuotuo/backend/logger/logger.go:86.2,97.16 2 0
github.com/pintuotuo/backend/logger/logger.go:97.16,99.3 1 0
github.com/pintuotuo/backend/logger/logger.go:101.2,101.13 1 0
github.com/pintuotuo/backend/logger/logger.go:105.90,107.10 2 0
github.com/pintuotuo/backend/logger/logger.go:107.10,109.3 1 0
github.com/pintuotuo/backend/logger/logger.go:110.2,110.16 1 0
github.com/pintuotuo/backend/logger/logger.go:110.16,112.3 1 0
github.com/pintuotuo/backend/logger/logger.go:114.2,115.9 2 0
github.com/pintuotuo/backend/logger/logger.go:115.9,117.3 1 0
github.com/pintuotuo/backend/logger/logger.go:117.8,119.3 1 0
github.com/pintuotuo/backend/logger/logger.go:121.2,133.16 2 0
github.com/pintuotuo/backend/logger/logger.go:133.16,135.3 1 0
github.com/pintuotuo/backend/logger/logger.go:137.2,137.13 1 0
github.com/pintuotuo/backend/logger/logger.go:141.108,143.16 2 0
github.com/pintuotuo/backend/logger/logger.go:143.16,145.3 1 0
github.com/pintuotuo/backend/logger/logger.go:147.2,160.16 2 0
github.com/pintuotuo/backend/logger/logger.go:160.16,162.3 1 0
github.com/pintuotuo/backend/logger/logger.go:164.2,164.13 1 0
github.com/pintuotuo/backend/logger/logger.go:168.77,170.16 2 0
github.com/pintuotuo/backend/logger/logger.go:170.16,172.3 1 0
github.com/pintuotuo/backend/logger/logger.go:174.2,185.16 2 0
github.com/pintuotuo/backend/logger/logger.go:185.16,187.3 1 0
github.com/pintuotuo/backend/logger/logger.go:189.2,189.13 1 0
github.com/pintuotuo/backend/logger/logger.go:193.87,202.2 2 0
github.com/pintuotuo/backend/logger/logger.go:205.99,213.16 2 0
github.com/pintuotuo/backend/logger/logger.go:213.16,215.3 1 0
github.com/pintuotuo/backend/logger/logger.go:216.2,216.13 1 0
github.com/pintuotuo/backend/logger/logger.go:220.87,229.2 2 0
github.com/pintuotuo/backend/logger/logger.go:232.88,241.2 2 0
github.com/pintuotuo/backend/logger/logger.go:244.32,245.13 1 0
github.com/pintuotuo/backend/logger/logger.go:245.13,248.3 2 0
github.com/pintuotuo/backend/logger/logger.go:248.8,250.3 1 0
github.com/pintuotuo/backend/metrics/metrics.go:280.129,285.2 4 1
github.com/pintuotuo/backend/metrics/metrics.go:288.108,290.13 2 1
github.com/pintuotuo/backend/metrics/metrics.go:290.13,292.3 1 1
github.com/pintuotuo/backend/metrics/metrics.go:296.100,298.11 2 1
github.com/pintuotuo/backend/metrics/metrics.go:298.11,300.3 1 1
github.com/pintuotuo/backend/metrics/metrics.go:301.2,302.87 2 1
github.com/pintuotuo/backend/metrics/metrics.go:306.78,309.2 2 1
github.com/pintuotuo/backend/metrics/metrics.go:312.72,315.2 2 1
github.com/pintuotuo/backend/metrics/metrics.go:318.57,320.2 1 1
github.com/pintuotuo/backend/middleware/metrics_middleware.go:13.42,14.30 1 1
github.com/pintuotuo/backend/middleware/metrics_middleware.go:14.30,35.24 9 1
github.com/pintuotuo/backend/middleware/metrics_middleware.go:35.24,36.23 1 0
github.com/pintuotuo/backend/middleware/metrics_middleware.go:36.23,41.5 1 0
github.com/pintuotuo/backend/middleware/metrics_middleware.go:47.42,49.2 1 1
github.com/pintuotuo/backend/middleware/middleware.go:15.39,16.30 1 0
github.com/pintuotuo/backend/middleware/middleware.go:16.30,22.36 5 0
github.com/pintuotuo/backend/middleware/middleware.go:22.36,25.4 2 0
github.com/pintuotuo/backend/middleware/middleware.go:27.3,27.11 1 0
github.com/pintuotuo/backend/middleware/middleware.go:32.48,33.30 1 0
github.com/pintuotuo/backend/middleware/middleware.go:33.30,34.16 1 0
github.com/pintuotuo/backend/middleware/middleware.go:34.16,35.36 1 0
github.com/pintuotuo/backend/middleware/middleware.go:35.36,42.5 3 0
github.com/pintuotuo/backend/middleware/middleware.go:44.3,47.24 2 0
github.com/pintuotuo/backend/middleware/middleware.go:47.24,49.56 2 0
github.com/pintuotuo/backend/middleware/middleware.go:49.56,52.5 2 0
github.com/pintuotuo/backend/middleware/middleware.go:58.42,59.30 1 0
github.com/pintuotuo/backend/middleware/middleware.go:59.30,83.3 8 0
github.com/pintuotuo/backend/middleware/middleware.go:87.39,88.30 1 0
github.com/pintuotuo/backend/middleware/middleware.go:88.30,91.23 2 0
github.com/pintuotuo/backend/middleware/middleware.go:91.23,95.4 3 0
github.com/pintuotuo/backend/middleware/middleware.go:98.3,99.42 2 0
github.com/pintuotuo/backend/middleware/middleware.go:99.42,103.4 3 0
github.com/pintuotuo/backend/middleware/middleware.go:105.3,106.18 2 0
github.com/pintuotuo/backend/middleware/middleware.go:106.18,110.4 3 0
github.com/pintuotuo/backend/middleware/middleware.go:115.3,117.11 2 0
github.com/pintuotuo/backend/middleware/middleware.go:121.24,122.11 1 0
github.com/pintuotuo/backend/middleware/middleware.go:122.11,124.3 1 0
github.com/pintuotuo/backend/middleware/middleware.go:125.2,125.10 1 0
github.com/pintuotuo/backend/middleware/middleware.go:129.64,131.2 1 0
github.com/pintuotuo/backend/middleware/middleware.go:135.44,140.2 1 1
github.com/pintuotuo/backend/middleware/middleware.go:149.76,150.30 1 1
github.com/pintuotuo/backend/middleware/middleware.go:150.30,153.21 2 1
github.com/pintuotuo/backend/middleware/middleware.go:153.21,155.4 1 0
github.com/pintuotuo/backend/middleware/middleware.go:158.3,163.17 4 1
github.com/pintuotuo/backend/middleware/middleware.go:163.17,168.4 3 0
github.com/pintuotuo/backend/middleware/middleware.go:171.3,171.46 1 1
github.com/pintuotuo/backend/middleware/middleware.go:171.46,178.4 3 0
github.com/pintuotuo/backend/middleware/middleware.go:181.3,181.11 1 1
github.com/pintuotuo/backend/middleware/middleware.go:186.95,188.19 2 1
github.com/pintuotuo/backend/middleware/middleware.go:188.19,190.3 1 1
github.com/pintuotuo/backend/middleware/middleware.go:193.2,194.16 2 0
github.com/pintuotuo/backend/middleware/middleware.go:194.16,196.3 1 0
github.com/pintuotuo/backend/middleware/middleware.go:199.2,199.16 1 0
github.com/pintuotuo/backend/middleware/middleware.go:199.16,200.63 1 0
github.com/pintuotuo/backend/middleware/middleware.go:200.63,202.4 1 0
github.com/pintuotuo/backend/middleware/middleware.go:205.2,205.19 1 0
github.com/pintuotuo/backend/services/analytics/errors.go:67.78,68.50 1 0
github.com/pintuotuo/backend/services/analytics/errors.go:68.50,70.4 1 0
github.com/pintuotuo/backend/services/analytics/errors.go:72.3,77.4 1 0
github.com/pintuotuo/backend/services/analytics/service.go:40.57,41.20 1 0
github.com/pintuotuo/backend/services/analytics/service.go:41.20,43.4 1 0
github.com/pintuotuo/backend/services/analytics/service.go:45.3,48.4 1 0
github.com/pintuotuo/backend/services/analytics/service.go:52.126,53.22 1 0
github.com/pintuotuo/backend/services/analytics/service.go:53.22,55.4 1 0
github.com/pintuotuo/backend/services/analytics/service.go:57.3,57.53 1 0
github.com/pintuotuo/backend/services/analytics/service.go:57.53,59.4 1 0
github.com/pintuotuo/backend/services/analytics/service.go:61.3,61.39 1 0
github.com/pintuotuo/backend/services/analytics/service.go:61.39,63.4 1 0
github.com/pintuotuo/backend/services/analytics/service.go:66.3,67.62 2 0
github.com/pintuotuo/backend/services/analytics/service.go:67.62,70.4 2 0
github.com/pintuotuo/backend/services/analytics/service.go:73.3,87.41 4 0
github.com/pintuotuo/backend/services/analytics/service.go:87.41,90.4 2 0
github.com/pintuotuo/backend/services/analytics/service.go:92.3,102.22 2 0
github.com/pintuotuo/backend/services/analytics/service.go:106.156,107.18 1 0
github.com/pintuotuo/backend/services/analytics/service.go:107.18,109.4 1 0
github.com/pintuotuo/backend/services/analytics/service.go:111.3,111.45 1 0
github.com/pintuotuo/backend/services/analytics/service.go:111.45,113.4 1 0
github.com/pintuotuo/backend/services/analytics/service.go:115.3,115.32 1 0
github.com/pintuotuo/backend/services/analytics/service.go:115.32,117.4 1 0
github.com/pintuotuo/backend/services/analytics/service.go:119.3,129.17 2 0
github.com/pintuotuo/backend/services/analytics/service.go:129.17,132.4 2 0
github.com/pintuotuo/backend/services/analytics/service.go:133.3,136.19 3 0
github.com/pintuotuo/backend/services/analytics/service.go:136.19,139.19 3 0
github.com/pintuotuo/backend/services/analytics/service.go:139.19,142.6 2 0
github.com/pintuotuo/backend/services/analytics/service.go:143.5,143.38 1 0
github.com/pintuotuo/backend/services/analytics/service.go:146.3,146.22 1 0
github.com/pintuotuo/backend/services/analytics/service.go:150.97,151.18 1 0
github.com/pintuotuo/backend/services/analytics/service.go:151.18,153.4 1 0
github.com/pintuotuo/backend/services/analytics/service.go:156.3,179.41 6 0
github.com/pintuotuo/backend/services/analytics/service.go:179.41,182.4 2 0
github.com/pintuotuo/backend/services/analytics/service.go:185.3,196.26 5 0
github.com/pintuotuo/backend/services/analytics/service.go:196.26,198.4 1 0
github.com/pintuotuo/backend/services/analytics/service.go:200.3,210.22 2 0
github.com/pintuotuo/backend/services/analytics/service.go:214.107,215.53 1 0
github.com/pintuotuo/backend/services/analytics/service.go:215.53,217.4 1 0
github.com/pintuotuo/backend/services/analytics/service.go:219.3,222.51 3 0
github.com/pintuotuo/backend/services/analytics/service.go:222.51,233.4 2 0
github.com/pintuotuo/backend/services/analytics/service.go:233.9,233.56 1 0
github.com/pintuotuo/backend/services/analytics/service.go:233.56,243.4 2 0
github.com/pintuotuo/backend/services/analytics/service.go:243.9,245.4 1 0
github.com/pintuotuo/backend/services/analytics/service.go:247.3,251.41 4 0
github.com/pintuotuo/backend/services/analytics/service.go:251.41,254.4 2 0
github.com/pintuotuo/backend/services/analytics/service.go:256.3,267.28 2 0
github.com/pintuotuo/backend/services/analytics/service.go:267.28,269.4 1 0
github.com/pintuotuo/backend/services/analytics/service.go:270.3,270.27 1 0
github.com/pintuotuo/backend/services/analytics/service.go:270.27,272.4 1 0
github.com/pintuotuo/backend/services/analytics/service.go:274.3,274.19 1 0
github.com/pintuotuo/backend/services/analytics/service.go:278.125,284.2 1 0
github.com/pintuotuo/backend/services/analytics/service.go:287.127,293.2 1 0
github.com/pintuotuo/backend/services/analytics/service.go:296.102,297.40 1 0
github.com/pintuotuo/backend/services/analytics/service.go:297.40,299.4 1 0
github.com/pintuotuo/backend/services/analytics/service.go:301.3,302.21 2 0
github.com/pintuotuo/backend/services/analytics/service.go:303.22,304.45 1 0
github.com/pintuotuo/backend/services/analytics/service.go:305.23,306.46 1 0
github.com/pintuotuo/backend/services/analytics/service.go:307.19,308.32 1 0
github.com/pintuotuo/backend/services/analytics/service.go:309.11,310.46 1 0
github.com/pintuotuo/backend/services/analytics/service.go:313.3,328.17 2 0
github.com/pintuotuo/backend/services/analytics/service.go:328.17,331.4 2 0
github.com/pintuotuo/backend/services/analytics/service.go:332.3,335.19 3 0
github.com/pintuotuo/backend/services/analytics/service.go:335.19,339.19 4 0
github.com/pintuotuo/backend/services/analytics/service.go:339.19,342.6 2 0
github.com/pintuotuo/backend/services/analytics/service.go:343.5,343.22 1 0
github.com/pintuotuo/backend/services/analytics/service.go:343.22,345.6 1 0
github.com/pintuotuo/backend/services/analytics/service.go:346.5,346.41 1 0
github.com/pintuotuo/backend/services/analytics/service.go:349.3,349.23 1 0
github.com/pintuotuo/backend/services/analytics/service.go:353.82,369.17 4 0
github.com/pintuotuo/backend/services/analytics/service.go:369.17,372.4 2 0
github.com/pintuotuo/backend/services/analytics/service.go:374.3,389.22 4 0
github.com/pintuotuo/backend/main.go:14.13,16.44 1 0
github.com/pintuotuo/backend/main.go:16.44,18.3 1 0
github.com/pintuotuo/backend/main.go:21.13,23.40 1 0
github.com/pintuotuo/backend/main.go:23.40,25.3 1 0
github.com/pintuotuo/backend/main.go:26.2,37.45 6 0
github.com/pintuotuo/backend/main.go:37.45,43.3 1 0
github.com/pintuotuo/backend/main.go:46.2,47.2 2 0
github.com/pintuotuo/backend/main.go:47.2,68.3 7 0
github.com/pintuotuo/backend/main.go:71.2,72.16 2 0
github.com/pintuotuo/backend/main.go:72.16,74.3 1 0
github.com/pintuotuo/backend/main.go:76.2,77.47 2 0
github.com/pintuotuo/backend/main.go:77.47,79.3 1 0
github.com/pintuotuo/backend/main.go:82.30,85.2 1 0
github.com/pintuotuo/backend/cmd/migrate/main.go:13.13,15.23 2 0
github.com/pintuotuo/backend/cmd/migrate/main.go:15.23,17.3 1 0
github.com/pintuotuo/backend/cmd/migrate/main.go:19.2,20.16 2 0
github.com/pintuotuo/backend/cmd/migrate/main.go:20.16,22.3 1 0
github.com/pintuotuo/backend/cmd/migrate/main.go:23.2,25.34 2 0
github.com/pintuotuo/backend/cmd/migrate/main.go:25.34,27.3 1 0
github.com/pintuotuo/backend/cmd/migrate/main.go:29.2,34.16 4 0
github.com/pintuotuo/backend/cmd/migrate/main.go:34.16,36.3 1 0
github.com/pintuotuo/backend/cmd/migrate/main.go:38.2,38.29 1 0
github.com/pintuotuo/backend/cmd/migrate/main.go:38.29,39.58 1 0
github.com/pintuotuo/backend/cmd/migrate/main.go:39.58,40.12 1 0
github.com/pintuotuo/backend/cmd/migrate/main.go:43.3,47.17 4 0
github.com/pintuotuo/backend/cmd/migrate/main.go:47.17,49.4 1 0
github.com/pintuotuo/backend/cmd/migrate/main.go:51.3,51.54 1 0
github.com/pintuotuo/backend/cmd/migrate/main.go:51.54,53.4 1 0
github.com/pintuotuo/backend/cmd/migrate/main.go:55.3,55.57 1 0
github.com/pintuotuo/backend/cmd/migrate/main.go:58.2,58.58 1 0
github.com/pintuotuo/backend/routes/routes.go:9.50,11.2 2 0
github.com/pintuotuo/backend/routes/routes.go:11.2,22.3 7 0
github.com/pintuotuo/backend/routes/routes.go:26.53,28.2 2 0
github.com/pintuotuo/backend/routes/routes.go:28.2,36.3 5 0
github.com/pintuotuo/backend/routes/routes.go:36.3,40.4 3 0
github.com/pintuotuo/backend/routes/routes.go:45.51,47.2 2 0
github.com/pintuotuo/backend/routes/routes.go:47.2,52.3 4 0
github.com/pintuotuo/backend/routes/routes.go:56.51,58.2 2 0
github.com/pintuotuo/backend/routes/routes.go:58.2,65.3 6 0
github.com/pintuotuo/backend/routes/routes.go:69.51,71.3 2 0
github.com/pintuotuo/backend/routes/routes.go:71.3,82.5 9 0
github.com/pintuotuo/backend/routes/routes.go:82.5,87.6 4 0
github.com/pintuotuo/backend/routes/routes.go:92.53,94.2 2 0
github.com/pintuotuo/backend/routes/routes.go:94.2,99.3 4 0
github.com/pintuotuo/backend/routes/routes.go:102.2,103.2 2 0
github.com/pintuotuo/backend/routes/routes.go:103.2,106.3 2 0
github.com/pintuotuo/backend/routes/routes.go:109.2,110.2 2 0
github.com/pintuotuo/backend/routes/routes.go:110.2,112.3 1 0
github.com/pintuotuo/backend/routes/routes.go:116.55,118.2 2 0
github.com/pintuotuo/backend/routes/routes.go:118.2,125.3 6 0
github.com/pintuotuo/backend/handlers/analytics.go:21.29,22.30 1 0
github.com/pintuotuo/backend/handlers/analytics.go:22.30,25.4 2 0
github.com/pintuotuo/backend/handlers/analytics.go:30.41,34.14 3 0
github.com/pintuotuo/backend/handlers/analytics.go:34.14,37.4 2 0
github.com/pintuotuo/backend/handlers/analytics.go:39.3,40.10 2 0
github.com/pintuotuo/backend/handlers/analytics.go:40.10,43.4 2 0
github.com/pintuotuo/backend/handlers/analytics.go:46.3,50.17 4 0
github.com/pintuotuo/backend/handlers/analytics.go:50.17,53.4 2 0
github.com/pintuotuo/backend/handlers/analytics.go:55.3,56.17 2 0
github.com/pintuotuo/backend/handlers/analytics.go:56.17,59.4 2 0
github.com/pintuotuo/backend/handlers/analytics.go:61.3,68.17 3 0
github.com/pintuotuo/backend/handlers/analytics.go:68.17,69.52 1 0
github.com/pintuotuo/backend/handlers/analytics.go:69.52,71.6 1 0
github.com/pintuotuo/backend/handlers/analytics.go:71.11,73.6 1 0
github.com/pintuotuo/backend/handlers/analytics.go:74.5,74.11 1 0
github.com/pintuotuo/backend/handlers/analytics.go:77.3,77.33 1 0
github.com/pintuotuo/backend/handlers/analytics.go:82.45,86.14 3 0
github.com/pintuotuo/backend/handlers/analytics.go:86.14,89.4 2 0
github.com/pintuotuo/backend/handlers/analytics.go:91.3,92.10 2 0
github.com/pintuotuo/backend/handlers/analytics.go:92.10,95.4 2 0
github.com/pintuotuo/backend/handlers/analytics.go:97.3,100.17 3 0
github.com/pintuotuo/backend/handlers/analytics.go:100.17,101.52 1 0
github.com/pintuotuo/backend/handlers/analytics.go:101.52,103.6 1 0
github.com/pintuotuo/backend/handlers/analytics.go:103.11,105.6 1 0
github.com/pintuotuo/backend/handlers/analytics.go:106.5,106.11 1 0
github.com/pintuotuo/backend/handlers/analytics.go:109.3,109.33 1 0
github.com/pintuotuo/backend/handlers/analytics.go:114.42,121.17 5 0
github.com/pintuotuo/backend/handlers/analytics.go:121.17,124.4 2 0
github.com/pintuotuo/backend/handlers/analytics.go:126.3,127.17 2 0
github.com/pintuotuo/backend/handlers/analytics.go:127.17,130.4 2 0
github.com/pintuotuo/backend/handlers/analytics.go:133.3,135.67 2 0
github.com/pintuotuo/backend/handlers/analytics.go:135.67,136.60 1 0
github.com/pintuotuo/backend/handlers/analytics.go:136.60,138.6 1 0
github.com/pintuotuo/backend/handlers/analytics.go:141.3,141.64 1 0
github.com/pintuotuo/backend/handlers/analytics.go:141.64,142.59 1 0
github.com/pintuotuo/backend/handlers/analytics.go:142.59,144.6 1 0
github.com/pintuotuo/backend/handlers/analytics.go:147.3,147.44 1 0
github.com/pintuotuo/backend/handlers/analytics.go:147.44,150.4 2 0
github.com/pintuotuo/backend/handlers/analytics.go:152.3,160.17 3 0
github.com/pintuotuo/backend/handlers/analytics.go:160.17,161.52 1 0
github.com/pintuotuo/backend/handlers/analytics.go:161.52,163.6 1 0
github.com/pintuotuo/backend/handlers/analytics.go:163.11,165.6 1 0
github.com/pintuotuo/backend/handlers/analytics.go:166.5,166.11 1 0
github.com/pintuotuo/backend/handlers/analytics.go:169.3,169.30 1 0
github.com/pintuotuo/backend/handlers/analytics.go:174.37,178.51 3 0
github.com/pintuotuo/backend/handlers/analytics.go:178.51,179.74 1 0
github.com/pintuotuo/backend/handlers/analytics.go:179.74,181.6 1 0
github.com/pintuotuo/backend/handlers/analytics.go:184.3,187.51 3 0
github.com/pintuotuo/backend/handlers/analytics.go:187.51,188.75 1 0
github.com/pintuotuo/backend/handlers/analytics.go:188.75,190.6 1 0
github.com/pintuotuo/backend/handlers/analytics.go:193.3,200.17 3 0
github.com/pintuotuo/backend/handlers/analytics.go:200.17,201.52 1 0
github.com/pintuotuo/backend/handlers/analytics.go:201.52,203.6 1 0
github.com/pintuotuo/backend/handlers/analytics.go:203.11,205.6 1 0
github.com/pintuotuo/backend/handlers/analytics.go:206.5,206.11 1 0
github.com/pintuotuo/backend/handlers/analytics.go:209.3,212.5 1 0
github.com/pintuotuo/backend/handlers/analytics.go:217.41,223.17 4 0
github.com/pintuotuo/backend/handlers/analytics.go:223.17,224.52 1 0
github.com/pintuotuo/backend/handlers/analytics.go:224.52,226.6 1 0
github.com/pintuotuo/backend/handlers/analytics.go:226.11,228.6 1 0
github.com/pintuotuo/backend/handlers/analytics.go:229.5,229.11 1 0
github.com/pintuotuo/backend/handlers/analytics.go:232.3,232.33 1 0
github.com/pintuotuo/backend/handlers/analytics.go:237.44,241.14 3 0
github.com/pintuotuo/backend/handlers/analytics.go:241.14,244.4 2 0
github.com/pintuotuo/backend/handlers/analytics.go:246.3,247.10 2 0
github.com/pintuotuo/backend/handlers/analytics.go:247.10,250.4 2 0
github.com/pintuotuo/backend/handlers/analytics.go:253.3,254.48 2 0
github.com/pintuotuo/backend/handlers/analytics.go:254.48,255.61 1 0
github.com/pintuotuo/backend/handlers/analytics.go:255.61,257.6 1 0
github.com/pintuotuo/backend/handlers/analytics.go:260.3,261.53 2 0
github.com/pintuotuo/backend/handlers/analytics.go:261.53,262.76 1 0
github.com/pintuotuo/backend/handlers/analytics.go:262.76,264.6 1 0
github.com/pintuotuo/backend/handlers/analytics.go:268.3,272.17 4 0
github.com/pintuotuo/backend/handlers/analytics.go:272.17,275.4 2 0
github.com/pintuotuo/backend/handlers/analytics.go:277.3,278.17 2 0
github.com/pintuotuo/backend/handlers/analytics.go:278.17,281.4 2 0
github.com/pintuotuo/backend/handlers/analytics.go:283.3,287.17 4 0
github.com/pintuotuo/backend/handlers/analytics.go:287.17,288.52 1 0
github.com/pintuotuo/backend/handlers/analytics.go:288.52,290.6 1 0
github.com/pintuotuo/backend/handlers/analytics.go:290.11,292.6 1 0
github.com/pintuotuo/backend/handlers/analytics.go:293.5,293.11 1 0
github.com/pintuotuo/backend/handlers/analytics.go:296.3,301.5 1 0
github.com/pintuotuo/backend/handlers/apikey.go:17.34,19.13 2 0
github.com/pintuotuo/backend/handlers/apikey.go:19.13,22.3 2 0
github.com/pintuotuo/backend/handlers/apikey.go:24.2,30.16 3 0
github.com/pintuotuo/backend/handlers/apikey.go:30.16,33.3 2 0
github.com/pintuotuo/backend/handlers/apikey.go:34.2,37.18 3 0
github.com/pintuotuo/backend/handlers/apikey.go:37.18,44.17 6 0
github.com/pintuotuo/backend/handlers/apikey.go:44.17,47.4 2 0
github.com/pintuotuo/backend/handlers/apikey.go:49.3,57.5 1 0
github.com/pintuotuo/backend/handlers/apikey.go:60.2,60.32 1 0
github.com/pintuotuo/backend/handlers/apikey.go:64.35,66.13 2 0
github.com/pintuotuo/backend/handlers/apikey.go:66.13,69.3 2 0
github.com/pintuotuo/backend/handlers/apikey.go:71.2,75.47 2 0
github.com/pintuotuo/backend/handlers/apikey.go:75.47,78.3 2 0
github.com/pintuotuo/backend/handlers/apikey.go:81.2,83.16 3 0
github.com/pintuotuo/backend/handlers/apikey.go:83.16,91.3 2 0
github.com/pintuotuo/backend/handlers/apikey.go:93.2,104.16 6 0
github.com/pintuotuo/backend/handlers/apikey.go:104.16,112.3 2 0
github.com/pintuotuo/backend/handlers/apikey.go:115.2,120.4 1 0
github.com/pintuotuo/backend/handlers/apikey.go:124.35,126.13 2 0
github.com/pintuotuo/backend/handlers/apikey.go:126.13,129.3 2 0
github.com/pintuotuo/backend/handlers/apikey.go:131.2,138.47 3 0
github.com/pintuotuo/backend/handlers/apikey.go:138.47,141.3 2 0
github.com/pintuotuo/backend/handlers/apikey.go:143.2,148.16 4 0
github.com/pintuotuo/backend/handlers/apikey.go:148.16,151.3 2 0
github.com/pintuotuo/backend/handlers/apikey.go:153.2,154.33 2 0
github.com/pintuotuo/backend/handlers/apikey.go:154.33,157.3 2 0
github.com/pintuotuo/backend/handlers/apikey.go:160.2,169.16 5 0
github.com/pintuotuo/backend/handlers/apikey.go:169.16,177.3 2 0
github.com/pintuotuo/backend/handlers/apikey.go:179.2,186.4 1 0
github.com/pintuotuo/backend/handlers/apikey.go:190.35,192.13 2 0
github.com/pintuotuo/backend/handlers/apikey.go:192.13,195.3 2 0
github.com/pintuotuo/backend/handlers/apikey.go:197.2,204.16 5 0
github.com/pintuotuo/backend/handlers/apikey.go:204.16,207.3 2 0
github.com/pintuotuo/backend/handlers/apikey.go:209.2,210.33 2 0
github.com/pintuotuo/backend/handlers/apikey.go:210.33,213.3 2 0
github.com/pintuotuo/backend/handlers/apikey.go:215.2,216.16 2 0
github.com/pintuotuo/backend/handlers/apikey.go:216.16,224.3 2 0
github.com/pintuotuo/backend/handlers/apikey.go:226.2,226.73 1 0
github.com/pintuotuo/backend/handlers/apikey.go:230.36,233.2 2 0
github.com/pintuotuo/backend/handlers/auth.go:25.25,26.24 1 1
github.com/pintuotuo/backend/handlers/auth.go:26.24,30.3 3 1
github.com/pintuotuo/backend/handlers/auth.go:46.35,49.47 3 1
github.com/pintuotuo/backend/handlers/auth.go:49.47,52.3 2 1
github.com/pintuotuo/backend/handlers/auth.go:55.2,56.16 2 1
github.com/pintuotuo/backend/handlers/auth.go:56.16,57.50 1 0
github.com/pintuotuo/backend/handlers/auth.go:57.50,59.4 1 0
github.com/pintuotuo/backend/handlers/auth.go:59.9,66.4 1 0
github.com/pintuotuo/backend/handlers/auth.go:67.3,67.9 1 0
github.com/pintuotuo/backend/handlers/auth.go:71.2,79.4 3 1
github.com/pintuotuo/backend/handlers/auth.go:83.32,89.47 3 1
github.com/pintuotuo/backend/handlers/auth.go:89.47,92.3 2 1
github.com/pintuotuo/backend/handlers/auth.go:95.2,96.16 2 1
github.com/pintuotuo/backend/handlers/auth.go:96.16,97.50 1 1
github.com/pintuotuo/backend/handlers/auth.go:97.50,99.4 1 1
github.com/pintuotuo/backend/handlers/auth.go:99.9,101.4 1 0
github.com/pintuotuo/backend/handlers/auth.go:102.3,102.9 1 1
github.com/pintuotuo/backend/handlers/auth.go:106.2,114.4 3 0
github.com/pintuotuo/backend/handlers/auth.go:118.33,122.2 1 0
github.com/pintuotuo/backend/handlers/auth.go:125.35,130.47 3 0
github.com/pintuotuo/backend/handlers/auth.go:130.47,133.3 2 0
github.com/pintuotuo/backend/handlers/auth.go:136.2,137.16 2 0
github.com/pintuotuo/backend/handlers/auth.go:137.16,138.50 1 0
github.com/pintuotuo/backend/handlers/auth.go:138.50,140.4 1 0
github.com/pintuotuo/backend/handlers/auth.go:140.9,142.4 1 0
github.com/pintuotuo/backend/handlers/auth.go:143.3,143.9 1 0
github.com/pintuotuo/backend/handlers/auth.go:146.2,149.4 1 0
github.com/pintuotuo/backend/handlers/auth.go:153.43,159.47 3 0
github.com/pintuotuo/backend/handlers/auth.go:159.47,162.3 2 0
github.com/pintuotuo/backend/handlers/auth.go:165.2,166.16 2 0
github.com/pintuotuo/backend/handlers/auth.go:166.16,167.50 1 0
github.com/pintuotuo/backend/handlers/auth.go:167.50,169.4 1 0
github.com/pintuotuo/backend/handlers/auth.go:169.10,171.4 0 0
github.com/pintuotuo/backend/handlers/auth.go:175.2,177.4 1 0
github.com/pintuotuo/backend/handlers/auth.go:181.36,188.47 3 0
github.com/pintuotuo/backend/handlers/auth.go:188.47,191.3 2 0
github.com/pintuotuo/backend/handlers/auth.go:194.2,195.16 2 0
github.com/pintuotuo/backend/handlers/auth.go:195.16,196.50 1 0
github.com/pintuotuo/backend/handlers/auth.go:196.50,198.4 1 0
github.com/pintuotuo/backend/handlers/auth.go:198.9,205.4 1 0
github.com/pintuotuo/backend/handlers/auth.go:206.3,206.9 1 0
github.com/pintuotuo/backend/handlers/auth.go:209.2,211.4 1 0
github.com/pintuotuo/backend/handlers/auth.go:215.37,218.13 3 0
github.com/pintuotuo/backend/handlers/auth.go:218.13,221.3 2 0
github.com/pintuotuo/backend/handlers/auth.go:223.2,224.9 2 0
github.com/pintuotuo/backend/handlers/auth.go:224.9,227.3 2 0
github.com/pintuotuo/backend/handlers/auth.go:230.2,231.16 2 0
github.com/pintuotuo/backend/handlers/auth.go:231.16,232.50 1 0
github.com/pintuotuo/backend/handlers/auth.go:232.50,234.4 1 0
github.com/pintuotuo/backend/handlers/auth.go:234.9,236.4 1 0
github.com/pintuotuo/backend/handlers/auth.go:237.3,237.9 1 0
github.com/pintuotuo/backend/handlers/auth.go:241.2,242.34 2 0
github.com/pintuotuo/backend/handlers/auth.go:246.40,249.13 3 0
github.com/pintuotuo/backend/handlers/auth.go:249.13,252.3 2 0
github.com/pintuotuo/backend/handlers/auth.go:254.2,255.47 2 0
github.com/pintuotuo/backend/handlers/auth.go:255.47,258.3 2 0
github.com/pintuotuo/backend/handlers/auth.go:260.2,264.16 3 0
github.com/pintuotuo/backend/handlers/auth.go:264.16,265.50 1 0
github.com/pintuotuo/backend/handlers/auth.go:265.50,267.4 1 0
github.com/pintuotuo/backend/handlers/auth.go:267.9,274.4 1 0
github.com/pintuotuo/backend/handlers/auth.go:275.3,275.9 1 0
github.com/pintuotuo/backend/handlers/auth.go:279.2,280.34 2 0
github.com/pintuotuo/backend/handlers/auth.go:284.34,288.16 4 0
github.com/pintuotuo/backend/handlers/auth.go:288.16,291.3 2 0
github.com/pintuotuo/backend/handlers/auth.go:294.2,295.16 2 0
github.com/pintuotuo/backend/handlers/auth.go:295.16,296.50 1 0
github.com/pintuotuo/backend/handlers/auth.go:296.50,298.4 1 0
github.com/pintuotuo/backend/handlers/auth.go:298.9,300.4 1 0
github.com/pintuotuo/backend/handlers/auth.go:301.3,301.9 1 0
github.com/pintuotuo/backend/handlers/auth.go:305.2,306.34 2 0
github.com/pintuotuo/backend/handlers/auth.go:310.33,314.16 4 0
github.com/pintuotuo/backend/handlers/auth.go:314.16,317.3 2 0
github.com/pintuotuo/backend/handlers/auth.go:319.2,320.47 2 0
github.com/pintuotuo/backend/handlers/auth.go:320.47,323.3 2 0
github.com/pintuotuo/backend/handlers/auth.go:326.2,327.16 2 0
github.com/pintuotuo/backend/handlers/auth.go:327.16,328.50 1 0
github.com/pintuotuo/backend/handlers/auth.go:328.50,330.4 1 0
github.com/pintuotuo/backend/handlers/auth.go:330.9,337.4 1 0
github.com/pintuotuo/backend/handlers/auth.go:338.3,338.9 1 0
github.com/pintuotuo/backend/handlers/auth.go:342.2,343.34 2 0
github.com/pintuotuo/backend/handlers/auth.go:348.53,357.2 3 1
github.com/pintuotuo/backend/handlers/auth.go:359.55,368.2 1 1
github.com/pintuotuo/backend/handlers/auth.go:370.46,371.42 1 1
github.com/pintuotuo/backend/handlers/auth.go:371.42,373.3 1 1
github.com/pintuotuo/backend/handlers/auth.go:374.2,374.21 1 0
github.com/pintuotuo/backend/handlers/health.go:33.34,49.2 3 1
github.com/pintuotuo/backend/handlers/health.go:53.37,72.15 8 1
github.com/pintuotuo/backend/handlers/health.go:72.15,79.3 2 0
github.com/pintuotuo/backend/handlers/health.go:79.8,81.19 2 1
github.com/pintuotuo/backend/handlers/health.go:81.19,88.4 2 0
github.com/pintuotuo/backend/handlers/health.go:88.9,93.4 1 1
github.com/pintuotuo/backend/handlers/health.go:97.2,101.24 4 1
github.com/pintuotuo/backend/handlers/health.go:101.24,108.3 2 0
github.com/pintuotuo/backend/handlers/health.go:108.8,110.28 2 1
github.com/pintuotuo/backend/handlers/health.go:110.28,117.4 2 0
github.com/pintuotuo/backend/handlers/health.go:117.9,122.4 1 1
github.com/pintuotuo/backend/handlers/health.go:126.2,126.16 1 1
github.com/pintuotuo/backend/handlers/health.go:126.16,129.3 2 1
github.com/pintuotuo/backend/handlers/health.go:129.8,132.3 2 0
github.com/pintuotuo/backend/handlers/health.go:137.36,148.2 2 1
github.com/pintuotuo/backend/handlers/health.go:151.30,160.2 2 1
github.com/pintuotuo/backend/handlers/order_and_group.go:23.34,24.25 1 0
github.com/pintuotuo/backend/handlers/order_and_group.go:24.25,27.3 2 0
github.com/pintuotuo/backend/handlers/order_and_group.go:28.2,28.25 1 0
github.com/pintuotuo/backend/handlers/order_and_group.go:28.25,31.3 2 0
github.com/pintuotuo/backend/handlers/order_and_group.go:35.34,39.13 3 0
github.com/pintuotuo/backend/handlers/order_and_group.go:39.13,42.3 2 0
github.com/pintuotuo/backend/handlers/order_and_group.go:44.2,47.47 3 0
github.com/pintuotuo/backend/handlers/order_and_group.go:47.47,50.3 2 0
github.com/pintuotuo/backend/handlers/order_and_group.go:53.2,54.16 2 0
github.com/pintuotuo/backend/handlers/order_and_group.go:54.16,55.50 1 0
github.com/pintuotuo/backend/handlers/order_and_group.go:55.50,57.4 1 0
github.com/pintuotuo/backend/handlers/order_and_group.go:57.9,59.4 1 0
github.com/pintuotuo/backend/handlers/order_and_group.go:60.3,60.9 1 0
github.com/pintuotuo/backend/handlers/order_and_group.go:63.2,63.31 1 0
github.com/pintuotuo/backend/handlers/order_and_group.go:67.33,71.13 3 0
github.com/pintuotuo/backend/handlers/order_and_group.go:71.13,74.3 2 0
github.com/pintuotuo/backend/handlers/order_and_group.go:76.2,92.16 9 0
github.com/pintuotuo/backend/handlers/order_and_group.go:92.16,93.50 1 0
github.com/pintuotuo/backend/handlers/order_and_group.go:93.50,95.4 1 0
github.com/pintuotuo/backend/handlers/order_and_group.go:95.9,97.4 1 0
github.com/pintuotuo/backend/handlers/order_and_group.go:98.3,98.9 1 0
github.com/pintuotuo/backend/handlers/order_and_group.go:101.2,101.31 1 0
github.com/pintuotuo/backend/handlers/order_and_group.go:105.35,109.13 3 0
github.com/pintuotuo/backend/handlers/order_and_group.go:109.13,112.3 2 0
github.com/pintuotuo/backend/handlers/order_and_group.go:114.2,118.16 4 0
github.com/pintuotuo/backend/handlers/order_and_group.go:118.16,121.3 2 0
github.com/pintuotuo/backend/handlers/order_and_group.go:123.2,124.16 2 0
github.com/pintuotuo/backend/handlers/order_and_group.go:124.16,125.50 1 0
github.com/pintuotuo/backend/handlers/order_and_group.go:125.50,127.4 1 0
github.com/pintuotuo/backend/handlers/order_and_group.go:127.9,129.4 1 0
github.com/pintuotuo/backend/handlers/order_and_group.go:130.3,130.9 1 0
github.com/pintuotuo/backend/handlers/order_and_group.go:133.2,133.26 1 0
github.com/pintuotuo/backend/handlers/order_and_group.go:137.34,141.13 3 0
github.com/pintuotuo/backend/handlers/order_and_group.go:141.13,144.3 2 0
github.com/pintuotuo/backend/handlers/order_and_group.go:146.2,150.16 4 0
github.com/pintuotuo/backend/handlers/order_and_group.go:150.16,153.3 2 0
github.com/pintuotuo/backend/handlers/order_and_group.go:155.2,156.16 2 0
github.com/pintuotuo/backend/handlers/order_and_group.go:156.16,157.50 1 0
github.com/pintuotuo/backend/handlers/order_and_group.go:157.50,159.4 1 0
github.com/pintuotuo/backend/handlers/order_and_group.go:159.9,161.4 1 0
github.com/pintuotuo/backend/handlers/order_and_group.go:162.3,162.9 1 0
github.com/pintuotuo/backend/handlers/order_and_group.go:165.2,165.26 1 0
github.com/pintuotuo/backend/handlers/order_and_group.go:169.34,173.13 3 0
github.com/pintuotuo/backend/handlers/order_and_group.go:173.13,176.3 2 0
github.com/pintuotuo/backend/handlers/order_and_group.go:178.2,181.47 3 0
github.com/pintuotuo/backend/handlers/order_and_group.go:181.47,184.3 2 0
github.com/pintuotuo/backend/handlers/order_and_group.go:187.2,188.16 2 0
github.com/pintuotuo/backend/handlers/order_and_group.go:188.16,189.50 1 0
github.com/pintuotuo/backend/handlers/order_and_group.go:189.50,191.4 1 0
github.com/pintuotuo/backend/handlers/order_and_group.go:191.9,193.4 1 0
github.com/pintuotuo/backend/handlers/order_and_group.go:194.3,194.9 1 0
github.com/pintuotuo/backend/handlers/order_and_group.go:197.2,197.33 1 0
github.com/pintuotuo/backend/handlers/order_and_group.go:201.33,218.16 9 0
github.com/pintuotuo/backend/handlers/order_and_group.go:218.16,219.50 1 0
github.com/pintuotuo/backend/handlers/order_and_group.go:219.50,221.4 1 0
github.com/pintuotuo/backend/handlers/order_and_group.go:221.9,223.4 1 0
github.com/pintuotuo/backend/handlers/order_and_group.go:224.3,224.9 1 0
github.com/pintuotuo/backend/handlers/order_and_group.go:227.2,227.31 1 0
github.com/pintuotuo/backend/handlers/order_and_group.go:231.35,237.16 4 0
github.com/pintuotuo/backend/handlers/order_and_group.go:237.16,240.3 2 0
github.com/pintuotuo/backend/handlers/order_and_group.go:242.2,243.16 2 0
github.com/pintuotuo/backend/handlers/order_and_group.go:243.16,244.50 1 0
github.com/pintuotuo/backend/handlers/order_and_group.go:244.50,246.4 1 0
github.com/pintuotuo/backend/handlers/order_and_group.go:246.9,248.4 1 0
github.com/pintuotuo/backend/handlers/order_and_group.go:249.3,249.9 1 0
github.com/pintuotuo/backend/handlers/order_and_group.go:252.2,252.28 1 0
github.com/pintuotuo/backend/handlers/order_and_group.go:256.32,260.13 3 0
github.com/pintuotuo/backend/handlers/order_and_group.go:260.13,263.3 2 0
github.com/pintuotuo/backend/handlers/order_and_group.go:265.2,269.16 4 0
github.com/pintuotuo/backend/handlers/order_and_group.go:269.16,272.3 2 0
github.com/pintuotuo/backend/handlers/order_and_group.go:275.2,276.16 2 0
github.com/pintuotuo/backend/handlers/order_and_group.go:276.16,277.50 1 0
github.com/pintuotuo/backend/handlers/order_and_group.go:277.50,279.4 1 0
github.com/pintuotuo/backend/handlers/order_and_group.go:279.9,281.4 1 0
github.com/pintuotuo/backend/handlers/order_and_group.go:282.3,282.9 1 0
github.com/pintuotuo/backend/handlers/order_and_group.go:285.2,285.28 1 0
github.com/pintuotuo/backend/handlers/order_and_group.go:289.34,293.13 3 0
github.com/pintuotuo/backend/handlers/order_and_group.go:293.13,296.3 2 0
github.com/pintuotuo/backend/handlers/order_and_group.go:298.2,302.16 4 0
github.com/pintuotuo/backend/handlers/order_and_group.go:302.16,305.3 2 0
github.com/pintuotuo/backend/handlers/order_and_group.go:308.2,309.16 2 0
github.com/pintuotuo/backend/handlers/order_and_group.go:309.16,310.50 1 0
github.com/pintuotuo/backend/handlers/order_and_group.go:310.50,312.4 1 0
github.com/pintuotuo/backend/handlers/order_and_group.go:312.9,314.4 1 0
github.com/pintuotuo/backend/handlers/order_and_group.go:315.3,315.9 1 0
github.com/pintuotuo/backend/handlers/order_and_group.go:318.2,318.73 1 0
github.com/pintuotuo/backend/handlers/order_and_group.go:322.39,328.16 4 0
github.com/pintuotuo/backend/handlers/order_and_group.go:328.16,331.3 2 0
github.com/pintuotuo/backend/handlers/order_and_group.go:333.2,334.16 2 0
github.com/pintuotuo/backend/handlers/order_and_group.go:334.16,335.50 1 0
github.com/pintuotuo/backend/handlers/order_and_group.go:335.50,337.4 1 0
github.com/pintuotuo/backend/handlers/order_and_group.go:337.9,339.4 1 0
github.com/pintuotuo/backend/handlers/order_and_group.go:340.3,340.9 1 0
github.com/pintuotuo/backend/handlers/order_and_group.go:344.2,354.33 2 0
github.com/pintuotuo/backend/handlers/payment.go:22.27,23.27 1 0
github.com/pintuotuo/backend/handlers/payment.go:23.27,28.3 4 0
github.com/pintuotuo/backend/handlers/payment.go:33.38,37.13 3 0
github.com/pintuotuo/backend/handlers/payment.go:37.13,40.3 2 0
github.com/pintuotuo/backend/handlers/payment.go:42.2,43.47 2 0
github.com/pintuotuo/backend/handlers/payment.go:43.47,46.3 2 0
github.com/pintuotuo/backend/handlers/payment.go:48.2,49.9 2 0
github.com/pintuotuo/backend/handlers/payment.go:49.9,52.3 2 0
github.com/pintuotuo/backend/handlers/payment.go:54.2,56.16 3 0
github.com/pintuotuo/backend/handlers/payment.go:56.16,57.50 1 0
github.com/pintuotuo/backend/handlers/payment.go:57.50,59.4 1 0
github.com/pintuotuo/backend/handlers/payment.go:59.9,61.4 1 0
github.com/pintuotuo/backend/handlers/payment.go:62.3,62.9 1 0
github.com/pintuotuo/backend/handlers/payment.go:65.2,65.31 1 0
github.com/pintuotuo/backend/handlers/payment.go:70.37,74.13 3 0
github.com/pintuotuo/backend/handlers/payment.go:74.13,77.3 2 0
github.com/pintuotuo/backend/handlers/payment.go:79.2,80.16 2 0
github.com/pintuotuo/backend/handlers/payment.go:80.16,83.3 2 0
github.com/pintuotuo/backend/handlers/payment.go:85.2,86.9 2 0
github.com/pintuotuo/backend/handlers/payment.go:86.9,89.3 2 0
github.com/pintuotuo/backend/handlers/payment.go:91.2,93.16 3 0
github.com/pintuotuo/backend/handlers/payment.go:93.16,94.50 1 0
github.com/pintuotuo/backend/handlers/payment.go:94.50,96.4 1 0
github.com/pintuotuo/backend/handlers/payment.go:96.9,98.4 1 0
github.com/pintuotuo/backend/handlers/payment.go:99.3,99.9 1 0
github.com/pintuotuo/backend/handlers/payment.go:102.2,102.26 1 0
github.com/pintuotuo/backend/handlers/payment.go:107.35,111.13 3 0
github.com/pintuotuo/backend/handlers/payment.go:111.13,114.3 2 0
github.com/pintuotuo/backend/handlers/payment.go:116.2,117.35 2 0
github.com/pintuotuo/backend/handlers/payment.go:117.35,118.63 1 0
github.com/pintuotuo/backend/handlers/payment.go:118.63,120.4 1 0
github.com/pintuotuo/backend/handlers/payment.go:123.2,124.41 2 0
github.com/pintuotuo/backend/handlers/payment.go:124.41,125.81 1 0
github.com/pintuotuo/backend/handlers/payment.go:125.81,127.4 1 0
github.com/pintuotuo/backend/handlers/payment.go:130.2,134.9 4 0
github.com/pintuotuo/backend/handlers/payment.go:134.9,137.3 2 0
github.com/pintuotuo/backend/handlers/payment.go:139.2,148.16 4 0
github.com/pintuotuo/backend/handlers/payment.go:148.16,149.50 1 0
github.com/pintuotuo/backend/handlers/payment.go:149.50,151.4 1 0
github.com/pintuotuo/backend/handlers/payment.go:151.9,153.4 1 0
github.com/pintuotuo/backend/handlers/payment.go:154.3,154.9 1 0
github.com/pintuotuo/backend/handlers/payment.go:157.2,157.31 1 0
github.com/pintuotuo/backend/handlers/payment.go:162.36,166.13 3 0
github.com/pintuotuo/backend/handlers/payment.go:166.13,169.3 2 0
github.com/pintuotuo/backend/handlers/payment.go:171.2,172.16 2 0
github.com/pintuotuo/backend/handlers/payment.go:172.16,175.3 2 0
github.com/pintuotuo/backend/handlers/payment.go:177.2,181.47 2 0
github.com/pintuotuo/backend/handlers/payment.go:181.47,184.3 2 0
github.com/pintuotuo/backend/handlers/payment.go:186.2,187.9 2 0
github.com/pintuotuo/backend/handlers/payment.go:187.9,190.3 2 0
github.com/pintuotuo/backend/handlers/payment.go:192.2,194.16 3 0
github.com/pintuotuo/backend/handlers/payment.go:194.16,195.50 1 0
github.com/pintuotuo/backend/handlers/payment.go:195.50,197.4 1 0
github.com/pintuotuo/backend/handlers/payment.go:197.9,199.4 1 0
github.com/pintuotuo/backend/handlers/payment.go:200.3,200.9 1 0
github.com/pintuotuo/backend/handlers/payment.go:203.2,203.26 1 0
github.com/pintuotuo/backend/handlers/payment.go:208.43,212.51 3 0
github.com/pintuotuo/backend/handlers/payment.go:212.51,215.3 2 0
github.com/pintuotuo/backend/handlers/payment.go:217.2,219.16 3 0
github.com/pintuotuo/backend/handlers/payment.go:219.16,220.50 1 0
github.com/pintuotuo/backend/handlers/payment.go:220.50,222.4 1 0
github.com/pintuotuo/backend/handlers/payment.go:222.9,224.4 1 0
github.com/pintuotuo/backend/handlers/payment.go:225.3,225.9 1 0
github.com/pintuotuo/backend/handlers/payment.go:228.2,231.4 1 0
github.com/pintuotuo/backend/handlers/payment.go:236.43,240.51 3 0
github.com/pintuotuo/backend/handlers/payment.go:240.51,243.3 2 0
github.com/pintuotuo/backend/handlers/payment.go:245.2,247.16 3 0
github.com/pintuotuo/backend/handlers/payment.go:247.16,248.50 1 0
github.com/pintuotuo/backend/handlers/payment.go:248.50,250.4 1 0
github.com/pintuotuo/backend/handlers/payment.go:250.9,252.4 1 0
github.com/pintuotuo/backend/handlers/payment.go:253.3,253.9 1 0
github.com/pintuotuo/backend/handlers/payment.go:256.2,259.4 1 0
github.com/pintuotuo/backend/handlers/payment.go:264.41,268.16 3 0
github.com/pintuotuo/backend/handlers/payment.go:268.16,271.3 2 0
github.com/pintuotuo/backend/handlers/payment.go:273.2,274.18 2 0
github.com/pintuotuo/backend/handlers/payment.go:274.18,276.3 1 0
github.com/pintuotuo/backend/handlers/payment.go:278.2,280.16 3 0
github.com/pintuotuo/backend/handlers/payment.go:280.16,281.50 1 0
github.com/pintuotuo/backend/handlers/payment.go:281.50,283.4 1 0
github.com/pintuotuo/backend/handlers/payment.go:283.9,285.4 1 0
github.com/pintuotuo/backend/handlers/payment.go:286.3,286.9 1 0
github.com/pintuotuo/backend/handlers/payment.go:289.2,289.32 1 0
github.com/pintuotuo/backend/handlers/product.go:19.27,20.27 1 1
github.com/pintuotuo/backend/handlers/product.go:20.27,23.3 2 1
github.com/pintuotuo/backend/handlers/product.go:27.35,44.16 9 0
github.com/pintuotuo/backend/handlers/product.go:44.16,45.50 1 0
github.com/pintuotuo/backend/handlers/product.go:45.50,47.4 1 0
github.com/pintuotuo/backend/handlers/product.go:47.9,49.4 1 0
github.com/pintuotuo/backend/handlers/product.go:50.3,50.9 1 0
github.com/pintuotuo/backend/handlers/product.go:53.2,53.31 1 0
github.com/pintuotuo/backend/handlers/product.go:57.37,62.16 4 1
github.com/pintuotuo/backend/handlers/product.go:62.16,65.3 2 1
github.com/pintuotuo/backend/handlers/product.go:67.2,68.16 2 1
github.com/pintuotuo/backend/handlers/product.go:68.16,69.50 1 1
github.com/pintuotuo/backend/handlers/product.go:69.50,71.4 1 1
github.com/pintuotuo/backend/handlers/product.go:71.9,73.4 1 0
github.com/pintuotuo/backend/handlers/product.go:74.3,74.9 1 1
github.com/pintuotuo/backend/handlers/product.go:78.2,78.55 1 0
github.com/pintuotuo/backend/handlers/product.go:82.37,99.16 9 0
github.com/pintuotuo/backend/handlers/product.go:99.16,100.50 1 0
github.com/pintuotuo/backend/handlers/product.go:100.50,102.4 1 0
github.com/pintuotuo/backend/handlers/product.go:102.9,104.4 1 0
github.com/pintuotuo/backend/handlers/product.go:105.3,105.9 1 0
github.com/pintuotuo/backend/handlers/product.go:108.2,108.31 1 0
github.com/pintuotuo/backend/handlers/product.go:112.36,116.13 3 0
github.com/pintuotuo/backend/handlers/product.go:116.13,119.3 2 0
github.com/pintuotuo/backend/handlers/product.go:121.2,122.47 2 0
github.com/pintuotuo/backend/handlers/product.go:122.47,125.3 2 0
github.com/pintuotuo/backend/handlers/product.go:127.2,128.9 2 0
github.com/pintuotuo/backend/handlers/product.go:128.9,131.3 2 0
github.com/pintuotuo/backend/handlers/product.go:133.2,134.16 2 0
github.com/pintuotuo/backend/handlers/product.go:134.16,135.50 1 0
github.com/pintuotuo/backend/handlers/product.go:135.50,137.4 1 0
github.com/pintuotuo/backend/handlers/product.go:137.9,144.4 1 0
github.com/pintuotuo/backend/handlers/product.go:145.3,145.9 1 0
github.com/pintuotuo/backend/handlers/product.go:148.2,148.60 1 0
github.com/pintuotuo/backend/handlers/product.go:152.36,156.13 3 0
github.com/pintuotuo/backend/handlers/product.go:156.13,159.3 2 0
github.com/pintuotuo/backend/handlers/product.go:161.2,163.16 3 0
github.com/pintuotuo/backend/handlers/product.go:163.16,166.3 2 0
github.com/pintuotuo/backend/handlers/product.go:168.2,169.47 2 0
github.com/pintuotuo/backend/handlers/product.go:169.47,172.3 2 0
github.com/pintuotuo/backend/handlers/product.go:174.2,175.9 2 0
github.com/pintuotuo/backend/handlers/product.go:175.9,178.3 2 0
github.com/pintuotuo/backend/handlers/product.go:180.2,181.16 2 0
github.com/pintuotuo/backend/handlers/product.go:181.16,182.50 1 0
github.com/pintuotuo/backend/handlers/product.go:182.50,184.4 1 0
github.com/pintuotuo/backend/handlers/product.go:184.9,191.4 1 0
github.com/pintuotuo/backend/handlers/product.go:192.3,192.9 1 0
github.com/pintuotuo/backend/handlers/product.go:195.2,195.55 1 0
github.com/pintuotuo/backend/handlers/product.go:199.36,203.13 3 0
github.com/pintuotuo/backend/handlers/product.go:203.13,206.3 2 0
github.com/pintuotuo/backend/handlers/product.go:208.2,210.16 3 0
github.com/pintuotuo/backend/handlers/product.go:210.16,213.3 2 0
github.com/pintuotuo/backend/handlers/product.go:215.2,216.9 2 0
github.com/pintuotuo/backend/handlers/product.go:216.9,219.3 2 0
github.com/pintuotuo/backend/handlers/product.go:221.2,222.16 2 0
github.com/pintuotuo/backend/handlers/product.go:222.16,223.50 1 0
github.com/pintuotuo/backend/handlers/product.go:223.50,225.4 1 0
github.com/pintuotuo/backend/handlers/product.go:225.9,232.4 1 0
github.com/pintuotuo/backend/handlers/product.go:233.3,233.9 1 0
github.com/pintuotuo/backend/handlers/product.go:236.2,236.73 1 0
github.com/pintuotuo/backend/handlers/product.go:240.29,243.2 2 0
github.com/pintuotuo/backend/handlers/product.go:246.57,259.2 1 0
github.com/pintuotuo/backend/handlers/token.go:20.25,21.26 1 0
github.com/pintuotuo/backend/handlers/token.go:21.26,24.4 2 0
github.com/pintuotuo/backend/handlers/token.go:29.33,33.14 3 0
github.com/pintuotuo/backend/handlers/token.go:33.14,36.4 2 0
github.com/pintuotuo/backend/handlers/token.go:38.3,39.10 2 0
github.com/pintuotuo/backend/handlers/token.go:39.10,42.4 2 0
github.com/pintuotuo/backend/handlers/token.go:44.3,46.17 3 0
github.com/pintuotuo/backend/handlers/token.go:46.17,47.52 1 0
github.com/pintuotuo/backend/handlers/token.go:47.52,49.6 1 0
github.com/pintuotuo/backend/handlers/token.go:49.11,51.6 1 0
github.com/pintuotuo/backend/handlers/token.go:52.5,52.11 1 0
github.com/pintuotuo/backend/handlers/token.go:55.3,55.33 1 0
github.com/pintuotuo/backend/handlers/token.go:60.38,64.14 3 0
github.com/pintuotuo/backend/handlers/token.go:64.14,67.4 2 0
github.com/pintuotuo/backend/handlers/token.go:69.3,70.10 2 0
github.com/pintuotuo/backend/handlers/token.go:70.10,73.4 2 0
github.com/pintuotuo/backend/handlers/token.go:75.3,77.17 3 0
github.com/pintuotuo/backend/handlers/token.go:77.17,78.52 1 0
github.com/pintuotuo/backend/handlers/token.go:78.52,80.6 1 0
github.com/pintuotuo/backend/handlers/token.go:80.11,82.6 1 0
github.com/pintuotuo/backend/handlers/token.go:83.5,83.11 1 0
github.com/pintuotuo/backend/handlers/token.go:86.3,86.62 1 0
github.com/pintuotuo/backend/handlers/token.go:91.37,95.14 3 0
github.com/pintuotuo/backend/handlers/token.go:95.14,98.4 2 0
github.com/pintuotuo/backend/handlers/token.go:100.3,101.10 2 0
github.com/pintuotuo/backend/handlers/token.go:101.10,104.4 2 0
github.com/pintuotuo/backend/handlers/token.go:107.3,110.48 3 0
github.com/pintuotuo/backend/handlers/token.go:110.48,111.61 1 0
github.com/pintuotuo/backend/handlers/token.go:111.61,113.6 1 0
github.com/pintuotuo/backend/handlers/token.go:116.3,116.61 1 0
github.com/pintuotuo/backend/handlers/token.go:116.61,117.80 1 0
github.com/pintuotuo/backend/handlers/token.go:117.80,119.6 1 0
github.com/pintuotuo/backend/handlers/token.go:122.3,129.17 3 0
github.com/pintuotuo/backend/handlers/token.go:129.17,130.52 1 0
github.com/pintuotuo/backend/handlers/token.go:130.52,132.6 1 0
github.com/pintuotuo/backend/handlers/token.go:132.11,134.6 1 0
github.com/pintuotuo/backend/handlers/token.go:135.5,135.11 1 0
github.com/pintuotuo/backend/handlers/token.go:138.3,138.32 1 0
github.com/pintuotuo/backend/handlers/token.go:143.39,147.14 3 0
github.com/pintuotuo/backend/handlers/token.go:147.14,150.4 2 0
github.com/pintuotuo/backend/handlers/token.go:152.3,153.10 2 0
github.com/pintuotuo/backend/handlers/token.go:153.10,156.4 2 0
github.com/pintuotuo/backend/handlers/token.go:159.3,162.51 3 0
github.com/pintuotuo/backend/handlers/token.go:162.51,163.74 1 0
github.com/pintuotuo/backend/handlers/token.go:163.74,165.6 1 0
github.com/pintuotuo/backend/handlers/token.go:168.3,175.17 3 0
github.com/pintuotuo/backend/handlers/token.go:175.17,176.52 1 0
github.com/pintuotuo/backend/handlers/token.go:176.52,178.6 1 0
github.com/pintuotuo/backend/handlers/token.go:178.11,180.6 1 0
github.com/pintuotuo/backend/handlers/token.go:181.5,181.11 1 0
github.com/pintuotuo/backend/handlers/token.go:184.3,187.5 1 0
github.com/pintuotuo/backend/handlers/token.go:192.37,197.37 3 0
github.com/pintuotuo/backend/handlers/token.go:197.37,200.4 2 0
github.com/pintuotuo/backend/handlers/token.go:202.3,203.48 2 0
github.com/pintuotuo/backend/handlers/token.go:203.48,206.4 2 0
github.com/pintuotuo/backend/handlers/token.go:208.3,210.17 3 0
github.com/pintuotuo/backend/handlers/token.go:210.17,211.52 1 0
github.com/pintuotuo/backend/handlers/token.go:211.52,213.6 1 0
github.com/pintuotuo/backend/handlers/token.go:213.11,215.6 1 0
github.com/pintuotuo/backend/handlers/token.go:216.5,216.11 1 0
github.com/pintuotuo/backend/handlers/token.go:219.3,219.33 1 0
github.com/pintuotuo/backend/handlers/token.go:224.36,228.48 3 0
github.com/pintuotuo/backend/handlers/token.go:228.48,231.4 2 0
github.com/pintuotuo/backend/handlers/token.go:233.3,235.17 3 0
github.com/pintuotuo/backend/handlers/token.go:235.17,236.52 1 0
github.com/pintuotuo/backend/handlers/token.go:236.52,238.6 1 0
github.com/pintuotuo/backend/handlers/token.go:238.11,240.6 1 0
github.com/pintuotuo/backend/handlers/token.go:241.5,241.11 1 0
github.com/pintuotuo/backend/handlers/token.go:244.3,244.33 1 0
github.com/pintuotuo/backend/handlers/token.go:249.37,253.14 3 0
github.com/pintuotuo/backend/handlers/token.go:253.14,256.4 2 0
github.com/pintuotuo/backend/handlers/token.go:258.3,259.10 2 0
github.com/pintuotuo/backend/handlers/token.go:259.10,262.4 2 0
github.com/pintuotuo/backend/handlers/token.go:264.3,269.48 2 0
github.com/pintuotuo/backend/handlers/token.go:269.48,272.4 2 0
github.com/pintuotuo/backend/handlers/token.go:274.3,282.17 4 0
github.com/pintuotuo/backend/handlers/token.go:282.17,283.52 1 0
github.com/pintuotuo/backend/handlers/token.go:283.52,285.6 1 0
github.com/pintuotuo/backend/handlers/token.go:285.11,287.6 1 0
github.com/pintuotuo/backend/handlers/token.go:288.5,288.11 1 0
github.com/pintuotuo/backend/handlers/token.go:291.3,291.65 1 0
github.com/pintuotuo/backend/services/group/errors.go:79.78,80.49 1 0
github.com/pintuotuo/backend/services/group/errors.go:80.49,82.3 1 0
github.com/pintuotuo/backend/services/group/errors.go:84.2,89.3 1 0
github.com/pintuotuo/backend/services/group/service.go:34.57,35.19 1 1
github.com/pintuotuo/backend/services/group/service.go:35.19,37.3 1 0
github.com/pintuotuo/backend/services/group/service.go:39.2,42.3 1 1
github.com/pintuotuo/backend/services/group/service.go:46.104,48.21 1 1
github.com/pintuotuo/backend/services/group/service.go:48.21,50.3 1 1
github.com/pintuotuo/backend/services/group/service.go:51.2,51.48 1 1
github.com/pintuotuo/backend/services/group/service.go:51.48,53.3 1 1
github.com/pintuotuo/backend/services/group/service.go:54.2,54.25 1 1
github.com/pintuotuo/backend/services/group/service.go:54.25,56.3 1 0
github.com/pintuotuo/backend/services/group/service.go:59.2,60.61 2 1
github.com/pintuotuo/backend/services/group/service.go:60.61,62.69 2 1
github.com/pintuotuo/backend/services/group/service.go:62.69,64.4 1 1
github.com/pintuotuo/backend/services/group/service.go:68.2,73.28 4 1
github.com/pintuotuo/backend/services/group/service.go:73.28,79.3 1 0
github.com/pintuotuo/backend/services/group/service.go:79.8,85.3 1 1
github.com/pintuotuo/backend/services/group/service.go:87.2,87.16 1 1
github.com/pintuotuo/backend/services/group/service.go:87.16,89.3 1 0
github.com/pintuotuo/backend/services/group/service.go:90.2,93.18 3 1
github.com/pintuotuo/backend/services/group/service.go:93.18,96.17 3 1
github.com/pintuotuo/backend/services/group/service.go:96.17,98.4 1 0
github.com/pintuotuo/backend/services/group/service.go:99.3,99.29 1 1
github.com/pintuotuo/backend/services/group/service.go:103.2,104.28 2 1
github.com/pintuotuo/backend/services/group/service.go:104.28,106.3 1 0
github.com/pintuotuo/backend/services/group/service.go:106.8,108.3 1 1
github.com/pintuotuo/backend/services/group/service.go:110.2,118.57 2 1
github.com/pintuotuo/backend/services/group/service.go:118.57,120.3 1 1
github.com/pintuotuo/backend/services/group/service.go:122.2,123.20 2 1
github.com/pintuotuo/backend/services/group/service.go:127.82,135.16 3 1
github.com/pintuotuo/backend/services/group/service.go:135.16,136.27 1 1
github.com/pintuotuo/backend/services/group/service.go:136.27,138.4 1 1
github.com/pintuotuo/backend/services/group/service.go:139.3,139.54 1 0
github.com/pintuotuo/backend/services/group/service.go:142.2,142.20 1 1
github.com/pintuotuo/backend/services/group/service.go:146.94,154.16 3 1
github.com/pintuotuo/backend/services/group/service.go:154.16,155.27 1 0
github.com/pintuotuo/backend/services/group/service.go:155.27,157.4 1 0
github.com/pintuotuo/backend/services/group/service.go:158.3,158.58 1 0
github.com/pintuotuo/backend/services/group/service.go:162.2,162.30 1 1
github.com/pintuotuo/backend/services/group/service.go:162.30,164.3 1 1
github.com/pintuotuo/backend/services/group/service.go:167.2,168.35 2 1
github.com/pintuotuo/backend/services/group/service.go:168.35,170.3 1 0
github.com/pintuotuo/backend/services/group/service.go:170.8,173.3 2 1
github.com/pintuotuo/backend/services/group/service.go:175.2,175.23 1 1
github.com/pintuotuo/backend/services/group/service.go:179.108,181.26 1 1
github.com/pintuotuo/backend/services/group/service.go:181.26,183.3 1 1
github.com/pintuotuo/backend/services/group/service.go:184.2,184.37 1 1
github.com/pintuotuo/backend/services/group/service.go:184.37,186.3 1 1
github.com/pintuotuo/backend/services/group/service.go:189.2,191.16 3 1
github.com/pintuotuo/backend/services/group/service.go:191.16,192.27 1 0
github.com/pintuotuo/backend/services/group/service.go:192.27,194.4 1 0
github.com/pintuotuo/backend/services/group/service.go:195.3,195.61 1 0
github.com/pintuotuo/backend/services/group/service.go:199.2,206.16 3 1
github.com/pintuotuo/backend/services/group/service.go:206.16,208.3 1 0
github.com/pintuotuo/backend/services/group/service.go:211.2,214.20 3 1
github.com/pintuotuo/backend/services/group/service.go:218.101,229.16 4 1
github.com/pintuotuo/backend/services/group/service.go:229.16,230.27 1 0
github.com/pintuotuo/backend/services/group/service.go:230.27,232.4 1 0
github.com/pintuotuo/backend/services/group/service.go:233.3,233.54 1 0
github.com/pintuotuo/backend/services/group/service.go:237.2,237.30 1 1
github.com/pintuotuo/backend/services/group/service.go:237.30,239.3 1 1
github.com/pintuotuo/backend/services/group/service.go:242.2,242.45 1 1
github.com/pintuotuo/backend/services/group/service.go:242.45,244.3 1 1
github.com/pintuotuo/backend/services/group/service.go:247.2,247.38 1 1
github.com/pintuotuo/backend/services/group/service.go:247.38,249.3 1 1
github.com/pintuotuo/backend/services/group/service.go:252.2,258.16 2 1
github.com/pintuotuo/backend/services/group/service.go:258.16,259.27 1 0
github.com/pintuotuo/backend/services/group/service.go:259.27,261.4 1 0
github.com/pintuotuo/backend/services/group/service.go:262.3,262.56 1 0
github.com/pintuotuo/backend/services/group/service.go:266.2,267.16 2 1
github.com/pintuotuo/backend/services/group/service.go:267.16,269.3 1 0
github.com/pintuotuo/backend/services/group/service.go:270.2,280.16 4 1
github.com/pintuotuo/backend/services/group/service.go:280.16,282.3 1 0
github.com/pintuotuo/backend/services/group/service.go:285.2,291.16 2 1
github.com/pintuotuo/backend/services/group/service.go:291.16,293.3 1 0
github.com/pintuotuo/backend/services/group/service.go:296.2,298.35 3 1
github.com/pintuotuo/backend/services/group/service.go:298.35,300.3 1 1
github.com/pintuotuo/backend/services/group/service.go:302.2,308.16 2 1
github.com/pintuotuo/backend/services/group/service.go:308.16,310.3 1 0
github.com/pintuotuo/backend/services/group/service.go:313.2,313.36 1 1
github.com/pintuotuo/backend/services/group/service.go:313.36,315.3 1 0
github.com/pintuotuo/backend/services/group/service.go:318.2,326.20 4 1
github.com/pintuotuo/backend/services/group/service.go:330.86,341.16 4 1
github.com/pintuotuo/backend/services/group/service.go:341.16,342.27 1 1
github.com/pintuotuo/backend/services/group/service.go:342.27,344.4 1 1
github.com/pintuotuo/backend/services/group/service.go:345.3,345.51 1 0
github.com/pintuotuo/backend/services/group/service.go:349.2,349.34 1 1
github.com/pintuotuo/backend/services/group/service.go:349.34,351.3 1 1
github.com/pintuotuo/backend/services/group/service.go:354.2,354.52 1 1
github.com/pintuotuo/backend/services/group/service.go:354.52,356.3 1 0
github.com/pintuotuo/backend/services/group/service.go:359.2,365.16 2 1
github.com/pintuotuo/backend/services/group/service.go:365.16,367.3 1 0
github.com/pintuotuo/backend/services/group/service.go:370.2,373.12 3 1
github.com/pintuotuo/backend/services/order/errors.go:67.78,68.49 1 0
github.com/pintuotuo/backend/services/order/errors.go:68.49,70.3 1 0
github.com/pintuotuo/backend/services/order/errors.go:72.2,77.3 1 0
github.com/pintuotuo/backend/services/order/service.go:33.57,34.19 1 1
github.com/pintuotuo/backend/services/order/service.go:34.19,36.3 1 0
github.com/pintuotuo/backend/services/order/service.go:38.2,41.3 1 1
github.com/pintuotuo/backend/services/order/service.go:45.105,47.23 1 1
github.com/pintuotuo/backend/services/order/service.go:47.23,49.3 1 1
github.com/pintuotuo/backend/services/order/service.go:52.2,61.16 4 1
github.com/pintuotuo/backend/services/order/service.go:61.16,62.27 1 1
github.com/pintuotuo/backend/services/order/service.go:62.27,64.4 1 1
github.com/pintuotuo/backend/services/order/service.go:65.3,65.58 1 0
github.com/pintuotuo/backend/services/order/service.go:69.2,69.33 1 1
github.com/pintuotuo/backend/services/order/service.go:69.33,71.3 1 1
github.com/pintuotuo/backend/services/order/service.go:74.2,78.22 3 1
github.com/pintuotuo/backend/services/order/service.go:78.22,80.3 1 1
github.com/pintuotuo/backend/services/order/service.go:80.8,82.3 1 1
github.com/pintuotuo/backend/services/order/service.go:84.2,92.22 4 1
github.com/pintuotuo/backend/services/order/service.go:92.22,94.3 1 1
github.com/pintuotuo/backend/services/order/service.go:96.2,96.16 1 1
github.com/pintuotuo/backend/services/order/service.go:96.16,98.3 1 0
github.com/pintuotuo/backend/services/order/service.go:101.2,104.20 3 1
github.com/pintuotuo/backend/services/order/service.go:108.116,110.21 1 1
github.com/pintuotuo/backend/services/order/service.go:110.21,112.3 1 1
github.com/pintuotuo/backend/services/order/service.go:113.2,113.48 1 1
github.com/pintuotuo/backend/services/order/service.go:113.48,115.3 1 1
github.com/pintuotuo/backend/services/order/service.go:118.2,123.51 4 1
github.com/pintuotuo/backend/services/order/service.go:123.51,129.3 1 1
github.com/pintuotuo/backend/services/order/service.go:129.8,135.3 1 1
github.com/pintuotuo/backend/services/order/service.go:137.2,137.16 1 1
github.com/pintuotuo/backend/services/order/service.go:137.16,139.3 1 0
github.com/pintuotuo/backend/services/order/service.go:140.2,143.18 3 1
github.com/pintuotuo/backend/services/order/service.go:143.18,147.17 4 1
github.com/pintuotuo/backend/services/order/service.go:147.17,149.4 1 0
github.com/pintuotuo/backend/services/order/service.go:150.3,150.20 1 1
github.com/pintuotuo/backend/services/order/service.go:150.20,152.4 1 0
github.com/pintuotuo/backend/services/order/service.go:153.3,153.29 1 1
github.com/pintuotuo/backend/services/order/service.go:157.2,158.51 2 1
github.com/pintuotuo/backend/services/order/service.go:158.51,160.3 1 1
github.com/pintuotuo/backend/services/order/service.go:160.8,162.3 1 1
github.com/pintuotuo/backend/services/order/service.go:164.2,172.20 3 1
github.com/pintuotuo/backend/services/order/service.go:176.94,185.16 4 1
github.com/pintuotuo/backend/services/order/service.go:185.16,186.27 1 1
github.com/pintuotuo/backend/services/order/service.go:186.27,188.4 1 1
github.com/pintuotuo/backend/services/order/service.go:189.3,189.54 1 0
github.com/pintuotuo/backend/services/order/service.go:192.2,192.19 1 1
github.com/pintuotuo/backend/services/order/service.go:192.19,194.3 1 0
github.com/pintuotuo/backend/services/order/service.go:196.2,196.20 1 1
github.com/pintuotuo/backend/services/order/service.go:200.102,201.18 1 1
github.com/pintuotuo/backend/services/order/service.go:201.18,203.3 1 1
github.com/pintuotuo/backend/services/order/service.go:205.2,211.16 2 1
github.com/pintuotuo/backend/services/order/service.go:211.16,213.3 1 0
github.com/pintuotuo/backend/services/order/service.go:214.2,217.18 3 1
github.com/pintuotuo/backend/services/order/service.go:217.18,221.17 4 1
github.com/pintuotuo/backend/services/order/service.go:221.17,223.4 1 0
github.com/pintuotuo/backend/services/order/service.go:224.3,224.20 1 1
github.com/pintuotuo/backend/services/order/service.go:224.20,226.4 1 0
github.com/pintuotuo/backend/services/order/service.go:227.3,227.29 1 1
github.com/pintuotuo/backend/services/order/service.go:230.2,231.20 2 1
github.com/pintuotuo/backend/services/order/service.go:235.93,244.16 3 1
github.com/pintuotuo/backend/services/order/service.go:244.16,245.27 1 1
github.com/pintuotuo/backend/services/order/service.go:245.27,247.4 1 1
github.com/pintuotuo/backend/services/order/service.go:248.3,248.58 1 0
github.com/pintuotuo/backend/services/order/service.go:252.2,252.32 1 1
github.com/pintuotuo/backend/services/order/service.go:252.32,254.3 1 1
github.com/pintuotuo/backend/services/order/service.go:257.2,265.16 4 1
github.com/pintuotuo/backend/services/order/service.go:265.16,267.3 1 0
github.com/pintuotuo/backend/services/order/service.go:269.2,269.19 1 1
github.com/pintuotuo/backend/services/order/service.go:269.19,271.3 1 0
github.com/pintuotuo/backend/services/order/service.go:274.2,277.20 3 1
github.com/pintuotuo/backend/services/order/service.go:281.117,291.31 2 1
github.com/pintuotuo/backend/services/order/service.go:291.31,293.3 1 1
github.com/pintuotuo/backend/services/order/service.go:296.2,304.16 4 1
github.com/pintuotuo/backend/services/order/service.go:304.16,305.27 1 0
github.com/pintuotuo/backend/services/order/service.go:305.27,307.4 1 0
github.com/pintuotuo/backend/services/order/service.go:308.3,308.60 1 0
github.com/pintuotuo/backend/services/order/service.go:311.2,311.19 1 1
github.com/pintuotuo/backend/services/order/service.go:311.19,313.3 1 0
github.com/pintuotuo/backend/services/order/service.go:316.2,319.20 3 1
github.com/pintuotuo/backend/services/payment/errors.go:79.78,80.49 1 0
github.com/pintuotuo/backend/services/payment/errors.go:80.49,82.3 1 0
github.com/pintuotuo/backend/services/payment/errors.go:84.2,89.3 1 0
github.com/pintuotuo/backend/services/payment/service.go:44.113,45.19 1 1
github.com/pintuotuo/backend/services/payment/service.go:45.19,47.3 1 0
github.com/pintuotuo/backend/services/payment/service.go:49.2,49.25 1 1
github.com/pintuotuo/backend/services/payment/service.go:49.25,51.3 1 0
github.com/pintuotuo/backend/services/payment/service.go:53.2,58.3 1 1
github.com/pintuotuo/backend/services/payment/service.go:62.115,64.68 1 1
github.com/pintuotuo/backend/services/payment/service.go:64.68,66.3 1 1
github.com/pintuotuo/backend/services/payment/service.go:69.2,70.16 2 1
github.com/pintuotuo/backend/services/payment/service.go:70.16,72.3 1 1
github.com/pintuotuo/backend/services/payment/service.go:75.2,75.31 1 1
github.com/pintuotuo/backend/services/payment/service.go:75.31,76.60 1 1
github.com/pintuotuo/backend/services/payment/service.go:76.60,78.4 1 1
github.com/pintuotuo/backend/services/payment/service.go:79.3,79.32 1 0
github.com/pintuotuo/backend/services/payment/service.go:83.2,90.16 3 1
github.com/pintuotuo/backend/services/payment/service.go:90.16,93.3 1 0
github.com/pintuotuo/backend/services/payment/service.go:93.8,93.33 1 1
github.com/pintuotuo/backend/services/payment/service.go:93.33,96.3 2 0
github.com/pintuotuo/backend/services/payment/service.go:100.2,108.16 3 1
github.com/pintuotuo/backend/services/payment/service.go:108.16,111.3 2 0
github.com/pintuotuo/backend/services/payment/service.go:114.2,117.22 3 1
github.com/pintuotuo/backend/services/payment/service.go:121.100,124.64 2 1
github.com/pintuotuo/backend/services/payment/service.go:124.64,126.77 2 0
github.com/pintuotuo/backend/services/payment/service.go:126.77,128.32 1 0
github.com/pintuotuo/backend/services/payment/service.go:128.32,130.5 1 0
github.com/pintuotuo/backend/services/payment/service.go:131.4,131.24 1 0
github.com/pintuotuo/backend/services/payment/service.go:135.2,143.16 4 1
github.com/pintuotuo/backend/services/payment/service.go:143.16,144.27 1 1
github.com/pintuotuo/backend/services/payment/service.go:144.27,146.4 1 1
github.com/pintuotuo/backend/services/payment/service.go:147.3,148.57 2 0
github.com/pintuotuo/backend/services/payment/service.go:151.2,151.25 1 1
github.com/pintuotuo/backend/services/payment/service.go:151.25,154.3 2 0
github.com/pintuotuo/backend/services/payment/service.go:157.2,159.22 2 1
github.com/pintuotuo/backend/services/payment/service.go:163.103,169.16 2 1
github.com/pintuotuo/backend/services/payment/service.go:169.16,172.3 2 0
github.com/pintuotuo/backend/services/payment/service.go:173.2,176.18 3 1
github.com/pintuotuo/backend/services/payment/service.go:176.18,180.17 4 1
github.com/pintuotuo/backend/services/payment/service.go:180.17,183.4 2 0
github.com/pintuotuo/backend/services/payment/service.go:184.3,184.26 1 1
github.com/pintuotuo/backend/services/payment/service.go:184.26,187.4 2 0
github.com/pintuotuo/backend/services/payment/service.go:188.3,188.39 1 1
github.com/pintuotuo/backend/services/payment/service.go:191.2,191.34 1 1
github.com/pintuotuo/backend/services/payment/service.go:191.34,194.3 2 0
github.com/pintuotuo/backend/services/payment/service.go:196.2,196.22 1 1
github.com/pintuotuo/backend/services/payment/service.go:200.121,202.21 1 1
github.com/pintuotuo/backend/services/payment/service.go:202.21,204.3 1 0
github.com/pintuotuo/backend/services/payment/service.go:205.2,205.48 1 1
github.com/pintuotuo/backend/services/payment/service.go:205.48,207.3 1 0
github.com/pintuotuo/backend/services/payment/service.go:209.2,216.25 5 1
github.com/pintuotuo/backend/services/payment/service.go:216.25,220.3 3 1
github.com/pintuotuo/backend/services/payment/service.go:222.2,222.25 1 1
github.com/pintuotuo/backend/services/payment/service.go:222.25,226.3 3 1
github.com/pintuotuo/backend/services/payment/service.go:229.2,231.16 3 1
github.com/pintuotuo/backend/services/payment/service.go:231.16,234.3 2 0
github.com/pintuotuo/backend/services/payment/service.go:237.2,242.16 5 1
github.com/pintuotuo/backend/services/payment/service.go:242.16,245.3 2 0
github.com/pintuotuo/backend/services/payment/service.go:246.2,249.18 3 1
github.com/pintuotuo/backend/services/payment/service.go:249.18,253.17 4 1
github.com/pintuotuo/backend/services/payment/service.go:253.17,256.4 2 0
github.com/pintuotuo/backend/services/payment/service.go:257.3,257.26 1 1
github.com/pintuotuo/backend/services/payment/service.go:257.26,260.4 2 1
github.com/pintuotuo/backend/services/payment/service.go:261.3,261.39 1 1
github.com/pintuotuo/backend/services/payment/service.go:264.2,264.34 1 1
github.com/pintuotuo/backend/services/payment/service.go:264.34,267.3 2 0
github.com/pintuotuo/backend/services/payment/service.go:269.2,274.8 1 1
github.com/pintuotuo/backend/services/payment/service.go:278.104,284.16 2 1
github.com/pintuotuo/backend/services/payment/service.go:284.16,287.3 2 1
github.com/pintuotuo/backend/services/payment/service.go:290.2,298.16 4 1
github.com/pintuotuo/backend/services/payment/service.go:298.16,299.27 1 0
github.com/pintuotuo/backend/services/payment/service.go:299.27,301.4 1 0
github.com/pintuotuo/backend/services/payment/service.go:302.3,303.63 2 0
github.com/pintuotuo/backend/services/payment/service.go:307.2,307.61 1 1
github.com/pintuotuo/backend/services/payment/service.go:307.61,317.17 4 1
github.com/pintuotuo/backend/services/payment/service.go:317.17,319.4 1 0
github.com/pintuotuo/backend/services/payment/service.go:321.3,321.26 1 1
github.com/pintuotuo/backend/services/payment/service.go:321.26,324.4 2 1
github.com/pintuotuo/backend/services/payment/service.go:325.3,325.23 1 1
github.com/pintuotuo/backend/services/payment/service.go:329.2,330.87 2 1
github.com/pintuotuo/backend/services/payment/service.go:330.87,332.3 1 1
github.com/pintuotuo/backend/services/payment/service.go:334.2,342.16 4 1
github.com/pintuotuo/backend/services/payment/service.go:342.16,345.3 2 0
github.com/pintuotuo/backend/services/payment/service.go:347.2,347.25 1 1
github.com/pintuotuo/backend/services/payment/service.go:347.25,350.3 2 1
github.com/pintuotuo/backend/services/payment/service.go:353.2,353.28 1 1
github.com/pintuotuo/backend/services/payment/service.go:353.28,356.17 2 1
github.com/pintuotuo/backend/services/payment/service.go:356.17,359.4 1 0
github.com/pintuotuo/backend/services/payment/service.go:362.3,362.28 1 1
github.com/pintuotuo/backend/services/payment/service.go:362.28,370.18 3 1
github.com/pintuotuo/backend/services/payment/service.go:370.18,373.5 1 0
github.com/pintuotuo/backend/services/payment/service.go:378.2,382.22 4 1
github.com/pintuotuo/backend/services/payment/service.go:386.104,392.16 2 1
github.com/pintuotuo/backend/services/payment/service.go:392.16,395.3 2 1
github.com/pintuotuo/backend/services/payment/service.go:398.2,406.16 4 1
github.com/pintuotuo/backend/services/payment/service.go:406.16,407.27 1 0
github.com/pintuotuo/backend/services/payment/service.go:407.27,409.4 1 0
github.com/pintuotuo/backend/services/payment/service.go:410.3,411.63 2 0
github.com/pintuotuo/backend/services/payment/service.go:415.2,415.61 1 1
github.com/pintuotuo/backend/services/payment/service.go:415.61,425.17 4 1
github.com/pintuotuo/backend/services/payment/service.go:425.17,427.4 1 0
github.com/pintuotuo/backend/services/payment/service.go:429.3,429.26 1 1
github.com/pintuotuo/backend/services/payment/service.go:429.26,432.4 2 1
github.com/pintuotuo/backend/services/payment/service.go:433.3,433.23 1 1
github.com/pintuotuo/backend/services/payment/service.go:437.2,438.37 2 1
github.com/pintuotuo/backend/services/payment/service.go:438.37,440.3 1 1
github.com/pintuotuo/backend/services/payment/service.go:442.2,450.16 4 1
github.com/pintuotuo/backend/services/payment/service.go:450.16,453.3 2 0
github.com/pintuotuo/backend/services/payment/service.go:455.2,455.25 1 1
github.com/pintuotuo/backend/services/payment/service.go:455.25,458.3 2 1
github.com/pintuotuo/backend/services/payment/service.go:461.2,461.28 1 1
github.com/pintuotuo/backend/services/payment/service.go:461.28,463.17 2 1
github.com/pintuotuo/backend/services/payment/service.go:463.17,466.4 1 0
github.com/pintuotuo/backend/services/payment/service.go:469.3,469.28 1 1
github.com/pintuotuo/backend/services/payment/service.go:469.28,477.18 3 1
github.com/pintuotuo/backend/services/payment/service.go:477.18,480.5 1 0
github.com/pintuotuo/backend/services/payment/service.go:485.2,489.22 4 1
github.com/pintuotuo/backend/services/payment/service.go:493.114,502.16 3 1
github.com/pintuotuo/backend/services/payment/service.go:502.16,503.27 1 1
github.com/pintuotuo/backend/services/payment/service.go:503.27,505.4 1 1
github.com/pintuotuo/backend/services/payment/service.go:506.3,507.56 2 0
github.com/pintuotuo/backend/services/payment/service.go:511.2,511.32 1 1
github.com/pintuotuo/backend/services/payment/service.go:511.32,513.3 1 1
github.com/pintuotuo/backend/services/payment/service.go:516.2,524.16 4 1
github.com/pintuotuo/backend/services/payment/service.go:524.16,527.3 2 0
github.com/pintuotuo/backend/services/payment/service.go:529.2,529.25 1 1
github.com/pintuotuo/backend/services/payment/service.go:529.25,532.3 2 1
github.com/pintuotuo/backend/services/payment/service.go:535.2,539.22 4 1
github.com/pintuotuo/backend/services/payment/service.go:543.116,559.40 5 1
github.com/pintuotuo/backend/services/payment/service.go:559.40,562.3 2 0
github.com/pintuotuo/backend/services/payment/service.go:565.2,572.26 5 1
[...]
github.com/pintuotuo/backend/services/token/service.go:110.20,112.4 1 0
github.com/pintuotuo/backend/services/token/service.go:114.3,114.27 1 1
github.com/pintuotuo/backend/services/token/service.go:114.27,116.4 1 0
github.com/pintuotuo/backend/services/token/service.go:117.3,117.22 1 1
github.com/pintuotuo/backend/services/token/service.go:117.22,119.4 1 0
github.com/pintuotuo/backend/services/token/service.go:121.3,131.17 4 1
github.com/pintuotuo/backend/services/token/service.go:131.17,134.4 2 0
github.com/pintuotuo/backend/services/token/service.go:137.3,144.17 3 1
github.com/pintuotuo/backend/services/token/service.go:144.17,147.4 2 0
github.com/pintuotuo/backend/services/token/service.go:148.3,151.19 3 1
github.com/pintuotuo/backend/services/token/service.go:151.19,154.19 3 1
github.com/pintuotuo/backend/services/token/service.go:154.19,157.6 2 0
github.com/pintuotuo/backend/services/token/service.go:158.5,158.44 1 1
github.com/pintuotuo/backend/services/token/service.go:161.3,161.35 1 1
github.com/pintuotuo/backend/services/token/service.go:161.35,164.4 2 0
github.com/pintuotuo/backend/services/token/service.go:166.3,171.9 1 1
github.com/pintuotuo/backend/services/token/service.go:175.123,176.18 1 1
github.com/pintuotuo/backend/services/token/service.go:176.18,178.4 1 0
github.com/pintuotuo/backend/services/token/service.go:180.3,180.20 1 1
github.com/pintuotuo/backend/services/token/service.go:180.20,182.4 1 1
github.com/pintuotuo/backend/services/token/service.go:184.3,184.24 1 1
github.com/pintuotuo/backend/services/token/service.go:184.24,186.4 1 0
github.com/pintuotuo/backend/services/token/service.go:188.3,191.24 3 1
github.com/pintuotuo/backend/services/token/service.go:191.24,194.4 2 0
github.com/pintuotuo/backend/services/token/service.go:196.3,200.17 4 1
github.com/pintuotuo/backend/services/token/service.go:200.17,203.4 2 0
github.com/pintuotuo/backend/services/token/service.go:204.3,207.19 3 1
github.com/pintuotuo/backend/services/token/service.go:207.19,210.19 3 1
github.com/pintuotuo/backend/services/token/service.go:210.19,213.6 2 0
github.com/pintuotuo/backend/services/token/service.go:214.5,214.44 1 1
github.com/pintuotuo/backend/services/token/service.go:217.3,217.35 1 1
github.com/pintuotuo/backend/services/token/service.go:217.35,220.4 2 0
github.com/pintuotuo/backend/services/token/service.go:222.3,222.27 1 1
github.com/pintuotuo/backend/services/token/service.go:226.106,227.17 1 1
github.com/pintuotuo/backend/services/token/service.go:227.17,229.4 1 0
github.com/pintuotuo/backend/services/token/service.go:231.3,231.22 1 1
github.com/pintuotuo/backend/services/token/service.go:231.22,233.4 1 0
github.com/pintuotuo/backend/services/token/service.go:235.3,235.22 1 1
github.com/pintuotuo/backend/services/token/service.go:235.22,237.4 1 1
github.com/pintuotuo/backend/services/token/service.go:239.3,239.23 1 1
github.com/pintuotuo/backend/services/token/service.go:239.23,241.4 1 1
github.com/pintuotuo/backend/services/token/service.go:244.3,245.17 2 1
github.com/pintuotuo/backend/services/token/service.go:245.17,248.4 2 0
github.com/pintuotuo/backend/services/token/service.go:249.3,261.17 4 1
github.com/pintuotuo/backend/services/token/service.go:261.17,262.29 1 0
github.com/pintuotuo/backend/services/token/service.go:262.29,265.6 2 0
github.com/pintuotuo/backend/services/token/service.go:266.5,267.37 2 0
github.com/pintuotuo/backend/services/token/service.go:271.3,278.17 2 1
github.com/pintuotuo/backend/services/token/service.go:278.17,281.4 2 0
github.com/pintuotuo/backend/services/token/service.go:283.3,283.37 1 1
github.com/pintuotuo/backend/services/token/service.go:283.37,286.4 2 0
github.com/pintuotuo/backend/services/token/service.go:289.3,292.23 3 1
github.com/pintuotuo/backend/services/token/service.go:296.104,297.17 1 1
github.com/pintuotuo/backend/services/token/service.go:297.17,299.4 1 0
github.com/pintuotuo/backend/services/token/service.go:301.3,301.22 1 1
github.com/pintuotuo/backend/services/token/service.go:301.22,303.4 1 0
github.com/pintuotuo/backend/services/token/service.go:305.3,305.22 1 1
github.com/pintuotuo/backend/services/token/service.go:305.22,307.4 1 0
github.com/pintuotuo/backend/services/token/service.go:309.3,309.23 1 1
github.com/pintuotuo/backend/services/token/service.go:309.23,311.4 1 0
github.com/pintuotuo/backend/services/token/service.go:314.3,315.17 2 1
github.com/pintuotuo/backend/services/token/service.go:315.17,318.4 2 0
github.com/pintuotuo/backend/services/token/service.go:319.3,329.17 4 1
github.com/pintuotuo/backend/services/token/service.go:329.17,330.29 1 0
github.com/pintuotuo/backend/services/token/service.go:330.29,333.6 2 0
github.com/pintuotuo/backend/services/token/service.go:334.5,335.37 2 0
github.com/pintuotuo/backend/services/token/service.go:338.3,338.34 1 1
github.com/pintuotuo/backend/services/token/service.go:338.34,341.4 2 1
github.com/pintuotuo/backend/services/token/service.go:344.3,353.17 3 1
github.com/pintuotuo/backend/services/token/service.go:353.17,356.4 2 0
github.com/pintuotuo/backend/services/token/service.go:359.3,366.17 2 1
github.com/pintuotuo/backend/services/token/service.go:366.17,369.4 2 0
github.com/pintuotuo/backend/services/token/service.go:371.3,371.37 1 1
github.com/pintuotuo/backend/services/token/service.go:371.37,374.4 2 0
github.com/pintuotuo/backend/services/token/service.go:377.3,380.23 3 1
github.com/pintuotuo/backend/services/token/service.go:384.89,385.17 1 1
github.com/pintuotuo/backend/services/token/service.go:385.17,387.4 1 0
github.com/pintuotuo/backend/services/token/service.go:389.3,389.48 1 1
github.com/pintuotuo/backend/services/token/service.go:389.48,391.4 1 0
github.com/pintuotuo/backend/services/token/service.go:393.3,393.22 1 1
github.com/pintuotuo/backend/services/token/service.go:393.22,395.4 1 0
github.com/pintuotuo/backend/services/token/service.go:397.3,397.38 1 1
github.com/pintuotuo/backend/services/token/service.go:397.38,399.4 1 1
github.com/pintuotuo/backend/services/token/service.go:402.3,403.17 2 1
github.com/pintuotuo/backend/services/token/service.go:403.17,406.4 2 0
github.com/pintuotuo/backend/services/token/service.go:407.3,417.17 4 1
github.com/pintuotuo/backend/services/token/service.go:417.17,418.29 1 0
github.com/pintuotuo/backend/services/token/service.go:418.29,421.6 2 0
github.com/pintuotuo/backend/services/token/service.go:422.5,423.32 2 0
github.com/pintuotuo/backend/services/token/service.go:426.3,426.33 1 1
github.com/pintuotuo/backend/services/token/service.go:426.33,429.4 2 1
github.com/pintuotuo/backend/services/token/service.go:432.3,439.37 3 1
github.com/pintuotuo/backend/services/token/service.go:439.37,442.4 2 0
github.com/pintuotuo/backend/services/token/service.go:445.3,451.17 2 1
github.com/pintuotuo/backend/services/token/service.go:451.17,454.4 2 0
github.com/pintuotuo/backend/services/token/service.go:457.3,463.17 2 1
github.com/pintuotuo/backend/services/token/service.go:463.17,466.4 2 0
github.com/pintuotuo/backend/services/token/service.go:469.3,475.17 2 1
github.com/pintuotuo/backend/services/token/service.go:475.17,478.4 2 0
github.com/pintuotuo/backend/services/token/service.go:481.3,487.17 2 1
github.com/pintuotuo/backend/services/token/service.go:487.17,490.4 2 0
github.com/pintuotuo/backend/services/token/service.go:492.3,492.37 1 1
github.com/pintuotuo/backend/services/token/service.go:492.37,495.4 2 0
github.com/pintuotuo/backend/services/token/service.go:498.3,501.13 3 1
github.com/pintuotuo/backend/services/token/service.go:505.96,506.18 1 1
github.com/pintuotuo/backend/services/token/service.go:506.18,508.4 1 0
github.com/pintuotuo/backend/services/token/service.go:510.3,520.17 3 1
github.com/pintuotuo/backend/services/token/service.go:520.17,523.4 2 0
github.com/pintuotuo/backend/services/token/service.go:525.3,525.23 1 1
github.com/pintuotuo/backend/services/token/service.go:529.119,530.18 1 1
github.com/pintuotuo/backend/services/token/service.go:530.18,532.4 1 0
github.com/pintuotuo/backend/services/token/service.go:534.3,534.19 1 1
github.com/pintuotuo/backend/services/token/service.go:534.19,536.4 1 0
github.com/pintuotuo/backend/services/token/service.go:538.3,539.17 2 1
github.com/pintuotuo/backend/services/token/service.go:539.17,542.4 2 0
github.com/pintuotuo/backend/services/token/service.go:543.3,550.16 5 1
github.com/pintuotuo/backend/services/token/service.go:550.16,553.4 2 1
github.com/pintuotuo/backend/services/token/service.go:553.9,556.4 2 1
github.com/pintuotuo/backend/services/token/service.go:558.3,566.17 2 1
github.com/pintuotuo/backend/services/token/service.go:566.17,567.29 1 0
github.com/pintuotuo/backend/services/token/service.go:567.29,570.6 2 0
github.com/pintuotuo/backend/services/token/service.go:571.5,572.37 2 0
github.com/pintuotuo/backend/services/token/service.go:576.3,584.17 3 1
github.com/pintuotuo/backend/services/token/service.go:584.17,587.4 2 0
github.com/pintuotuo/backend/services/token/service.go:589.3,589.37 1 1
github.com/pintuotuo/backend/services/token/service.go:589.37,592.4 2 0
github.com/pintuotuo/backend/services/token/service.go:595.3,597.23 2 1
github.com/pintuotuo/backend/services/token/service.go:601.110,602.18 1 1
github.com/pintuotuo/backend/services/token/service.go:602.18,604.4 1 0
github.com/pintuotuo/backend/services/token/service.go:606.3,606.26 1 1
github.com/pintuotuo/backend/services/token/service.go:606.26,608.4 1 0
github.com/pintuotuo/backend/services/token/service.go:610.3,611.17 2 1
github.com/pintuotuo/backend/services/token/service.go:611.17,613.4 1 0
github.com/pintuotuo/backend/services/token/service.go:615.3,615.48 1 1
github.com/pintuotuo/backend/services/token/service.go:619.46,626.2 1 0
github.com/pintuotuo/backend/services/user/errors.go:80.78,81.49 1 0
github.com/pintuotuo/backend/services/user/errors.go:81.49,83.3 1 0
github.com/pintuotuo/backend/services/user/errors.go:85.2,90.3 1 0
github.com/pintuotuo/backend/services/user/errors.go:94.42,96.2 1 0
github.com/pintuotuo/backend/services/user/errors.go:99.47,101.2 1 0
github.com/pintuotuo/backend/services/user/errors.go:104.48,106.2 1 0
github.com/pintuotuo/backend/services/user/service.go:48.85,49.19 1 1
github.com/pintuotuo/backend/services/user/service.go:49.19,51.3 1 0
github.com/pintuotuo/backend/services/user/service.go:53.2,53.25 1 1
github.com/pintuotuo/backend/services/user/service.go:53.25,55.3 1 0
github.com/pintuotuo/backend/services/user/service.go:57.2,64.3 2 1
github.com/pintuotuo/backend/services/user/service.go:68.90,70.21 1 1
github.com/pintuotuo/backend/services/user/service.go:70.21,72.3 1 1
github.com/pintuotuo/backend/services/user/service.go:73.2,73.49 1 1
github.com/pintuotuo/backend/services/user/service.go:73.49,75.3 1 1
github.com/pintuotuo/backend/services/user/service.go:76.2,76.41 1 1
github.com/pintuotuo/backend/services/user/service.go:76.41,78.3 1 1
github.com/pintuotuo/backend/services/user/service.go:81.2,83.16 3 1
github.com/pintuotuo/backend/services/user/service.go:83.16,85.3 1 1
github.com/pintuotuo/backend/services/user/service.go:86.2,86.26 1 1
github.com/pintuotuo/backend/services/user/service.go:86.26,88.3 1 0
github.com/pintuotuo/backend/services/user/service.go:91.2,95.16 3 1
github.com/pintuotuo/backend/services/user/service.go:95.16,97.3 1 0
github.com/pintuotuo/backend/services/user/service.go:98.2,108.16 4 1
github.com/pintuotuo/backend/services/user/service.go:108.16,110.3 1 0
github.com/pintuotuo/backend/services/user/service.go:113.2,113.36 1 1
github.com/pintuotuo/backend/services/user/service.go:113.36,115.3 1 0
github.com/pintuotuo/backend/services/user/service.go:118.2,119.16 2 1
github.com/pintuotuo/backend/services/user/service.go:119.16,122.3 1 0
github.com/pintuotuo/backend/services/user/service.go:124.2,125.19 2 1
github.com/pintuotuo/backend/services/user/service.go:129.96,130.35 1 1
github.com/pintuotuo/backend/services/user/service.go:130.35,132.3 1 1
github.com/pintuotuo/backend/services/user/service.go:135.2,143.16 4 1
github.com/pintuotuo/backend/services/user/service.go:143.16,144.27 1 1
github.com/pintuotuo/backend/services/user/service.go:144.27,146.4 1 1
github.com/pintuotuo/backend/services/user/service.go:147.3,147.62 1 0
github.com/pintuotuo/backend/services/user/service.go:151.2,151.29 1 1
github.com/pintuotuo/backend/services/user/service.go:151.29,152.30 1 1
github.com/pintuotuo/backend/services/user/service.go:152.30,154.4 1 1
github.com/pintuotuo/backend/services/user/service.go:155.3,155.36 1 0
github.com/pintuotuo/backend/services/user/service.go:159.2,159.47 1 1
github.com/pintuotuo/backend/services/user/service.go:159.47,161.3 1 1
github.com/pintuotuo/backend/services/user/service.go:163.2,164.19 2 1
github.com/pintuotuo/backend/services/user/service.go:168.103,170.110 1 1
github.com/pintuotuo/backend/services/user/service.go:170.110,172.3 1 1
github.com/pintuotuo/backend/services/user/service.go:174.2,174.32 1 1
github.com/pintuotuo/backend/services/user/service.go:174.32,176.3 1 1
github.com/pintuotuo/backend/services/user/service.go:178.2,179.9 2 1
github.com/pintuotuo/backend/services/user/service.go:179.9,181.3 1 0
github.com/pintuotuo/backend/services/user/service.go:184.2,185.9 2 1
github.com/pintuotuo/backend/services/user/service.go:185.9,187.3 1 0
github.com/pintuotuo/backend/services/user/service.go:188.2,191.9 3 1
github.com/pintuotuo/backend/services/user/service.go:191.9,193.3 1 0
github.com/pintuotuo/backend/services/user/service.go:196.2,203.16 3 1
github.com/pintuotuo/backend/services/user/service.go:203.16,204.27 1 0
github.com/pintuotuo/backend/services/user/service.go:204.27,206.4 1 0
github.com/pintuotuo/backend/services/user/service.go:207.3,207.65 1 0
github.com/pintuotuo/backend/services/user/service.go:211.2,215.40 4 1
github.com/pintuotuo/backend/services/user/service.go:219.79,222.61 2 1
github.com/pintuotuo/backend/services/user/service.go:222.61,224.67 2 1
github.com/pintuotuo/backend/services/user/service.go:224.67,226.4 1 1
github.com/pintuotuo/backend/services/user/service.go:230.2,237.16 3 1
github.com/pintuotuo/backend/services/user/service.go:237.16,238.27 1 1
github.com/pintuotuo/backend/services/user/service.go:238.27,240.4 1 1
github.com/pintuotuo/backend/services/user/service.go:241.3,241.57 1 0
github.com/pintuotuo/backend/services/user/service.go:245.2,245.53 1 1
github.com/pintuotuo/backend/services/user/service.go:245.53,247.3 1 1
github.com/pintuotuo/backend/services/user/service.go:249.2,249.19 1 1
github.com/pintuotuo/backend/services/user/service.go:253.109,254.41 1 1
github.com/pintuotuo/backend/services/user/service.go:254.41,256.3 1 1
github.com/pintuotuo/backend/services/user/service.go:258.2,265.16 3 1
github.com/pintuotuo/backend/services/user/service.go:265.16,266.27 1 0
github.com/pintuotuo/backend/services/user/service.go:266.27,268.4 1 0
github.com/pintuotuo/backend/services/user/service.go:269.3,269.64 1 0
github.com/pintuotuo/backend/services/user/service.go:273.2,276.19 3 1
github.com/pintuotuo/backend/services/user/service.go:280.82,282.2 1 1
github.com/pintuotuo/backend/services/user/service.go:285.81,286.17 1 1
github.com/pintuotuo/backend/services/user/service.go:286.17,288.3 1 0
github.com/pintuotuo/backend/services/user/service.go:291.2,293.26 3 1
github.com/pintuotuo/backend/services/user/service.go:293.26,296.3 1 1
github.com/pintuotuo/backend/services/user/service.go:297.2,297.16 1 1
github.com/pintuotuo/backend/services/user/service.go:297.16,299.3 1 0
github.com/pintuotuo/backend/services/user/service.go:302.2,306.72 3 1
github.com/pintuotuo/backend/services/user/service.go:306.72,308.3 1 0
github.com/pintuotuo/backend/services/user/service.go:311.2,312.12 2 1
github.com/pintuotuo/backend/services/user/service.go:316.92,317.67 1 1
github.com/pintuotuo/backend/services/user/service.go:317.67,319.3 1 1
github.com/pintuotuo/backend/services/user/service.go:322.2,324.16 3 1
github.com/pintuotuo/backend/services/user/service.go:324.16,326.3 1 1
github.com/pintuotuo/backend/services/user/service.go:329.2,331.16 3 1
github.com/pintuotuo/backend/services/user/service.go:331.16,332.27 1 0
github.com/pintuotuo/backend/services/user/service.go:332.27,334.4 1 0
github.com/pintuotuo/backend/services/user/service.go:335.3,335.54 1 0
github.com/pintuotuo/backend/services/user/service.go:339.2,347.16 3 1
github.com/pintuotuo/backend/services/user/service.go:347.16,349.3 1 0
github.com/pintuotuo/backend/services/user/service.go:352.2,356.12 4 1
github.com/pintuotuo/backend/services/user/service.go:360.69,366.16 2 1
github.com/pintuotuo/backend/services/user/service.go:366.16,368.3 1 0
github.com/pintuotuo/backend/services/user/service.go:370.2,371.16 2 1
github.com/pintuotuo/backend/services/user/service.go:371.16,373.3 1 0
github.com/pintuotuo/backend/services/user/service.go:375.2,375.19 1 1
github.com/pintuotuo/backend/services/user/service.go:375.19,377.3 1 1
github.com/pintuotuo/backend/services/user/service.go:380.2,383.12 3 1
github.com/pintuotuo/backend/services/user/service.go:387.81,393.16 2 1
github.com/pintuotuo/backend/services/user/service.go:393.16,395.3 1 0
github.com/pintuotuo/backend/services/user/service.go:397.2,398.16 2 1
github.com/pintuotuo/backend/services/user/service.go:398.16,400.3 1 0
github.com/pintuotuo/backend/services/user/service.go:402.2,402.19 1 1
github.com/pintuotuo/backend/services/user/service.go:402.19,404.3 1 1
github.com/pintuotuo/backend/services/user/service.go:407.2,410.12 3 1
github.com/pintuotuo/backend/services/user/service.go:415.56,418.2 2 1
github.com/pintuotuo/backend/services/user/service.go:420.62,422.2 1 1
github.com/pintuotuo/backend/services/user/service.go:424.66,426.2 1 1
github.com/pintuotuo/backend/services/user/service.go:428.97,437.2 3 1
github.com/pintuotuo/backend/services/user/service.go:439.46,440.42 1 1
github.com/pintuotuo/backend/services/user/service.go:440.42,442.3 1 1
github.com/pintuotuo/backend/services/user/service.go:443.2,443.21 1 0
github.com/pintuotuo/backend/tests/integration/helpers.go:38.29,46.2 2 1
github.com/pintuotuo/backend/tests/integration/helpers.go:60.51,62.40 1 1
github.com/pintuotuo/backend/tests/integration/helpers.go:62.40,64.3 1 0
github.com/pintuotuo/backend/tests/integration/helpers.go:67.2,67.37 1 1
github.com/pintuotuo/backend/tests/integration/helpers.go:67.37,69.3 1 0
github.com/pintuotuo/backend/tests/integration/helpers.go:71.2,90.3 8 1
github.com/pintuotuo/backend/tests/integration/helpers.go:94.59,97.2 0 1
github.com/pintuotuo/backend/tests/integration/helpers.go:100.61,117.2 9 1
github.com/pintuotuo/backend/tests/integration/helpers.go:120.74,141.2 6 1
github.com/pintuotuo/backend/tests/integration/helpers.go:144.77,159.2 8 1
github.com/pintuotuo/backend/tests/integration/helpers.go:162.84,167.2 4 1
github.com/pintuotuo/backend/tests/integration/helpers.go:170.80,175.2 4 1
github.com/pintuotuo/backend/tests/integration/helpers.go:178.74,182.2 3 0
github.com/pintuotuo/backend/tests/integration/helpers.go:185.77,189.2 3 0
github.com/pintuotuo/backend/tests/integration/helpers.go:192.81,200.25 4 1
github.com/pintuotuo/backend/tests/integration/helpers.go:200.25,203.3 2 0
github.com/pintuotuo/backend/tests/integration/helpers.go:205.2,206.11 2 1
github.com/pintuotuo/backend/tests/integration/helpers.go:210.73,218.19 4 1
github.com/pintuotuo/backend/tests/integration/helpers.go:218.19,220.3 1 0
github.com/pintuotuo/backend/tests/integration/helpers.go:222.2,223.11 2 1
github.com/pintuotuo/backend/tests/integration/helpers.go:227.101,253.2 10 1
github.com/pintuotuo/backend/tests/integration/helpers.go:256.140,274.2 6 1
github.com/pintuotuo/backend/tests/integration/helpers.go:277.140,294.2 6 0
github.com/pintuotuo/backend/tests/integration/helpers.go:297.60,300.43 1 1
github.com/pintuotuo/backend/tests/integration/helpers.go:300.43,302.3 1 1
github.com/pintuotuo/backend/tests/integration/helpers.go:304.2,312.71 8 0
