mode: set
github.com/pintuotuo/backend/cache/cache.go:28.19,30.20 2 0
github.com/pintuotuo/backend/cache/cache.go:30.20,32.3 1 0
github.com/pintuotuo/backend/cache/cache.go:34.2,35.16 2 0
github.com/pintuotuo/backend/cache/cache.go:35.16,37.3 1 0
github.com/pintuotuo/backend/cache/cache.go:39.2,45.47 4 0
github.com/pintuotuo/backend/cache/cache.go:45.47,47.3 1 0
github.com/pintuotuo/backend/cache/cache.go:49.2,49.12 1 0
github.com/pintuotuo/backend/cache/cache.go:53.20,54.19 1 0
github.com/pintuotuo/backend/cache/cache.go:54.19,56.3 1 0
github.com/pintuotuo/backend/cache/cache.go:57.2,57.12 1 0
github.com/pintuotuo/backend/cache/cache.go:61.59,62.19 1 0
github.com/pintuotuo/backend/cache/cache.go:62.19,64.3 1 0
github.com/pintuotuo/backend/cache/cache.go:65.2,65.38 1 0
github.com/pintuotuo/backend/cache/cache.go:69.87,71.2 1 0
github.com/pintuotuo/backend/cache/cache.go:74.97,77.2 2 0
github.com/pintuotuo/backend/cache/cache.go:80.56,81.20 1 0
github.com/pintuotuo/backend/cache/cache.go:81.20,83.3 1 0
github.com/pintuotuo/backend/cache/cache.go:84.2,84.39 1 0
github.com/pintuotuo/backend/cache/cache.go:88.60,91.2 2 0
github.com/pintuotuo/backend/cache/cache.go:94.64,96.2 1 0
github.com/pintuotuo/backend/cache/cache.go:99.64,101.2 1 0
github.com/pintuotuo/backend/cache/cache.go:104.79,106.2 1 0
github.com/pintuotuo/backend/cache/cache.go:109.32,111.2 1 0
github.com/pintuotuo/backend/cache/cache.go:114.32,116.2 1 1
github.com/pintuotuo/backend/cache/cache.go:118.62,120.2 1 1
github.com/pintuotuo/backend/cache/cache.go:122.63,124.2 1 1
github.com/pintuotuo/backend/cache/cache.go:126.29,128.2 1 1
github.com/pintuotuo/backend/cache/cache.go:130.30,132.2 1 1
github.com/pintuotuo/backend/cache/cache.go:134.60,136.2 1 1
github.com/pintuotuo/backend/cache/cache.go:138.30,140.2 1 1
github.com/pintuotuo/backend/cache/cache.go:142.53,144.2 1 1
github.com/pintuotuo/backend/cache/cache.go:146.41,148.2 1 1
github.com/pintuotuo/backend/cache/cache.go:150.36,152.2 1 1
github.com/pintuotuo/backend/cache/cache.go:154.41,156.2 1 0
github.com/pintuotuo/backend/cache/cache.go:158.42,160.2 1 0
github.com/pintuotuo/backend/cache/cache.go:162.37,164.2 1 0
github.com/pintuotuo/backend/cache/cache.go:166.49,168.2 1 0
github.com/pintuotuo/backend/cache/cache.go:170.48,172.2 1 0
github.com/pintuotuo/backend/cache/cache.go:175.68,179.21 3 0
github.com/pintuotuo/backend/cache/cache.go:179.21,181.3 1 0
github.com/pintuotuo/backend/cache/cache.go:183.2,183.35 1 0
github.com/pintuotuo/backend/cache/cache.go:183.35,185.3 1 0
github.com/pintuotuo/backend/cache/cache.go:187.2,187.19 1 0
github.com/pintuotuo/backend/cache/cache.go:187.19,189.3 1 0
github.com/pintuotuo/backend/cache/cache.go:191.2,191.12 1 0
github.com/pintuotuo/backend/cache/cache.go:194.63,196.2 1 0
github.com/pintuotuo/backend/cache/cache.go:198.45,199.19 1 0
github.com/pintuotuo/backend/cache/cache.go:199.19,201.3 1 0
github.com/pintuotuo/backend/cache/cache.go:202.2,202.31 1 0
github.com/pintuotuo/backend/cache/cache.go:209.34,211.2 1 0
github.com/pintuotuo/backend/cache/cache.go:213.75,215.2 1 0
github.com/pintuotuo/backend/cache/cache.go:217.103,219.2 1 0
github.com/pintuotuo/backend/cache/cache.go:221.68,223.2 1 0
github.com/pintuotuo/backend/cache/cache.go:225.79,227.2 1 0
github.com/pintuotuo/backend/cache/cache.go:229.76,231.2 1 0
github.com/pintuotuo/backend/cache/query_cache.go:17.70,22.2 1 0
github.com/pintuotuo/backend/cache/query_cache.go:24.84,26.16 2 0
github.com/pintuotuo/backend/cache/query_cache.go:26.16,28.3 1 0
github.com/pintuotuo/backend/cache/query_cache.go:30.2,30.43 1 0
github.com/pintuotuo/backend/cache/query_cache.go:33.85,35.16 2 0
github.com/pintuotuo/backend/cache/query_cache.go:35.16,37.3 1 0
github.com/pintuotuo/backend/cache/query_cache.go:39.2,39.53 1 0
github.com/pintuotuo/backend/cache/query_cache.go:42.69,44.2 1 0
github.com/pintuotuo/backend/cache/query_cache.go:46.80,48.2 1 0
github.com/pintuotuo/backend/cache/query_cache.go:50.126,52.16 2 0
github.com/pintuotuo/backend/cache/query_cache.go:52.16,54.3 1 0
github.com/pintuotuo/backend/cache/query_cache.go:56.2,57.16 2 0
github.com/pintuotuo/backend/cache/query_cache.go:57.16,59.3 1 0
github.com/pintuotuo/backend/cache/query_cache.go:61.2,61.47 1 0
github.com/pintuotuo/backend/cache/query_cache.go:61.47,63.3 1 0
github.com/pintuotuo/backend/cache/query_cache.go:65.2,66.40 2 0
github.com/pintuotuo/backend/cache/query_cache.go:69.39,71.2 1 0
github.com/pintuotuo/backend/cache/query_cache.go:73.57,75.2 1 0
github.com/pintuotuo/backend/cache/query_cache.go:77.65,79.2 1 0
github.com/pintuotuo/backend/cache/query_cache.go:81.46,83.2 1 0
github.com/pintuotuo/backend/cache/query_cache.go:85.42,87.2 1 0
github.com/pintuotuo/backend/cache/query_cache.go:89.39,91.29 2 0
github.com/pintuotuo/backend/cache/query_cache.go:91.29,92.12 1 0
github.com/pintuotuo/backend/cache/query_cache.go:92.12,94.4 1 0
github.com/pintuotuo/backend/cache/query_cache.go:95.3,95.17 1 0
github.com/pintuotuo/backend/cache/query_cache.go:97.2,97.15 1 0
github.com/pintuotuo/backend/cache/query_cache.go:100.86,103.2 2 0
github.com/pintuotuo/backend/cache/query_cache.go:105.94,108.2 2 0
github.com/pintuotuo/backend/cache/query_cache.go:110.92,113.2 2 0
github.com/pintuotuo/backend/cache/query_cache.go:115.65,117.18 2 0
github.com/pintuotuo/backend/cache/query_cache.go:117.18,119.3 1 0
github.com/pintuotuo/backend/cache/query_cache.go:120.2,120.19 1 0
github.com/pintuotuo/backend/config/database.go:14.25,18.2 1 1
github.com/pintuotuo/backend/config/database.go:21.21,23.17 2 0
github.com/pintuotuo/backend/config/database.go:23.17,26.3 1 0
github.com/pintuotuo/backend/config/database.go:28.2,29.16 2 0
github.com/pintuotuo/backend/config/database.go:29.16,31.3 1 0
github.com/pintuotuo/backend/config/database.go:34.2,34.34 1 0
github.com/pintuotuo/backend/config/database.go:34.34,36.3 1 0
github.com/pintuotuo/backend/config/database.go:39.2,43.12 4 0
github.com/pintuotuo/backend/config/database.go:47.22,48.15 1 0
github.com/pintuotuo/backend/config/database.go:48.15,50.3 1 0
github.com/pintuotuo/backend/config/database.go:51.2,51.12 1 0
github.com/pintuotuo/backend/config/database.go:55.22,57.2 1 1
github.com/pintuotuo/backend/db/db.go:27.19,29.23 2 0
github.com/pintuotuo/backend/db/db.go:29.23,31.3 1 0
github.com/pintuotuo/backend/db/db.go:33.2,35.16 3 0
github.com/pintuotuo/backend/db/db.go:35.16,37.3 1 0
github.com/pintuotuo/backend/db/db.go:39.2,49.38 9 0
github.com/pintuotuo/backend/db/db.go:49.38,51.3 1 0
github.com/pintuotuo/backend/db/db.go:53.2,56.12 2 0
github.com/pintuotuo/backend/db/db.go:59.22,61.2 1 1
github.com/pintuotuo/backend/db/db.go:63.20,64.19 1 0
github.com/pintuotuo/backend/db/db.go:64.19,66.3 1 0
github.com/pintuotuo/backend/db/db.go:67.2,67.12 1 0
github.com/pintuotuo/backend/db/db.go:70.32,71.19 1 0
github.com/pintuotuo/backend/db/db.go:71.19,73.3 1 0
github.com/pintuotuo/backend/db/db.go:74.2,84.3 2 0
github.com/pintuotuo/backend/db/db.go:87.45,88.19 1 0
github.com/pintuotuo/backend/db/db.go:88.19,90.3 1 0
github.com/pintuotuo/backend/db/db.go:92.2,95.48 3 0
github.com/pintuotuo/backend/db/db.go:95.48,97.3 1 0
github.com/pintuotuo/backend/db/db.go:99.2,99.12 1 0
github.com/pintuotuo/backend/db/db.go:102.52,103.42 1 0
github.com/pintuotuo/backend/db/db.go:103.42,105.63 2 0
github.com/pintuotuo/backend/db/db.go:105.63,107.4 1 0
github.com/pintuotuo/backend/db/db.go:109.2,109.21 1 0
github.com/pintuotuo/backend/db/db.go:112.77,113.42 1 0
github.com/pintuotuo/backend/db/db.go:113.42,114.61 1 0
github.com/pintuotuo/backend/db/db.go:114.61,116.4 1 0
github.com/pintuotuo/backend/db/db.go:118.2,118.21 1 0
github.com/pintuotuo/backend/db/query_optimizer.go:14.52,16.2 1 0
github.com/pintuotuo/backend/db/query_optimizer.go:18.129,20.16 2 0
github.com/pintuotuo/backend/db/query_optimizer.go:20.16,22.3 1 0
github.com/pintuotuo/backend/db/query_optimizer.go:24.2,28.51 4 0
github.com/pintuotuo/backend/db/query_optimizer.go:31.123,33.23 2 0
github.com/pintuotuo/backend/db/query_optimizer.go:33.23,35.3 1 0
github.com/pintuotuo/backend/db/query_optimizer.go:37.2,39.19 3 0
github.com/pintuotuo/backend/db/query_optimizer.go:42.109,48.2 4 0
github.com/pintuotuo/backend/db/query_optimizer.go:50.88,54.2 3 0
github.com/pintuotuo/backend/db/transaction.go:16.69,20.16 2 0
github.com/pintuotuo/backend/db/transaction.go:20.16,22.3 1 0
github.com/pintuotuo/backend/db/transaction.go:24.2,27.8 1 0
github.com/pintuotuo/backend/db/transaction.go:31.83,33.2 1 0
github.com/pintuotuo/backend/db/transaction.go:36.83,38.2 1 0
github.com/pintuotuo/backend/db/transaction.go:41.76,43.2 1 0
github.com/pintuotuo/backend/db/transaction.go:46.38,48.2 1 0
github.com/pintuotuo/backend/db/transaction.go:51.40,53.2 1 0
github.com/pintuotuo/backend/db/transaction.go:56.90,58.16 2 0
github.com/pintuotuo/backend/db/transaction.go:58.16,60.3 1 0
github.com/pintuotuo/backend/db/transaction.go:62.2,62.31 1 0
github.com/pintuotuo/backend/db/transaction.go:62.31,64.43 1 0
github.com/pintuotuo/backend/db/transaction.go:64.43,66.4 1 0
github.com/pintuotuo/backend/db/transaction.go:67.3,67.13 1 0
github.com/pintuotuo/backend/db/transaction.go:70.2,70.20 1 0
github.com/pintuotuo/backend/db/transaction.go:79.37,81.62 1 0
github.com/pintuotuo/backend/db/transaction.go:81.62,87.17 2 0
github.com/pintuotuo/backend/db/transaction.go:87.17,89.4 1 0
github.com/pintuotuo/backend/db/transaction.go:92.3,96.17 2 0
github.com/pintuotuo/backend/db/transaction.go:96.17,98.4 1 0
github.com/pintuotuo/backend/db/transaction.go:101.3,105.17 2 0
github.com/pintuotuo/backend/db/transaction.go:105.17,107.4 1 0
github.com/pintuotuo/backend/db/transaction.go:110.3,114.17 2 0
github.com/pintuotuo/backend/db/transaction.go:114.17,116.4 1 0
github.com/pintuotuo/backend/db/transaction.go:119.3,119.16 1 0
github.com/pintuotuo/backend/db/transaction.go:119.16,120.33 1 0
github.com/pintuotuo/backend/db/transaction.go:120.33,122.5 1 0
github.com/pintuotuo/backend/db/transaction.go:125.3,125.13 1 0
github.com/pintuotuo/backend/db/transaction.go:132.37,134.62 1 0
github.com/pintuotuo/backend/db/transaction.go:134.62,140.17 2 0
github.com/pintuotuo/backend/db/transaction.go:140.17,142.4 1 0
github.com/pintuotuo/backend/db/transaction.go:145.3,145.16 1 0
github.com/pintuotuo/backend/db/transaction.go:145.16,146.33 1 0
github.com/pintuotuo/backend/db/transaction.go:146.33,148.5 1 0
github.com/pintuotuo/backend/db/transaction.go:151.3,151.13 1 0
github.com/pintuotuo/backend/billing/engine.go:36.40,37.23 1 1
github.com/pintuotuo/backend/billing/engine.go:37.23,43.3 2 1
github.com/pintuotuo/backend/billing/engine.go:44.2,44.15 1 1
github.com/pintuotuo/backend/billing/engine.go:47.39,66.35 4 1
github.com/pintuotuo/backend/billing/engine.go:66.35,69.3 2 1
github.com/pintuotuo/backend/billing/engine.go:72.80,79.2 5 1
github.com/pintuotuo/backend/billing/engine.go:81.102,83.9 2 1
github.com/pintuotuo/backend/billing/engine.go:83.9,88.3 1 1
github.com/pintuotuo/backend/billing/engine.go:90.2,93.31 3 1
github.com/pintuotuo/backend/billing/engine.go:96.106,97.17 1 0
github.com/pintuotuo/backend/billing/engine.go:97.17,99.3 1 0
github.com/pintuotuo/backend/billing/engine.go:100.2,100.17 1 0
github.com/pintuotuo/backend/billing/engine.go:100.17,102.3 1 0
github.com/pintuotuo/backend/billing/engine.go:104.2,105.16 2 0
github.com/pintuotuo/backend/billing/engine.go:105.16,107.3 1 0
github.com/pintuotuo/backend/billing/engine.go:108.2,112.16 4 0
github.com/pintuotuo/backend/billing/engine.go:112.16,114.3 1 0
github.com/pintuotuo/backend/billing/engine.go:116.2,116.29 1 0
github.com/pintuotuo/backend/billing/engine.go:116.29,118.3 1 0
github.com/pintuotuo/backend/billing/engine.go:120.2,124.16 2 0
github.com/pintuotuo/backend/billing/engine.go:124.16,126.3 1 0
github.com/pintuotuo/backend/billing/engine.go:128.2,132.16 2 0
github.com/pintuotuo/backend/billing/engine.go:132.16,134.3 1 0
github.com/pintuotuo/backend/billing/engine.go:136.2,136.35 1 0
github.com/pintuotuo/backend/billing/engine.go:136.35,138.3 1 0
github.com/pintuotuo/backend/billing/engine.go:140.2,143.12 3 0
github.com/pintuotuo/backend/billing/engine.go:146.98,147.17 1 0
github.com/pintuotuo/backend/billing/engine.go:147.17,149.3 1 0
github.com/pintuotuo/backend/billing/engine.go:150.2,150.17 1 0
github.com/pintuotuo/backend/billing/engine.go:150.17,152.3 1 0
github.com/pintuotuo/backend/billing/engine.go:154.2,155.16 2 0
github.com/pintuotuo/backend/billing/engine.go:155.16,157.3 1 0
github.com/pintuotuo/backend/billing/engine.go:158.2,162.16 4 0
github.com/pintuotuo/backend/billing/engine.go:162.16,164.3 1 0
github.com/pintuotuo/backend/billing/engine.go:166.2,166.13 1 0
github.com/pintuotuo/backend/billing/engine.go:166.13,171.3 1 0
github.com/pintuotuo/backend/billing/engine.go:171.8,176.3 1 0
github.com/pintuotuo/backend/billing/engine.go:177.2,177.16 1 0
github.com/pintuotuo/backend/billing/engine.go:177.16,179.3 1 0
github.com/pintuotuo/backend/billing/engine.go:181.2,182.17 2 0
github.com/pintuotuo/backend/billing/engine.go:182.17,184.3 1 0
github.com/pintuotuo/backend/billing/engine.go:186.2,190.16 2 0
github.com/pintuotuo/backend/billing/engine.go:190.16,192.3 1 0
github.com/pintuotuo/backend/billing/engine.go:194.2,194.35 1 0
github.com/pintuotuo/backend/billing/engine.go:194.35,196.3 1 0
github.com/pintuotuo/backend/billing/engine.go:198.2,201.12 3 0
github.com/pintuotuo/backend/billing/engine.go:204.65,205.17 1 0
github.com/pintuotuo/backend/billing/engine.go:205.17,207.3 1 0
github.com/pintuotuo/backend/billing/engine.go:208.2,208.17 1 0
github.com/pintuotuo/backend/billing/engine.go:208.17,210.3 1 0
github.com/pintuotuo/backend/billing/engine.go:212.2,215.64 3 0
github.com/pintuotuo/backend/billing/engine.go:215.64,217.73 2 0
github.com/pintuotuo/backend/billing/engine.go:217.73,219.4 1 0
github.com/pintuotuo/backend/billing/engine.go:222.2,224.16 3 0
github.com/pintuotuo/backend/billing/engine.go:224.16,225.27 1 0
github.com/pintuotuo/backend/billing/engine.go:225.27,227.4 1 0
github.com/pintuotuo/backend/billing/engine.go:228.3,228.57 1 0
github.com/pintuotuo/backend/billing/engine.go:231.2,231.59 1 0
github.com/pintuotuo/backend/billing/engine.go:231.59,233.3 1 0
github.com/pintuotuo/backend/billing/engine.go:235.2,235.21 1 0
github.com/pintuotuo/backend/billing/engine.go:238.112,239.17 1 0
github.com/pintuotuo/backend/billing/engine.go:239.17,241.3 1 0
github.com/pintuotuo/backend/billing/engine.go:242.2,242.17 1 0
github.com/pintuotuo/backend/billing/engine.go:242.17,244.3 1 0
github.com/pintuotuo/backend/billing/engine.go:246.2,246.16 1 0
github.com/pintuotuo/backend/billing/engine.go:246.16,248.3 1 0
github.com/pintuotuo/backend/billing/engine.go:249.2,249.17 1 0
github.com/pintuotuo/backend/billing/engine.go:249.17,251.3 1 0
github.com/pintuotuo/backend/billing/engine.go:253.2,257.16 2 0
github.com/pintuotuo/backend/billing/engine.go:257.16,259.3 1 0
github.com/pintuotuo/backend/billing/engine.go:260.2,263.18 3 0
github.com/pintuotuo/backend/billing/engine.go:263.18,271.17 7 0
github.com/pintuotuo/backend/billing/engine.go:271.17,273.12 2 0
github.com/pintuotuo/backend/billing/engine.go:276.3,284.5 1 0
github.com/pintuotuo/backend/billing/engine.go:287.2,287.26 1 0
github.com/pintuotuo/backend/billing/engine.go:290.100,292.2 1 0
github.com/pintuotuo/backend/billing/engine.go:294.113,295.17 1 0
github.com/pintuotuo/backend/billing/engine.go:295.17,297.3 1 0
github.com/pintuotuo/backend/billing/engine.go:298.2,298.17 1 0
github.com/pintuotuo/backend/billing/engine.go:298.17,300.3 1 0
github.com/pintuotuo/backend/billing/engine.go:302.2,315.16 3 0
github.com/pintuotuo/backend/billing/engine.go:315.16,317.3 1 0
github.com/pintuotuo/backend/billing/engine.go:319.2,327.16 2 0
github.com/pintuotuo/backend/billing/engine.go:327.16,329.3 1 0
github.com/pintuotuo/backend/billing/engine.go:330.2,333.18 3 0
github.com/pintuotuo/backend/billing/engine.go:333.18,337.61 4 0
github.com/pintuotuo/backend/billing/engine.go:337.61,338.12 1 0
github.com/pintuotuo/backend/billing/engine.go:340.3,344.5 1 0
github.com/pintuotuo/backend/billing/engine.go:347.2,354.8 1 0
github.com/pintuotuo/backend/errors/errors.go:17.35,19.2 1 1
github.com/pintuotuo/backend/errors/errors.go:22.78,29.2 1 1
github.com/pintuotuo/backend/errors/errors.go:32.110,40.2 1 1
github.com/pintuotuo/backend/errors/errors.go:260.33,263.2 2 1
github.com/pintuotuo/backend/errors/errors.go:266.39,267.39 1 1
github.com/pintuotuo/backend/errors/errors.go:267.39,269.3 1 1
github.com/pintuotuo/backend/errors/errors.go:270.2,275.3 1 1
github.com/pintuotuo/backend/handlers/api_proxy.go:74.38,79.13 4 0
github.com/pintuotuo/backend/handlers/api_proxy.go:79.13,82.3 2 0
github.com/pintuotuo/backend/handlers/api_proxy.go:83.2,84.9 2 0
github.com/pintuotuo/backend/handlers/api_proxy.go:84.9,87.3 2 0
github.com/pintuotuo/backend/handlers/api_proxy.go:89.2,90.47 2 0
github.com/pintuotuo/backend/handlers/api_proxy.go:90.47,93.3 2 0
github.com/pintuotuo/backend/handlers/api_proxy.go:95.2,96.15 2 0
github.com/pintuotuo/backend/handlers/api_proxy.go:96.15,99.3 2 0
github.com/pintuotuo/backend/handlers/api_proxy.go:101.2,103.16 3 0
github.com/pintuotuo/backend/handlers/api_proxy.go:103.16,106.3 2 0
github.com/pintuotuo/backend/handlers/api_proxy.go:108.2,108.23 1 0
github.com/pintuotuo/backend/handlers/api_proxy.go:108.23,111.3 2 0
github.com/pintuotuo/backend/handlers/api_proxy.go:113.2,119.16 3 0
github.com/pintuotuo/backend/handlers/api_proxy.go:119.16,127.3 2 0
github.com/pintuotuo/backend/handlers/api_proxy.go:129.2,130.16 2 0
github.com/pintuotuo/backend/handlers/api_proxy.go:130.16,138.3 2 0
github.com/pintuotuo/backend/handlers/api_proxy.go:140.2,141.9 2 0
github.com/pintuotuo/backend/handlers/api_proxy.go:141.9,149.3 2 0
github.com/pintuotuo/backend/handlers/api_proxy.go:151.2,152.39 2 0
github.com/pintuotuo/backend/handlers/api_proxy.go:152.39,154.3 1 0
github.com/pintuotuo/backend/handlers/api_proxy.go:156.2,162.24 2 0
github.com/pintuotuo/backend/handlers/api_proxy.go:162.24,164.81 2 0
github.com/pintuotuo/backend/handlers/api_proxy.go:164.81,165.30 1 0
github.com/pintuotuo/backend/handlers/api_proxy.go:165.30,167.5 1 0
github.com/pintuotuo/backend/handlers/api_proxy.go:171.2,172.16 2 0
github.com/pintuotuo/backend/handlers/api_proxy.go:172.16,180.3 2 0
github.com/pintuotuo/backend/handlers/api_proxy.go:182.2,183.16 2 0
github.com/pintuotuo/backend/handlers/api_proxy.go:183.16,191.3 2 0
github.com/pintuotuo/backend/handlers/api_proxy.go:193.2,194.57 2 0
github.com/pintuotuo/backend/handlers/api_proxy.go:194.57,196.3 1 0
github.com/pintuotuo/backend/handlers/api_proxy.go:196.8,196.40 1 0
github.com/pintuotuo/backend/handlers/api_proxy.go:196.40,199.3 2 0
github.com/pintuotuo/backend/handlers/api_proxy.go:199.8,199.37 1 0
github.com/pintuotuo/backend/handlers/api_proxy.go:199.37,201.3 1 0
github.com/pintuotuo/backend/handlers/api_proxy.go:203.2,205.16 3 0
github.com/pintuotuo/backend/handlers/api_proxy.go:205.16,213.3 2 0
github.com/pintuotuo/backend/handlers/api_proxy.go:214.2,217.16 3 0
github.com/pintuotuo/backend/handlers/api_proxy.go:217.16,225.3 2 0
github.com/pintuotuo/backend/handlers/api_proxy.go:227.2,228.55 2 0
github.com/pintuotuo/backend/handlers/api_proxy.go:228.55,231.3 2 0
github.com/pintuotuo/backend/handlers/api_proxy.go:233.2,238.35 4 0
github.com/pintuotuo/backend/handlers/api_proxy.go:238.35,242.3 3 0
github.com/pintuotuo/backend/handlers/api_proxy.go:244.2,244.14 1 0
github.com/pintuotuo/backend/handlers/api_proxy.go:244.14,246.17 2 0
github.com/pintuotuo/backend/handlers/api_proxy.go:246.17,251.18 2 0
github.com/pintuotuo/backend/handlers/api_proxy.go:251.18,256.5 1 0
github.com/pintuotuo/backend/handlers/api_proxy.go:257.4,257.18 1 0
github.com/pintuotuo/backend/handlers/api_proxy.go:257.18,262.5 1 0
github.com/pintuotuo/backend/handlers/api_proxy.go:263.4,263.18 1 0
github.com/pintuotuo/backend/handlers/api_proxy.go:263.18,268.5 1 0
github.com/pintuotuo/backend/handlers/api_proxy.go:270.4,270.18 1 0
github.com/pintuotuo/backend/handlers/api_proxy.go:270.18,272.5 1 0
github.com/pintuotuo/backend/handlers/api_proxy.go:272.10,274.5 1 0
github.com/pintuotuo/backend/handlers/api_proxy.go:277.3,278.54 2 0
github.com/pintuotuo/backend/handlers/api_proxy.go:281.2,281.51 1 0
github.com/pintuotuo/backend/handlers/api_proxy.go:284.88,287.18 2 1
github.com/pintuotuo/backend/handlers/api_proxy.go:288.16,289.10 1 1
github.com/pintuotuo/backend/handlers/api_proxy.go:290.47,292.28 2 1
github.com/pintuotuo/backend/handlers/api_proxy.go:293.41,295.28 2 0
github.com/pintuotuo/backend/handlers/api_proxy.go:296.49,298.30 2 1
github.com/pintuotuo/backend/handlers/api_proxy.go:299.11,301.29 2 0
github.com/pintuotuo/backend/handlers/api_proxy.go:303.19,304.10 1 1
github.com/pintuotuo/backend/handlers/api_proxy.go:305.49,307.29 2 1
github.com/pintuotuo/backend/handlers/api_proxy.go:308.51,310.29 2 0
github.com/pintuotuo/backend/handlers/api_proxy.go:311.50,313.31 2 1
github.com/pintuotuo/backend/handlers/api_proxy.go:314.11,316.29 2 0
github.com/pintuotuo/backend/handlers/api_proxy.go:318.16,320.29 2 1
github.com/pintuotuo/backend/handlers/api_proxy.go:321.10,323.28 2 1
github.com/pintuotuo/backend/handlers/api_proxy.go:326.2,326.74 1 1
github.com/pintuotuo/backend/handlers/api_proxy.go:329.38,360.2 2 0
github.com/pintuotuo/backend/handlers/api_proxy.go:362.39,364.13 2 0
github.com/pintuotuo/backend/handlers/api_proxy.go:364.13,367.3 2 0
github.com/pintuotuo/backend/handlers/api_proxy.go:368.2,369.9 2 0
github.com/pintuotuo/backend/handlers/api_proxy.go:369.9,372.3 2 0
github.com/pintuotuo/backend/handlers/api_proxy.go:374.2,375.15 2 0
github.com/pintuotuo/backend/handlers/api_proxy.go:375.15,378.3 2 0
github.com/pintuotuo/backend/handlers/api_proxy.go:380.2,396.16 4 0
github.com/pintuotuo/backend/handlers/api_proxy.go:396.16,399.3 2 0
github.com/pintuotuo/backend/handlers/api_proxy.go:400.2,403.18 3 0
github.com/pintuotuo/backend/handlers/api_proxy.go:403.18,407.61 4 0
github.com/pintuotuo/backend/handlers/api_proxy.go:407.61,408.12 1 0
github.com/pintuotuo/backend/handlers/api_proxy.go:410.3,414.5 1 0
github.com/pintuotuo/backend/handlers/api_proxy.go:417.2,420.4 1 0
github.com/pintuotuo/backend/handlers/apikey.go:22.39,24.2 1 0
github.com/pintuotuo/backend/handlers/apikey.go:27.34,29.13 2 0
github.com/pintuotuo/backend/handlers/apikey.go:29.13,32.3 2 0
github.com/pintuotuo/backend/handlers/apikey.go:34.2,35.9 2 0
github.com/pintuotuo/backend/handlers/apikey.go:35.9,38.3 2 0
github.com/pintuotuo/backend/handlers/apikey.go:40.2,43.61 3 0
github.com/pintuotuo/backend/handlers/apikey.go:43.61,45.70 2 0
github.com/pintuotuo/backend/handlers/apikey.go:45.70,48.4 2 0
github.com/pintuotuo/backend/handlers/apikey.go:51.2,52.15 2 0
github.com/pintuotuo/backend/handlers/apikey.go:52.15,55.3 2 0
github.com/pintuotuo/backend/handlers/apikey.go:57.2,61.16 2 0
github.com/pintuotuo/backend/handlers/apikey.go:61.16,64.3 2 0
github.com/pintuotuo/backend/handlers/apikey.go:65.2,65.15 1 0
github.com/pintuotuo/backend/handlers/apikey.go:65.15,66.38 1 0
github.com/pintuotuo/backend/handlers/apikey.go:66.38,68.4 1 0
github.com/pintuotuo/backend/handlers/apikey.go:71.2,72.18 2 0
github.com/pintuotuo/backend/handlers/apikey.go:72.18,79.17 6 0
github.com/pintuotuo/backend/handlers/apikey.go:79.17,82.4 2 0
github.com/pintuotuo/backend/handlers/apikey.go:84.3,92.5 1 0
github.com/pintuotuo/backend/handlers/apikey.go:95.2,95.56 1 0
github.com/pintuotuo/backend/handlers/apikey.go:95.56,97.3 1 0
github.com/pintuotuo/backend/handlers/apikey.go:99.2,99.32 1 0
github.com/pintuotuo/backend/handlers/apikey.go:103.35,105.13 2 0
github.com/pintuotuo/backend/handlers/apikey.go:105.13,108.3 2 0
github.com/pintuotuo/backend/handlers/apikey.go:110.2,114.47 2 0
github.com/pintuotuo/backend/handlers/apikey.go:114.47,117.3 2 0
github.com/pintuotuo/backend/handlers/apikey.go:120.2,122.16 3 0
github.com/pintuotuo/backend/handlers/apikey.go:122.16,130.3 2 0
github.com/pintuotuo/backend/handlers/apikey.go:132.2,136.15 4 0
github.com/pintuotuo/backend/handlers/apikey.go:136.15,139.3 2 0
github.com/pintuotuo/backend/handlers/apikey.go:141.2,147.16 3 0
github.com/pintuotuo/backend/handlers/apikey.go:147.16,155.3 2 0
github.com/pintuotuo/backend/handlers/apikey.go:157.2,165.4 3 0
github.com/pintuotuo/backend/handlers/apikey.go:169.35,171.13 2 0
github.com/pintuotuo/backend/handlers/apikey.go:171.13,174.3 2 0
github.com/pintuotuo/backend/handlers/apikey.go:176.2,183.47 3 0
github.com/pintuotuo/backend/handlers/apikey.go:183.47,186.3 2 0
github.com/pintuotuo/backend/handlers/apikey.go:188.2,189.15 2 0
github.com/pintuotuo/backend/handlers/apikey.go:189.15,192.3 2 0
github.com/pintuotuo/backend/handlers/apikey.go:195.2,197.16 3 0
github.com/pintuotuo/backend/handlers/apikey.go:197.16,200.3 2 0
github.com/pintuotuo/backend/handlers/apikey.go:202.2,203.33 2 0
github.com/pintuotuo/backend/handlers/apikey.go:203.33,206.3 2 0
github.com/pintuotuo/backend/handlers/apikey.go:209.2,218.16 5 0
github.com/pintuotuo/backend/handlers/apikey.go:218.16,226.3 2 0
github.com/pintuotuo/backend/handlers/apikey.go:228.2,237.4 2 0
github.com/pintuotuo/backend/handlers/apikey.go:241.35,243.13 2 0
github.com/pintuotuo/backend/handlers/apikey.go:243.13,246.3 2 0
github.com/pintuotuo/backend/handlers/apikey.go:248.2,251.15 3 0
github.com/pintuotuo/backend/handlers/apikey.go:251.15,254.3 2 0
github.com/pintuotuo/backend/handlers/apikey.go:257.2,259.16 3 0
github.com/pintuotuo/backend/handlers/apikey.go:259.16,262.3 2 0
github.com/pintuotuo/backend/handlers/apikey.go:264.2,265.33 2 0
github.com/pintuotuo/backend/handlers/apikey.go:265.33,268.3 2 0
github.com/pintuotuo/backend/handlers/apikey.go:270.2,271.16 2 0
github.com/pintuotuo/backend/handlers/apikey.go:271.16,279.3 2 0
github.com/pintuotuo/backend/handlers/apikey.go:281.2,283.73 2 0
github.com/pintuotuo/backend/handlers/apikey.go:287.36,290.2 2 0
github.com/pintuotuo/backend/handlers/auth.go:43.35,45.47 2 1
github.com/pintuotuo/backend/handlers/auth.go:45.47,48.3 2 1
github.com/pintuotuo/backend/handlers/auth.go:50.2,51.15 2 0
github.com/pintuotuo/backend/handlers/auth.go:51.15,54.3 2 0
github.com/pintuotuo/backend/handlers/auth.go:57.2,62.16 3 0
github.com/pintuotuo/backend/handlers/auth.go:62.16,65.3 2 0
github.com/pintuotuo/backend/handlers/auth.go:68.2,77.16 4 0
github.com/pintuotuo/backend/handlers/auth.go:77.16,85.3 2 0
github.com/pintuotuo/backend/handlers/auth.go:88.2,92.16 2 0
github.com/pintuotuo/backend/handlers/auth.go:92.16,100.3 2 0
github.com/pintuotuo/backend/handlers/auth.go:103.2,108.4 2 0
github.com/pintuotuo/backend/handlers/auth.go:112.32,114.47 2 1
github.com/pintuotuo/backend/handlers/auth.go:114.47,117.3 2 1
github.com/pintuotuo/backend/handlers/auth.go:119.2,120.15 2 1
github.com/pintuotuo/backend/handlers/auth.go:120.15,123.3 2 1
github.com/pintuotuo/backend/handlers/auth.go:126.2,133.16 4 0
github.com/pintuotuo/backend/handlers/auth.go:133.16,136.3 2 0
github.com/pintuotuo/backend/handlers/auth.go:139.2,139.49 1 0
github.com/pintuotuo/backend/handlers/auth.go:139.49,142.3 2 0
github.com/pintuotuo/backend/handlers/auth.go:145.2,150.4 2 0
github.com/pintuotuo/backend/handlers/auth.go:154.33,158.2 1 0
github.com/pintuotuo/backend/handlers/auth.go:161.37,163.13 2 0
github.com/pintuotuo/backend/handlers/auth.go:163.13,166.3 2 0
github.com/pintuotuo/backend/handlers/auth.go:168.2,170.9 3 0
github.com/pintuotuo/backend/handlers/auth.go:170.9,173.3 2 0
github.com/pintuotuo/backend/handlers/auth.go:176.2,177.61 2 0
github.com/pintuotuo/backend/handlers/auth.go:177.61,179.67 2 0
github.com/pintuotuo/backend/handlers/auth.go:179.67,182.4 2 0
github.com/pintuotuo/backend/handlers/auth.go:185.2,193.16 4 0
github.com/pintuotuo/backend/handlers/auth.go:193.16,196.3 2 0
github.com/pintuotuo/backend/handlers/auth.go:199.2,199.53 1 0
github.com/pintuotuo/backend/handlers/auth.go:199.53,201.3 1 0
github.com/pintuotuo/backend/handlers/auth.go:203.2,203.29 1 0
github.com/pintuotuo/backend/handlers/auth.go:207.40,209.13 2 0
github.com/pintuotuo/backend/handlers/auth.go:209.13,212.3 2 0
github.com/pintuotuo/backend/handlers/auth.go:214.2,217.47 2 0
github.com/pintuotuo/backend/handlers/auth.go:217.47,220.3 2 0
github.com/pintuotuo/backend/handlers/auth.go:222.2,230.16 4 0
github.com/pintuotuo/backend/handlers/auth.go:230.16,238.3 2 0
github.com/pintuotuo/backend/handlers/auth.go:241.2,245.29 4 0
github.com/pintuotuo/backend/handlers/auth.go:249.34,257.61 5 0
github.com/pintuotuo/backend/handlers/auth.go:257.61,259.67 2 0
github.com/pintuotuo/backend/handlers/auth.go:259.67,262.4 2 0
github.com/pintuotuo/backend/handlers/auth.go:265.2,273.16 4 0
github.com/pintuotuo/backend/handlers/auth.go:273.16,276.3 2 0
github.com/pintuotuo/backend/handlers/auth.go:279.2,279.53 1 0
github.com/pintuotuo/backend/handlers/auth.go:279.53,281.3 1 0
github.com/pintuotuo/backend/handlers/auth.go:283.2,283.29 1 0
github.com/pintuotuo/backend/handlers/auth.go:287.33,294.47 3 0
github.com/pintuotuo/backend/handlers/auth.go:294.47,297.3 2 0
github.com/pintuotuo/backend/handlers/auth.go:299.2,307.16 4 0
github.com/pintuotuo/backend/handlers/auth.go:307.16,315.3 2 0
github.com/pintuotuo/backend/handlers/auth.go:318.2,321.29 3 0
github.com/pintuotuo/backend/handlers/auth.go:325.35,327.13 2 0
github.com/pintuotuo/backend/handlers/auth.go:327.13,330.3 2 0
github.com/pintuotuo/backend/handlers/auth.go:332.2,333.15 2 0
github.com/pintuotuo/backend/handlers/auth.go:333.15,336.3 2 0
github.com/pintuotuo/backend/handlers/auth.go:339.2,345.16 3 0
github.com/pintuotuo/backend/handlers/auth.go:345.16,348.3 2 0
github.com/pintuotuo/backend/handlers/auth.go:351.2,356.4 2 0
github.com/pintuotuo/backend/handlers/auth.go:371.43,373.47 2 0
github.com/pintuotuo/backend/handlers/auth.go:373.47,376.3 2 0
github.com/pintuotuo/backend/handlers/auth.go:378.2,379.15 2 0
github.com/pintuotuo/backend/handlers/auth.go:379.15,382.3 2 0
github.com/pintuotuo/backend/handlers/auth.go:385.2,391.16 3 0
github.com/pintuotuo/backend/handlers/auth.go:391.16,397.3 2 0
github.com/pintuotuo/backend/handlers/auth.go:400.2,410.16 3 0
github.com/pintuotuo/backend/handlers/auth.go:410.16,418.3 2 0
github.com/pintuotuo/backend/handlers/auth.go:422.2,428.4 2 0
github.com/pintuotuo/backend/handlers/auth.go:432.36,434.47 2 0
github.com/pintuotuo/backend/handlers/auth.go:434.47,437.3 2 0
github.com/pintuotuo/backend/handlers/auth.go:439.2,440.15 2 0
github.com/pintuotuo/backend/handlers/auth.go:440.15,443.3 2 0
github.com/pintuotuo/backend/handlers/auth.go:446.2,453.47 4 0
github.com/pintuotuo/backend/handlers/auth.go:453.47,461.3 2 0
github.com/pintuotuo/backend/handlers/auth.go:464.2,472.16 3 0
github.com/pintuotuo/backend/handlers/auth.go:472.16,480.3 2 0
github.com/pintuotuo/backend/handlers/auth.go:483.2,489.72 4 0
github.com/pintuotuo/backend/handlers/auth.go:492.44,501.2 3 0
github.com/pintuotuo/backend/handlers/auth.go:505.43,508.2 2 0
github.com/pintuotuo/backend/handlers/auth.go:510.49,512.2 1 0
github.com/pintuotuo/backend/handlers/auth.go:514.53,523.2 3 0
github.com/pintuotuo/backend/handlers/auth.go:525.46,526.42 1 1
github.com/pintuotuo/backend/handlers/auth.go:526.42,528.3 1 0
github.com/pintuotuo/backend/handlers/auth.go:529.2,529.21 1 1
github.com/pintuotuo/backend/handlers/consumption.go:16.44,18.13 2 0
github.com/pintuotuo/backend/handlers/consumption.go:18.13,21.3 2 0
github.com/pintuotuo/backend/handlers/consumption.go:22.2,23.9 2 0
github.com/pintuotuo/backend/handlers/consumption.go:23.9,26.3 2 0
github.com/pintuotuo/backend/handlers/consumption.go:28.2,36.14 8 0
github.com/pintuotuo/backend/handlers/consumption.go:36.14,38.3 1 0
github.com/pintuotuo/backend/handlers/consumption.go:39.2,39.36 1 0
github.com/pintuotuo/backend/handlers/consumption.go:39.36,41.3 1 0
github.com/pintuotuo/backend/handlers/consumption.go:43.2,44.15 2 0
github.com/pintuotuo/backend/handlers/consumption.go:44.15,47.3 2 0
github.com/pintuotuo/backend/handlers/consumption.go:49.2,53.21 4 0
github.com/pintuotuo/backend/handlers/consumption.go:53.21,57.3 3 0
github.com/pintuotuo/backend/handlers/consumption.go:58.2,58.19 1 0
github.com/pintuotuo/backend/handlers/consumption.go:58.19,62.3 3 0
github.com/pintuotuo/backend/handlers/consumption.go:63.2,63.48 1 0
github.com/pintuotuo/backend/handlers/consumption.go:63.48,67.3 3 0
github.com/pintuotuo/backend/handlers/consumption.go:69.2,78.16 8 0
github.com/pintuotuo/backend/handlers/consumption.go:78.16,81.3 2 0
github.com/pintuotuo/backend/handlers/consumption.go:82.2,85.18 3 0
github.com/pintuotuo/backend/handlers/consumption.go:85.18,92.17 6 0
github.com/pintuotuo/backend/handlers/consumption.go:92.17,93.12 1 0
github.com/pintuotuo/backend/handlers/consumption.go:96.3,109.5 1 0
github.com/pintuotuo/backend/handlers/consumption.go:112.2,117.4 1 0
github.com/pintuotuo/backend/handlers/consumption.go:120.42,122.13 2 0
github.com/pintuotuo/backend/handlers/consumption.go:122.13,125.3 2 0
github.com/pintuotuo/backend/handlers/consumption.go:126.2,127.9 2 0
github.com/pintuotuo/backend/handlers/consumption.go:127.9,130.3 2 0
github.com/pintuotuo/backend/handlers/consumption.go:132.2,137.15 5 0
github.com/pintuotuo/backend/handlers/consumption.go:137.15,140.3 2 0
github.com/pintuotuo/backend/handlers/consumption.go:142.2,146.21 4 0
github.com/pintuotuo/backend/handlers/consumption.go:146.21,150.3 3 0
github.com/pintuotuo/backend/handlers/consumption.go:151.2,151.19 1 0
github.com/pintuotuo/backend/handlers/consumption.go:151.19,155.3 3 0
github.com/pintuotuo/backend/handlers/consumption.go:156.2,156.48 1 0
github.com/pintuotuo/backend/handlers/consumption.go:156.48,159.3 2 0
github.com/pintuotuo/backend/handlers/consumption.go:161.2,173.16 6 0
github.com/pintuotuo/backend/handlers/consumption.go:173.16,176.3 2 0
github.com/pintuotuo/backend/handlers/consumption.go:177.2,180.18 3 0
github.com/pintuotuo/backend/handlers/consumption.go:180.18,184.54 4 0
github.com/pintuotuo/backend/handlers/consumption.go:184.54,185.12 1 0
github.com/pintuotuo/backend/handlers/consumption.go:187.3,191.5 1 0
github.com/pintuotuo/backend/handlers/consumption.go:194.2,197.4 1 0
github.com/pintuotuo/backend/handlers/health.go:47.34,54.16 5 0
github.com/pintuotuo/backend/handlers/health.go:54.16,59.3 1 0
github.com/pintuotuo/backend/handlers/health.go:59.8,64.3 1 0
github.com/pintuotuo/backend/handlers/health.go:66.2,70.21 4 0
github.com/pintuotuo/backend/handlers/health.go:70.21,75.3 1 0
github.com/pintuotuo/backend/handlers/health.go:75.8,80.3 1 0
github.com/pintuotuo/backend/handlers/health.go:82.2,95.31 5 0
github.com/pintuotuo/backend/handlers/health.go:95.31,96.30 1 0
github.com/pintuotuo/backend/handlers/health.go:96.30,98.9 2 0
github.com/pintuotuo/backend/handlers/health.go:102.2,108.4 1 0
github.com/pintuotuo/backend/handlers/health.go:111.30,113.18 2 0
github.com/pintuotuo/backend/handlers/health.go:113.18,118.3 2 0
github.com/pintuotuo/backend/handlers/health.go:120.2,129.4 1 0
github.com/pintuotuo/backend/handlers/health.go:132.33,133.60 1 0
github.com/pintuotuo/backend/handlers/health.go:133.60,139.3 2 0
github.com/pintuotuo/backend/handlers/health.go:141.2,143.4 1 0
github.com/pintuotuo/backend/handlers/health.go:146.32,150.2 1 0
github.com/pintuotuo/backend/handlers/merchant.go:19.39,21.13 2 0
github.com/pintuotuo/backend/handlers/merchant.go:21.13,24.3 2 0
github.com/pintuotuo/backend/handlers/merchant.go:26.2,27.9 2 0
github.com/pintuotuo/backend/handlers/merchant.go:27.9,30.3 2 0
github.com/pintuotuo/backend/handlers/merchant.go:32.2,42.47 2 0
github.com/pintuotuo/backend/handlers/merchant.go:42.47,45.3 2 0
github.com/pintuotuo/backend/handlers/merchant.go:47.2,48.15 2 0
github.com/pintuotuo/backend/handlers/merchant.go:48.15,51.3 2 0
github.com/pintuotuo/backend/handlers/merchant.go:53.2,55.16 3 0
github.com/pintuotuo/backend/handlers/merchant.go:55.16,58.3 2 0
github.com/pintuotuo/backend/handlers/merchant.go:60.2,70.16 3 0
github.com/pintuotuo/backend/handlers/merchant.go:70.16,78.3 2 0
github.com/pintuotuo/backend/handlers/merchant.go:80.2,81.16 2 0
github.com/pintuotuo/backend/handlers/merchant.go:81.16,89.3 2 0
github.com/pintuotuo/backend/handlers/merchant.go:91.2,91.38 1 0
github.com/pintuotuo/backend/handlers/merchant.go:94.41,96.13 2 0
github.com/pintuotuo/backend/handlers/merchant.go:96.13,99.3 2 0
github.com/pintuotuo/backend/handlers/merchant.go:101.2,102.9 2 0
github.com/pintuotuo/backend/handlers/merchant.go:102.9,105.3 2 0
github.com/pintuotuo/backend/handlers/merchant.go:107.2,110.65 3 0
github.com/pintuotuo/backend/handlers/merchant.go:110.65,112.75 2 0
github.com/pintuotuo/backend/handlers/merchant.go:112.75,115.4 2 0
github.com/pintuotuo/backend/handlers/merchant.go:118.2,119.15 2 0
github.com/pintuotuo/backend/handlers/merchant.go:119.15,122.3 2 0
github.com/pintuotuo/backend/handlers/merchant.go:124.2,134.26 4 0
github.com/pintuotuo/backend/handlers/merchant.go:134.26,142.3 2 0
github.com/pintuotuo/backend/handlers/merchant.go:142.8,142.23 1 0
github.com/pintuotuo/backend/handlers/merchant.go:142.23,145.3 2 0
github.com/pintuotuo/backend/handlers/merchant.go:147.2,147.22 1 0
github.com/pintuotuo/backend/handlers/merchant.go:147.22,149.3 1 0
github.com/pintuotuo/backend/handlers/merchant.go:151.2,151.61 1 0
github.com/pintuotuo/backend/handlers/merchant.go:151.61,153.3 1 0
github.com/pintuotuo/backend/handlers/merchant.go:155.2,155.33 1 0
github.com/pintuotuo/backend/handlers/merchant.go:158.44,160.13 2 0
github.com/pintuotuo/backend/handlers/merchant.go:160.13,163.3 2 0
github.com/pintuotuo/backend/handlers/merchant.go:165.2,166.9 2 0
github.com/pintuotuo/backend/handlers/merchant.go:166.9,169.3 2 0
github.com/pintuotuo/backend/handlers/merchant.go:171.2,181.47 2 0
github.com/pintuotuo/backend/handlers/merchant.go:181.47,184.3 2 0
github.com/pintuotuo/backend/handlers/merchant.go:186.2,187.15 2 0
github.com/pintuotuo/backend/handlers/merchant.go:187.15,190.3 2 0
github.com/pintuotuo/backend/handlers/merchant.go:192.2,211.26 4 0
github.com/pintuotuo/backend/handlers/merchant.go:211.26,219.3 2 0
github.com/pintuotuo/backend/handlers/merchant.go:219.8,219.23 1 0
github.com/pintuotuo/backend/handlers/merchant.go:219.23,222.3 2 0
github.com/pintuotuo/backend/handlers/merchant.go:224.2,224.22 1 0
github.com/pintuotuo/backend/handlers/merchant.go:224.22,226.3 1 0
github.com/pintuotuo/backend/handlers/merchant.go:228.2,231.33 3 0
github.com/pintuotuo/backend/handlers/merchant.go:234.39,236.13 2 0
github.com/pintuotuo/backend/handlers/merchant.go:236.13,239.3 2 0
github.com/pintuotuo/backend/handlers/merchant.go:241.2,242.9 2 0
github.com/pintuotuo/backend/handlers/merchant.go:242.9,245.3 2 0
github.com/pintuotuo/backend/handlers/merchant.go:247.2,248.15 2 0
github.com/pintuotuo/backend/handlers/merchant.go:248.15,251.3 2 0
github.com/pintuotuo/backend/handlers/merchant.go:253.2,255.16 3 0
github.com/pintuotuo/backend/handlers/merchant.go:255.16,263.3 2 0
github.com/pintuotuo/backend/handlers/merchant.go:265.2,307.4 10 0
github.com/pintuotuo/backend/handlers/merchant.go:310.42,312.13 2 0
github.com/pintuotuo/backend/handlers/merchant.go:312.13,315.3 2 0
github.com/pintuotuo/backend/handlers/merchant.go:317.2,318.9 2 0
github.com/pintuotuo/backend/handlers/merchant.go:318.9,321.3 2 0
github.com/pintuotuo/backend/handlers/merchant.go:323.2,324.15 2 0
github.com/pintuotuo/backend/handlers/merchant.go:324.15,327.3 2 0
github.com/pintuotuo/backend/handlers/merchant.go:329.2,331.16 3 0
github.com/pintuotuo/backend/handlers/merchant.go:331.16,339.3 2 0
github.com/pintuotuo/backend/handlers/merchant.go:341.2,348.30 7 0
github.com/pintuotuo/backend/handlers/merchant.go:348.30,350.3 1 0
github.com/pintuotuo/backend/handlers/merchant.go:351.2,352.45 2 0
github.com/pintuotuo/backend/handlers/merchant.go:352.45,354.3 1 0
github.com/pintuotuo/backend/handlers/merchant.go:356.2,359.37 3 0
github.com/pintuotuo/backend/handlers/merchant.go:359.37,365.3 1 0
github.com/pintuotuo/backend/handlers/merchant.go:365.8,371.3 1 0
github.com/pintuotuo/backend/handlers/merchant.go:373.2,373.16 1 0
github.com/pintuotuo/backend/handlers/merchant.go:373.16,376.3 2 0
github.com/pintuotuo/backend/handlers/merchant.go:377.2,380.18 3 0
github.com/pintuotuo/backend/handlers/merchant.go:380.18,384.17 3 0
github.com/pintuotuo/backend/handlers/merchant.go:384.17,387.4 2 0
github.com/pintuotuo/backend/handlers/merchant.go:388.3,388.33 1 0
github.com/pintuotuo/backend/handlers/merchant.go:391.2,392.37 2 0
github.com/pintuotuo/backend/handlers/merchant.go:392.37,394.3 1 0
github.com/pintuotuo/backend/handlers/merchant.go:394.8,396.3 1 0
github.com/pintuotuo/backend/handlers/merchant.go:398.2,403.4 1 0
github.com/pintuotuo/backend/handlers/merchant.go:406.40,408.13 2 0
github.com/pintuotuo/backend/handlers/merchant.go:408.13,411.3 2 0
github.com/pintuotuo/backend/handlers/merchant.go:413.2,414.9 2 0
github.com/pintuotuo/backend/handlers/merchant.go:414.9,417.3 2 0
github.com/pintuotuo/backend/handlers/merchant.go:419.2,420.15 2 0
github.com/pintuotuo/backend/handlers/merchant.go:420.15,423.3 2 0
github.com/pintuotuo/backend/handlers/merchant.go:425.2,427.16 3 0
github.com/pintuotuo/backend/handlers/merchant.go:427.16,435.3 2 0
github.com/pintuotuo/backend/handlers/merchant.go:437.2,444.34 7 0
github.com/pintuotuo/backend/handlers/merchant.go:444.34,446.3 1 0
github.com/pintuotuo/backend/handlers/merchant.go:447.2,448.51 2 0
github.com/pintuotuo/backend/handlers/merchant.go:448.51,450.3 1 0
github.com/pintuotuo/backend/handlers/merchant.go:452.2,455.37 3 0
github.com/pintuotuo/backend/handlers/merchant.go:455.37,464.3 1 0
github.com/pintuotuo/backend/handlers/merchant.go:464.8,473.3 1 0
github.com/pintuotuo/backend/handlers/merchant.go:475.2,475.16 1 0
github.com/pintuotuo/backend/handlers/merchant.go:475.16,478.3 2 0
github.com/pintuotuo/backend/handlers/merchant.go:479.2,487.18 4 0
github.com/pintuotuo/backend/handlers/merchant.go:487.18,491.17 3 0
github.com/pintuotuo/backend/handlers/merchant.go:491.17,494.4 2 0
github.com/pintuotuo/backend/handlers/merchant.go:495.3,495.29 1 0
github.com/pintuotuo/backend/handlers/merchant.go:498.2,499.37 2 0
github.com/pintuotuo/backend/handlers/merchant.go:499.37,504.3 1 0
github.com/pintuotuo/backend/handlers/merchant.go:504.8,509.3 1 0
github.com/pintuotuo/backend/handlers/merchant.go:511.2,516.4 1 0
github.com/pintuotuo/backend/handlers/merchant.go:519.45,521.13 2 0
github.com/pintuotuo/backend/handlers/merchant.go:521.13,524.3 2 0
github.com/pintuotuo/backend/handlers/merchant.go:526.2,527.9 2 0
github.com/pintuotuo/backend/handlers/merchant.go:527.9,530.3 2 0
github.com/pintuotuo/backend/handlers/merchant.go:532.2,533.15 2 0
github.com/pintuotuo/backend/handlers/merchant.go:533.15,536.3 2 0
github.com/pintuotuo/backend/handlers/merchant.go:538.2,540.16 3 0
github.com/pintuotuo/backend/handlers/merchant.go:540.16,548.3 2 0
github.com/pintuotuo/backend/handlers/merchant.go:550.2,556.16 2 0
github.com/pintuotuo/backend/handlers/merchant.go:556.16,559.3 2 0
github.com/pintuotuo/backend/handlers/merchant.go:560.2,563.18 3 0
github.com/pintuotuo/backend/handlers/merchant.go:563.18,568.17 4 0
github.com/pintuotuo/backend/handlers/merchant.go:568.17,571.4 2 0
github.com/pintuotuo/backend/handlers/merchant.go:572.3,572.22 1 0
github.com/pintuotuo/backend/handlers/merchant.go:572.22,574.4 1 0
github.com/pintuotuo/backend/handlers/merchant.go:575.3,575.39 1 0
github.com/pintuotuo/backend/handlers/merchant.go:578.2,580.4 1 0
github.com/pintuotuo/backend/handlers/merchant.go:583.38,585.2 1 0
github.com/pintuotuo/backend/handlers/merchant_apikey.go:20.43,22.13 2 0
github.com/pintuotuo/backend/handlers/merchant_apikey.go:22.13,25.3 2 0
github.com/pintuotuo/backend/handlers/merchant_apikey.go:27.2,28.9 2 0
github.com/pintuotuo/backend/handlers/merchant_apikey.go:28.9,31.3 2 0
github.com/pintuotuo/backend/handlers/merchant_apikey.go:33.2,41.55 2 0
github.com/pintuotuo/backend/handlers/merchant_apikey.go:41.55,44.3 2 0
github.com/pintuotuo/backend/handlers/merchant_apikey.go:46.2,47.15 2 0
github.com/pintuotuo/backend/handlers/merchant_apikey.go:47.15,50.3 2 0
github.com/pintuotuo/backend/handlers/merchant_apikey.go:52.2,54.16 3 0
github.com/pintuotuo/backend/handlers/merchant_apikey.go:54.16,62.3 2 0
github.com/pintuotuo/backend/handlers/merchant_apikey.go:64.2,65.16 2 0
github.com/pintuotuo/backend/handlers/merchant_apikey.go:65.16,73.3 2 0
github.com/pintuotuo/backend/handlers/merchant_apikey.go:75.2,76.25 2 0
github.com/pintuotuo/backend/handlers/merchant_apikey.go:76.25,78.17 2 0
github.com/pintuotuo/backend/handlers/merchant_apikey.go:78.17,86.4 2 0
github.com/pintuotuo/backend/handlers/merchant_apikey.go:89.2,97.16 3 0
github.com/pintuotuo/backend/handlers/merchant_apikey.go:97.16,105.3 2 0
github.com/pintuotuo/backend/handlers/merchant_apikey.go:107.2,110.36 3 0
github.com/pintuotuo/backend/handlers/merchant_apikey.go:113.42,115.13 2 0
github.com/pintuotuo/backend/handlers/merchant_apikey.go:115.13,118.3 2 0
github.com/pintuotuo/backend/handlers/merchant_apikey.go:120.2,121.9 2 0
github.com/pintuotuo/backend/handlers/merchant_apikey.go:121.9,124.3 2 0
github.com/pintuotuo/backend/handlers/merchant_apikey.go:126.2,127.15 2 0
github.com/pintuotuo/backend/handlers/merchant_apikey.go:127.15,130.3 2 0
github.com/pintuotuo/backend/handlers/merchant_apikey.go:132.2,134.16 3 0
github.com/pintuotuo/backend/handlers/merchant_apikey.go:134.16,142.3 2 0
github.com/pintuotuo/backend/handlers/merchant_apikey.go:144.2,147.71 3 0
github.com/pintuotuo/backend/handlers/merchant_apikey.go:147.71,149.88 2 0
github.com/pintuotuo/backend/handlers/merchant_apikey.go:149.88,152.4 2 0
github.com/pintuotuo/backend/handlers/merchant_apikey.go:155.2,161.16 2 0
github.com/pintuotuo/backend/handlers/merchant_apikey.go:161.16,164.3 2 0
github.com/pintuotuo/backend/handlers/merchant_apikey.go:165.2,168.18 3 0
github.com/pintuotuo/backend/handlers/merchant_apikey.go:168.18,172.17 4 0
github.com/pintuotuo/backend/handlers/merchant_apikey.go:172.17,175.4 2 0
github.com/pintuotuo/backend/handlers/merchant_apikey.go:176.3,176.23 1 0
github.com/pintuotuo/backend/handlers/merchant_apikey.go:176.23,178.4 1 0
github.com/pintuotuo/backend/handlers/merchant_apikey.go:179.3,179.33 1 0
github.com/pintuotuo/backend/handlers/merchant_apikey.go:182.2,182.59 1 0
github.com/pintuotuo/backend/handlers/merchant_apikey.go:182.59,184.3 1 0
github.com/pintuotuo/backend/handlers/merchant_apikey.go:186.2,186.47 1 0
github.com/pintuotuo/backend/handlers/merchant_apikey.go:189.43,191.13 2 0
github.com/pintuotuo/backend/handlers/merchant_apikey.go:191.13,194.3 2 0
github.com/pintuotuo/backend/handlers/merchant_apikey.go:196.2,197.9 2 0
github.com/pintuotuo/backend/handlers/merchant_apikey.go:197.9,200.3 2 0
github.com/pintuotuo/backend/handlers/merchant_apikey.go:202.2,204.16 3 0
github.com/pintuotuo/backend/handlers/merchant_apikey.go:204.16,207.3 2 0
github.com/pintuotuo/backend/handlers/merchant_apikey.go:209.2,215.57 2 0
github.com/pintuotuo/backend/handlers/merchant_apikey.go:215.57,218.3 2 0
github.com/pintuotuo/backend/handlers/merchant_apikey.go:220.2,221.15 2 0
github.com/pintuotuo/backend/handlers/merchant_apikey.go:221.15,224.3 2 0
github.com/pintuotuo/backend/handlers/merchant_apikey.go:226.2,228.16 3 0
github.com/pintuotuo/backend/handlers/merchant_apikey.go:228.16,236.3 2 0
github.com/pintuotuo/backend/handlers/merchant_apikey.go:238.2,251.26 4 0
github.com/pintuotuo/backend/handlers/merchant_apikey.go:251.26,259.3 2 0
github.com/pintuotuo/backend/handlers/merchant_apikey.go:259.8,259.23 1 0
github.com/pintuotuo/backend/handlers/merchant_apikey.go:259.23,262.3 2 0
github.com/pintuotuo/backend/handlers/merchant_apikey.go:264.2,264.22 1 0
github.com/pintuotuo/backend/handlers/merchant_apikey.go:264.22,266.3 1 0
github.com/pintuotuo/backend/handlers/merchant_apikey.go:268.2,271.31 3 0
github.com/pintuotuo/backend/handlers/merchant_apikey.go:274.43,276.13 2 0
github.com/pintuotuo/backend/handlers/merchant_apikey.go:276.13,279.3 2 0
github.com/pintuotuo/backend/handlers/merchant_apikey.go:281.2,282.9 2 0
github.com/pintuotuo/backend/handlers/merchant_apikey.go:282.9,285.3 2 0
github.com/pintuotuo/backend/handlers/merchant_apikey.go:287.2,289.16 3 0
github.com/pintuotuo/backend/handlers/merchant_apikey.go:289.16,292.3 2 0
github.com/pintuotuo/backend/handlers/merchant_apikey.go:294.2,295.15 2 0
github.com/pintuotuo/backend/handlers/merchant_apikey.go:295.15,298.3 2 0
github.com/pintuotuo/backend/handlers/merchant_apikey.go:300.2,302.16 3 0
github.com/pintuotuo/backend/handlers/merchant_apikey.go:302.16,310.3 2 0
github.com/pintuotuo/backend/handlers/merchant_apikey.go:312.2,313.16 2 0
github.com/pintuotuo/backend/handlers/merchant_apikey.go:313.16,316.3 2 0
github.com/pintuotuo/backend/handlers/merchant_apikey.go:318.2,319.23 2 0
github.com/pintuotuo/backend/handlers/merchant_apikey.go:319.23,327.3 2 0
github.com/pintuotuo/backend/handlers/merchant_apikey.go:329.2,332.73 3 0
github.com/pintuotuo/backend/handlers/merchant_apikey.go:335.45,337.13 2 0
github.com/pintuotuo/backend/handlers/merchant_apikey.go:337.13,340.3 2 0
github.com/pintuotuo/backend/handlers/merchant_apikey.go:342.2,343.9 2 0
github.com/pintuotuo/backend/handlers/merchant_apikey.go:343.9,346.3 2 0
github.com/pintuotuo/backend/handlers/merchant_apikey.go:348.2,349.15 2 0
github.com/pintuotuo/backend/handlers/merchant_apikey.go:349.15,352.3 2 0
github.com/pintuotuo/backend/handlers/merchant_apikey.go:354.2,356.16 3 0
github.com/pintuotuo/backend/handlers/merchant_apikey.go:356.16,364.3 2 0
github.com/pintuotuo/backend/handlers/merchant_apikey.go:366.2,373.16 2 0
github.com/pintuotuo/backend/handlers/merchant_apikey.go:373.16,376.3 2 0
github.com/pintuotuo/backend/handlers/merchant_apikey.go:377.2,389.18 4 0
github.com/pintuotuo/backend/handlers/merchant_apikey.go:389.18,392.17 3 0
github.com/pintuotuo/backend/handlers/merchant_apikey.go:392.17,395.4 2 0
github.com/pintuotuo/backend/handlers/merchant_apikey.go:396.3,396.39 1 0
github.com/pintuotuo/backend/handlers/merchant_apikey.go:399.2,399.49 1 0
github.com/pintuotuo/backend/handlers/merchant_apikey.go:402.40,404.13 2 0
github.com/pintuotuo/backend/handlers/merchant_apikey.go:404.13,407.3 2 0
github.com/pintuotuo/backend/handlers/merchant_apikey.go:409.2,410.9 2 0
github.com/pintuotuo/backend/handlers/merchant_apikey.go:410.9,413.3 2 0
github.com/pintuotuo/backend/handlers/merchant_apikey.go:415.2,416.15 2 0
github.com/pintuotuo/backend/handlers/merchant_apikey.go:416.15,419.3 2 0
github.com/pintuotuo/backend/handlers/merchant_apikey.go:421.2,423.16 3 0
github.com/pintuotuo/backend/handlers/merchant_apikey.go:423.16,431.3 2 0
github.com/pintuotuo/backend/handlers/merchant_apikey.go:433.2,435.27 3 0
github.com/pintuotuo/backend/handlers/merchant_apikey.go:435.27,438.3 2 0
github.com/pintuotuo/backend/handlers/merchant_apikey.go:440.2,449.22 3 0
github.com/pintuotuo/backend/handlers/merchant_apikey.go:449.22,452.3 2 0
github.com/pintuotuo/backend/handlers/merchant_apikey.go:454.2,467.16 7 0
github.com/pintuotuo/backend/handlers/merchant_apikey.go:467.16,475.3 2 0
github.com/pintuotuo/backend/handlers/merchant_apikey.go:477.2,477.40 1 0
github.com/pintuotuo/backend/handlers/merchant_apikey.go:480.42,482.13 2 0
github.com/pintuotuo/backend/handlers/merchant_apikey.go:482.13,485.3 2 0
github.com/pintuotuo/backend/handlers/merchant_apikey.go:487.2,488.9 2 0
github.com/pintuotuo/backend/handlers/merchant_apikey.go:488.9,491.3 2 0
github.com/pintuotuo/backend/handlers/merchant_apikey.go:493.2,495.16 3 0
github.com/pintuotuo/backend/handlers/merchant_apikey.go:495.16,498.3 2 0
github.com/pintuotuo/backend/handlers/merchant_apikey.go:500.2,501.15 2 0
github.com/pintuotuo/backend/handlers/merchant_apikey.go:501.15,504.3 2 0
github.com/pintuotuo/backend/handlers/merchant_apikey.go:506.2,508.16 3 0
github.com/pintuotuo/backend/handlers/merchant_apikey.go:508.16,516.3 2 0
github.com/pintuotuo/backend/handlers/merchant_apikey.go:518.2,526.26 4 0
github.com/pintuotuo/backend/handlers/merchant_apikey.go:526.26,534.3 2 0
github.com/pintuotuo/backend/handlers/merchant_apikey.go:534.8,534.23 1 0
github.com/pintuotuo/backend/handlers/merchant_apikey.go:534.23,537.3 2 0
github.com/pintuotuo/backend/handlers/merchant_apikey.go:539.2,539.21 1 0
github.com/pintuotuo/backend/handlers/merchant_apikey.go:539.21,541.3 1 0
github.com/pintuotuo/backend/handlers/merchant_apikey.go:543.2,543.35 1 0
github.com/pintuotuo/backend/handlers/notification.go:16.39,18.13 2 0
github.com/pintuotuo/backend/handlers/notification.go:18.13,21.3 2 0
github.com/pintuotuo/backend/handlers/notification.go:22.2,23.9 2 0
github.com/pintuotuo/backend/handlers/notification.go:23.9,26.3 2 0
github.com/pintuotuo/backend/handlers/notification.go:28.2,29.15 2 0
github.com/pintuotuo/backend/handlers/notification.go:29.15,32.3 2 0
github.com/pintuotuo/backend/handlers/notification.go:34.2,37.17 4 0
github.com/pintuotuo/backend/handlers/notification.go:37.17,39.3 1 0
github.com/pintuotuo/backend/handlers/notification.go:41.2,44.16 3 0
github.com/pintuotuo/backend/handlers/notification.go:44.16,46.3 1 0
github.com/pintuotuo/backend/handlers/notification.go:48.2,52.16 4 0
github.com/pintuotuo/backend/handlers/notification.go:52.16,55.3 2 0
github.com/pintuotuo/backend/handlers/notification.go:56.2,59.18 3 0
github.com/pintuotuo/backend/handlers/notification.go:59.18,68.17 8 0
github.com/pintuotuo/backend/handlers/notification.go:68.17,69.12 1 0
github.com/pintuotuo/backend/handlers/notification.go:72.3,73.18 2 0
github.com/pintuotuo/backend/handlers/notification.go:73.18,75.4 1 0
github.com/pintuotuo/backend/handlers/notification.go:77.3,86.5 1 0
github.com/pintuotuo/backend/handlers/notification.go:89.2,89.38 1 0
github.com/pintuotuo/backend/handlers/notification.go:92.37,94.13 2 0
github.com/pintuotuo/backend/handlers/notification.go:94.13,97.3 2 0
github.com/pintuotuo/backend/handlers/notification.go:98.2,99.9 2 0
github.com/pintuotuo/backend/handlers/notification.go:99.9,102.3 2 0
github.com/pintuotuo/backend/handlers/notification.go:104.2,105.15 2 0
github.com/pintuotuo/backend/handlers/notification.go:105.15,108.3 2 0
github.com/pintuotuo/backend/handlers/notification.go:110.2,112.16 3 0
github.com/pintuotuo/backend/handlers/notification.go:112.16,115.3 2 0
github.com/pintuotuo/backend/handlers/notification.go:117.2,117.46 1 0
github.com/pintuotuo/backend/handlers/notification.go:120.43,122.13 2 0
github.com/pintuotuo/backend/handlers/notification.go:122.13,125.3 2 0
github.com/pintuotuo/backend/handlers/notification.go:126.2,127.9 2 0
github.com/pintuotuo/backend/handlers/notification.go:127.9,130.3 2 0
github.com/pintuotuo/backend/handlers/notification.go:132.2,135.15 3 0
github.com/pintuotuo/backend/handlers/notification.go:135.15,138.3 2 0
github.com/pintuotuo/backend/handlers/notification.go:140.2,144.16 2 0
github.com/pintuotuo/backend/handlers/notification.go:144.16,147.3 2 0
github.com/pintuotuo/backend/handlers/notification.go:149.2,150.23 2 0
github.com/pintuotuo/backend/handlers/notification.go:150.23,158.3 2 0
github.com/pintuotuo/backend/handlers/notification.go:160.2,160.72 1 0
github.com/pintuotuo/backend/handlers/notification.go:163.47,165.13 2 0
github.com/pintuotuo/backend/handlers/notification.go:165.13,168.3 2 0
github.com/pintuotuo/backend/handlers/notification.go:169.2,170.9 2 0
github.com/pintuotuo/backend/handlers/notification.go:170.9,173.3 2 0
github.com/pintuotuo/backend/handlers/notification.go:175.2,176.15 2 0
github.com/pintuotuo/backend/handlers/notification.go:176.15,179.3 2 0
github.com/pintuotuo/backend/handlers/notification.go:181.2,185.16 2 0
github.com/pintuotuo/backend/handlers/notification.go:185.16,188.3 2 0
github.com/pintuotuo/backend/handlers/notification.go:190.2,190.77 1 0
github.com/pintuotuo/backend/handlers/notification.go:193.42,195.13 2 0
github.com/pintuotuo/backend/handlers/notification.go:195.13,198.3 2 0
github.com/pintuotuo/backend/handlers/notification.go:199.2,200.9 2 0
github.com/pintuotuo/backend/handlers/notification.go:200.9,203.3 2 0
github.com/pintuotuo/backend/handlers/notification.go:205.2,211.47 2 0
github.com/pintuotuo/backend/handlers/notification.go:211.47,214.3 2 0
github.com/pintuotuo/backend/handlers/notification.go:216.2,217.15 2 0
github.com/pintuotuo/backend/handlers/notification.go:217.15,220.3 2 0
github.com/pintuotuo/backend/handlers/notification.go:222.2,228.16 2 0
github.com/pintuotuo/backend/handlers/notification.go:228.16,236.3 2 0
github.com/pintuotuo/backend/handlers/notification.go:238.2,238.68 1 0
github.com/pintuotuo/backend/handlers/notification.go:241.44,243.13 2 0
github.com/pintuotuo/backend/handlers/notification.go:243.13,246.3 2 0
github.com/pintuotuo/backend/handlers/notification.go:247.2,248.9 2 0
github.com/pintuotuo/backend/handlers/notification.go:248.9,251.3 2 0
github.com/pintuotuo/backend/handlers/notification.go:253.2,257.47 2 0
github.com/pintuotuo/backend/handlers/notification.go:257.47,260.3 2 0
github.com/pintuotuo/backend/handlers/notification.go:262.2,263.15 2 0
github.com/pintuotuo/backend/handlers/notification.go:263.15,266.3 2 0
github.com/pintuotuo/backend/handlers/notification.go:268.2,272.16 2 0
github.com/pintuotuo/backend/handlers/notification.go:272.16,275.3 2 0
github.com/pintuotuo/backend/handlers/notification.go:277.2,277.70 1 0
github.com/pintuotuo/backend/handlers/notification.go:280.106,282.15 2 0
github.com/pintuotuo/backend/handlers/notification.go:282.15,284.3 1 0
github.com/pintuotuo/backend/handlers/notification.go:286.2,287.17 2 0
github.com/pintuotuo/backend/handlers/notification.go:287.17,289.3 1 0
github.com/pintuotuo/backend/handlers/notification.go:291.2,295.12 2 0
github.com/pintuotuo/backend/handlers/order_and_group.go:21.34,23.13 2 0
github.com/pintuotuo/backend/handlers/order_and_group.go:23.13,26.3 2 0
github.com/pintuotuo/backend/handlers/order_and_group.go:28.2,34.47 2 0
github.com/pintuotuo/backend/handlers/order_and_group.go:34.47,37.3 2 0
github.com/pintuotuo/backend/handlers/order_and_group.go:39.2,40.15 2 0
github.com/pintuotuo/backend/handlers/order_and_group.go:40.15,43.3 2 0
github.com/pintuotuo/backend/handlers/order_and_group.go:46.2,52.16 3 0
github.com/pintuotuo/backend/handlers/order_and_group.go:52.16,55.3 2 0
github.com/pintuotuo/backend/handlers/order_and_group.go:57.2,57.34 1 0
github.com/pintuotuo/backend/handlers/order_and_group.go:57.34,60.3 2 0
github.com/pintuotuo/backend/handlers/order_and_group.go:62.2,63.16 2 0
github.com/pintuotuo/backend/handlers/order_and_group.go:63.16,71.3 2 0
github.com/pintuotuo/backend/handlers/order_and_group.go:72.2,78.16 3 0
github.com/pintuotuo/backend/handlers/order_and_group.go:78.16,86.3 2 0
github.com/pintuotuo/backend/handlers/order_and_group.go:88.2,89.23 2 0
github.com/pintuotuo/backend/handlers/order_and_group.go:89.23,92.3 2 0
github.com/pintuotuo/backend/handlers/order_and_group.go:94.2,102.16 4 0
github.com/pintuotuo/backend/handlers/order_and_group.go:102.16,110.3 2 0
github.com/pintuotuo/backend/handlers/order_and_group.go:112.2,112.36 1 0
github.com/pintuotuo/backend/handlers/order_and_group.go:112.36,120.3 2 0
github.com/pintuotuo/backend/handlers/order_and_group.go:122.2,122.35 1 0
github.com/pintuotuo/backend/handlers/order_and_group.go:126.33,128.13 2 0
github.com/pintuotuo/backend/handlers/order_and_group.go:128.13,131.3 2 0
github.com/pintuotuo/backend/handlers/order_and_group.go:133.2,139.17 5 0
github.com/pintuotuo/backend/handlers/order_and_group.go:139.17,141.3 1 0
github.com/pintuotuo/backend/handlers/order_and_group.go:142.2,142.40 1 0
github.com/pintuotuo/backend/handlers/order_and_group.go:142.40,144.3 1 0
github.com/pintuotuo/backend/handlers/order_and_group.go:146.2,149.15 3 0
github.com/pintuotuo/backend/handlers/order_and_group.go:149.15,152.3 2 0
github.com/pintuotuo/backend/handlers/order_and_group.go:154.2,158.16 2 0
github.com/pintuotuo/backend/handlers/order_and_group.go:158.16,161.3 2 0
github.com/pintuotuo/backend/handlers/order_and_group.go:162.2,165.18 3 0
github.com/pintuotuo/backend/handlers/order_and_group.go:165.18,168.17 3 0
github.com/pintuotuo/backend/handlers/order_and_group.go:168.17,171.4 2 0
github.com/pintuotuo/backend/handlers/order_and_group.go:172.3,172.29 1 0
github.com/pintuotuo/backend/handlers/order_and_group.go:175.2,183.4 3 0
github.com/pintuotuo/backend/handlers/order_and_group.go:187.35,189.13 2 0
github.com/pintuotuo/backend/handlers/order_and_group.go:189.13,192.3 2 0
github.com/pintuotuo/backend/handlers/order_and_group.go:194.2,199.62 5 0
github.com/pintuotuo/backend/handlers/order_and_group.go:199.62,201.69 2 0
github.com/pintuotuo/backend/handlers/order_and_group.go:201.69,202.36 1 0
github.com/pintuotuo/backend/handlers/order_and_group.go:202.36,205.5 2 0
github.com/pintuotuo/backend/handlers/order_and_group.go:209.2,210.15 2 0
github.com/pintuotuo/backend/handlers/order_and_group.go:210.15,213.3 2 0
github.com/pintuotuo/backend/handlers/order_and_group.go:215.2,221.16 3 0
github.com/pintuotuo/backend/handlers/order_and_group.go:221.16,224.3 2 0
github.com/pintuotuo/backend/handlers/order_and_group.go:226.2,226.55 1 0
github.com/pintuotuo/backend/handlers/order_and_group.go:226.55,228.3 1 0
github.com/pintuotuo/backend/handlers/order_and_group.go:230.2,230.30 1 0
github.com/pintuotuo/backend/handlers/order_and_group.go:234.34,236.13 2 0
github.com/pintuotuo/backend/handlers/order_and_group.go:236.13,239.3 2 0
github.com/pintuotuo/backend/handlers/order_and_group.go:241.2,244.15 3 0
github.com/pintuotuo/backend/handlers/order_and_group.go:244.15,247.3 2 0
github.com/pintuotuo/backend/handlers/order_and_group.go:249.2,259.16 3 0
github.com/pintuotuo/backend/handlers/order_and_group.go:259.16,262.3 2 0
github.com/pintuotuo/backend/handlers/order_and_group.go:264.2,264.44 1 0
github.com/pintuotuo/backend/handlers/order_and_group.go:264.44,267.3 2 0
github.com/pintuotuo/backend/handlers/order_and_group.go:269.2,270.16 2 0
github.com/pintuotuo/backend/handlers/order_and_group.go:270.16,278.3 2 0
github.com/pintuotuo/backend/handlers/order_and_group.go:279.2,287.16 4 0
github.com/pintuotuo/backend/handlers/order_and_group.go:287.16,295.3 2 0
github.com/pintuotuo/backend/handlers/order_and_group.go:297.2,301.16 2 0
github.com/pintuotuo/backend/handlers/order_and_group.go:301.16,309.3 2 0
github.com/pintuotuo/backend/handlers/order_and_group.go:311.2,311.36 1 0
github.com/pintuotuo/backend/handlers/order_and_group.go:311.36,319.3 2 0
github.com/pintuotuo/backend/handlers/order_and_group.go:321.2,323.30 2 0
github.com/pintuotuo/backend/handlers/order_and_group.go:327.34,329.13 2 0
github.com/pintuotuo/backend/handlers/order_and_group.go:329.13,332.3 2 0
github.com/pintuotuo/backend/handlers/order_and_group.go:334.2,340.47 2 0
github.com/pintuotuo/backend/handlers/order_and_group.go:340.47,343.3 2 0
github.com/pintuotuo/backend/handlers/order_and_group.go:346.2,346.37 1 0
github.com/pintuotuo/backend/handlers/order_and_group.go:346.37,349.3 2 0
github.com/pintuotuo/backend/handlers/order_and_group.go:351.2,352.15 2 0
github.com/pintuotuo/backend/handlers/order_and_group.go:352.15,355.3 2 0
github.com/pintuotuo/backend/handlers/order_and_group.go:358.2,360.16 3 0
github.com/pintuotuo/backend/handlers/order_and_group.go:360.16,363.3 2 0
github.com/pintuotuo/backend/handlers/order_and_group.go:365.2,371.16 3 0
github.com/pintuotuo/backend/handlers/order_and_group.go:371.16,379.3 2 0
github.com/pintuotuo/backend/handlers/order_and_group.go:381.2,381.35 1 0
github.com/pintuotuo/backend/handlers/order_and_group.go:385.33,393.17 6 0
github.com/pintuotuo/backend/handlers/order_and_group.go:393.17,395.3 1 0
github.com/pintuotuo/backend/handlers/order_and_group.go:396.2,396.40 1 0
github.com/pintuotuo/backend/handlers/order_and_group.go:396.40,398.3 1 0
github.com/pintuotuo/backend/handlers/order_and_group.go:400.2,403.15 3 0
github.com/pintuotuo/backend/handlers/order_and_group.go:403.15,406.3 2 0
github.com/pintuotuo/backend/handlers/order_and_group.go:408.2,412.16 2 0
github.com/pintuotuo/backend/handlers/order_and_group.go:412.16,415.3 2 0
github.com/pintuotuo/backend/handlers/order_and_group.go:416.2,419.18 3 0
github.com/pintuotuo/backend/handlers/order_and_group.go:419.18,422.17 3 0
github.com/pintuotuo/backend/handlers/order_and_group.go:422.17,425.4 2 0
github.com/pintuotuo/backend/handlers/order_and_group.go:426.3,426.29 1 0
github.com/pintuotuo/backend/handlers/order_and_group.go:429.2,437.4 3 0
github.com/pintuotuo/backend/handlers/order_and_group.go:441.35,447.62 5 0
github.com/pintuotuo/backend/handlers/order_and_group.go:447.62,449.69 2 0
github.com/pintuotuo/backend/handlers/order_and_group.go:449.69,452.4 2 0
github.com/pintuotuo/backend/handlers/order_and_group.go:455.2,456.15 2 0
github.com/pintuotuo/backend/handlers/order_and_group.go:456.15,459.3 2 0
github.com/pintuotuo/backend/handlers/order_and_group.go:461.2,467.16 3 0
github.com/pintuotuo/backend/handlers/order_and_group.go:467.16,470.3 2 0
github.com/pintuotuo/backend/handlers/order_and_group.go:472.2,472.55 1 0
github.com/pintuotuo/backend/handlers/order_and_group.go:472.55,474.3 1 0
github.com/pintuotuo/backend/handlers/order_and_group.go:476.2,476.30 1 0
github.com/pintuotuo/backend/handlers/order_and_group.go:480.32,482.13 2 0
github.com/pintuotuo/backend/handlers/order_and_group.go:482.13,485.3 2 0
github.com/pintuotuo/backend/handlers/order_and_group.go:487.2,490.15 3 0
github.com/pintuotuo/backend/handlers/order_and_group.go:490.15,493.3 2 0
github.com/pintuotuo/backend/handlers/order_and_group.go:496.2,502.16 3 0
github.com/pintuotuo/backend/handlers/order_and_group.go:502.16,505.3 2 0
github.com/pintuotuo/backend/handlers/order_and_group.go:507.2,507.30 1 0
github.com/pintuotuo/backend/handlers/order_and_group.go:507.30,515.3 2 0
github.com/pintuotuo/backend/handlers/order_and_group.go:517.2,517.45 1 0
github.com/pintuotuo/backend/handlers/order_and_group.go:517.45,520.3 2 0
github.com/pintuotuo/backend/handlers/order_and_group.go:522.2,522.38 1 0
github.com/pintuotuo/backend/handlers/order_and_group.go:522.38,525.3 2 0
github.com/pintuotuo/backend/handlers/order_and_group.go:528.2,530.16 3 0
github.com/pintuotuo/backend/handlers/order_and_group.go:530.16,533.3 2 0
github.com/pintuotuo/backend/handlers/order_and_group.go:535.2,541.16 3 0
github.com/pintuotuo/backend/handlers/order_and_group.go:541.16,549.3 2 0
github.com/pintuotuo/backend/handlers/order_and_group.go:552.2,557.16 2 0
github.com/pintuotuo/backend/handlers/order_and_group.go:557.16,560.3 2 0
github.com/pintuotuo/backend/handlers/order_and_group.go:563.2,565.35 3 0
github.com/pintuotuo/backend/handlers/order_and_group.go:565.35,567.3 1 0
github.com/pintuotuo/backend/handlers/order_and_group.go:569.2,574.16 2 0
github.com/pintuotuo/backend/handlers/order_and_group.go:574.16,582.3 2 0
github.com/pintuotuo/backend/handlers/order_and_group.go:584.2,586.30 2 0
github.com/pintuotuo/backend/handlers/order_and_group.go:590.34,592.13 2 0
github.com/pintuotuo/backend/handlers/order_and_group.go:592.13,595.3 2 0
github.com/pintuotuo/backend/handlers/order_and_group.go:597.2,600.15 3 0
github.com/pintuotuo/backend/handlers/order_and_group.go:600.15,603.3 2 0
github.com/pintuotuo/backend/handlers/order_and_group.go:606.2,608.16 3 0
github.com/pintuotuo/backend/handlers/order_and_group.go:608.16,611.3 2 0
github.com/pintuotuo/backend/handlers/order_and_group.go:613.2,614.35 2 0
github.com/pintuotuo/backend/handlers/order_and_group.go:614.35,617.3 2 0
github.com/pintuotuo/backend/handlers/order_and_group.go:619.2,620.16 2 0
github.com/pintuotuo/backend/handlers/order_and_group.go:620.16,628.3 2 0
github.com/pintuotuo/backend/handlers/order_and_group.go:630.2,633.72 3 0
github.com/pintuotuo/backend/handlers/order_and_group.go:637.39,641.15 3 0
github.com/pintuotuo/backend/handlers/order_and_group.go:641.15,644.3 2 0
github.com/pintuotuo/backend/handlers/order_and_group.go:646.2,652.16 3 0
github.com/pintuotuo/backend/handlers/order_and_group.go:652.16,655.3 2 0
github.com/pintuotuo/backend/handlers/order_and_group.go:657.2,657.30 1 0
github.com/pintuotuo/backend/handlers/payment_and_token.go:21.38,23.13 2 0
github.com/pintuotuo/backend/handlers/payment_and_token.go:23.13,26.3 2 0
github.com/pintuotuo/backend/handlers/payment_and_token.go:28.2,33.47 2 0
github.com/pintuotuo/backend/handlers/payment_and_token.go:33.47,36.3 2 0
github.com/pintuotuo/backend/handlers/payment_and_token.go:38.2,39.15 2 0
github.com/pintuotuo/backend/handlers/payment_and_token.go:39.15,42.3 2 0
github.com/pintuotuo/backend/handlers/payment_and_token.go:45.2,51.16 3 0
github.com/pintuotuo/backend/handlers/payment_and_token.go:51.16,54.3 2 0
github.com/pintuotuo/backend/handlers/payment_and_token.go:56.2,56.42 1 0
github.com/pintuotuo/backend/handlers/payment_and_token.go:56.42,59.3 2 0
github.com/pintuotuo/backend/handlers/payment_and_token.go:61.2,67.16 3 0
github.com/pintuotuo/backend/handlers/payment_and_token.go:67.16,75.3 2 0
github.com/pintuotuo/backend/handlers/payment_and_token.go:77.2,77.37 1 0
github.com/pintuotuo/backend/handlers/payment_and_token.go:81.37,83.13 2 0
github.com/pintuotuo/backend/handlers/payment_and_token.go:83.13,86.3 2 0
github.com/pintuotuo/backend/handlers/payment_and_token.go:88.2,91.15 3 0
github.com/pintuotuo/backend/handlers/payment_and_token.go:91.15,94.3 2 0
github.com/pintuotuo/backend/handlers/payment_and_token.go:96.2,102.16 3 0
github.com/pintuotuo/backend/handlers/payment_and_token.go:102.16,105.3 2 0
github.com/pintuotuo/backend/handlers/payment_and_token.go:107.2,107.32 1 0
github.com/pintuotuo/backend/handlers/payment_and_token.go:111.36,113.13 2 0
github.com/pintuotuo/backend/handlers/payment_and_token.go:113.13,116.3 2 0
github.com/pintuotuo/backend/handlers/payment_and_token.go:118.2,121.15 3 0
github.com/pintuotuo/backend/handlers/payment_and_token.go:121.15,124.3 2 0
github.com/pintuotuo/backend/handlers/payment_and_token.go:127.2,133.16 3 0
github.com/pintuotuo/backend/handlers/payment_and_token.go:133.16,136.3 2 0
github.com/pintuotuo/backend/handlers/payment_and_token.go:138.2,138.44 1 0
github.com/pintuotuo/backend/handlers/payment_and_token.go:138.44,141.3 2 0
github.com/pintuotuo/backend/handlers/payment_and_token.go:144.2,149.16 2 0
github.com/pintuotuo/backend/handlers/payment_and_token.go:149.16,157.3 2 0
github.com/pintuotuo/backend/handlers/payment_and_token.go:159.2,159.32 1 0
github.com/pintuotuo/backend/handlers/payment_and_token.go:163.43,171.47 2 0
github.com/pintuotuo/backend/handlers/payment_and_token.go:171.47,174.3 2 0
github.com/pintuotuo/backend/handlers/payment_and_token.go:176.2,177.15 2 0
github.com/pintuotuo/backend/handlers/payment_and_token.go:177.15,180.3 2 0
github.com/pintuotuo/backend/handlers/payment_and_token.go:183.2,185.16 3 0
github.com/pintuotuo/backend/handlers/payment_and_token.go:185.16,188.3 2 0
github.com/pintuotuo/backend/handlers/payment_and_token.go:191.2,197.16 3 0
github.com/pintuotuo/backend/handlers/payment_and_token.go:197.16,205.3 2 0
github.com/pintuotuo/backend/handlers/payment_and_token.go:208.2,208.40 1 0
github.com/pintuotuo/backend/handlers/payment_and_token.go:208.40,213.17 2 0
github.com/pintuotuo/backend/handlers/payment_and_token.go:213.17,221.4 2 0
github.com/pintuotuo/backend/handlers/payment_and_token.go:224.2,224.63 1 0
github.com/pintuotuo/backend/handlers/payment_and_token.go:228.43,236.47 2 0
github.com/pintuotuo/backend/handlers/payment_and_token.go:236.47,239.3 2 0
github.com/pintuotuo/backend/handlers/payment_and_token.go:241.2,242.15 2 0
github.com/pintuotuo/backend/handlers/payment_and_token.go:242.15,245.3 2 0
github.com/pintuotuo/backend/handlers/payment_and_token.go:248.2,250.16 3 0
github.com/pintuotuo/backend/handlers/payment_and_token.go:250.16,253.3 2 0
github.com/pintuotuo/backend/handlers/payment_and_token.go:256.2,262.16 3 0
github.com/pintuotuo/backend/handlers/payment_and_token.go:262.16,270.3 2 0
github.com/pintuotuo/backend/handlers/payment_and_token.go:273.2,273.40 1 0
github.com/pintuotuo/backend/handlers/payment_and_token.go:273.40,278.17 2 0
github.com/pintuotuo/backend/handlers/payment_and_token.go:278.17,286.4 2 0
github.com/pintuotuo/backend/handlers/payment_and_token.go:289.2,289.63 1 0
github.com/pintuotuo/backend/handlers/payment_and_token.go:293.38,295.13 2 0
github.com/pintuotuo/backend/handlers/payment_and_token.go:295.13,298.3 2 0
github.com/pintuotuo/backend/handlers/payment_and_token.go:300.2,302.9 3 0
github.com/pintuotuo/backend/handlers/payment_and_token.go:302.9,305.3 2 0
github.com/pintuotuo/backend/handlers/payment_and_token.go:308.2,309.62 2 0
github.com/pintuotuo/backend/handlers/payment_and_token.go:309.62,311.69 2 0
github.com/pintuotuo/backend/handlers/payment_and_token.go:311.69,314.4 2 0
github.com/pintuotuo/backend/handlers/payment_and_token.go:317.2,318.15 2 0
github.com/pintuotuo/backend/handlers/payment_and_token.go:318.15,321.3 2 0
github.com/pintuotuo/backend/handlers/payment_and_token.go:323.2,329.16 3 0
github.com/pintuotuo/backend/handlers/payment_and_token.go:329.16,332.3 2 0
github.com/pintuotuo/backend/handlers/payment_and_token.go:335.2,335.55 1 0
github.com/pintuotuo/backend/handlers/payment_and_token.go:335.55,337.3 1 0
github.com/pintuotuo/backend/handlers/payment_and_token.go:339.2,339.30 1 0
github.com/pintuotuo/backend/handlers/payment_and_token.go:343.42,345.13 2 0
github.com/pintuotuo/backend/handlers/payment_and_token.go:345.13,348.3 2 0
github.com/pintuotuo/backend/handlers/payment_and_token.go:350.2,351.15 2 0
github.com/pintuotuo/backend/handlers/payment_and_token.go:351.15,354.3 2 0
github.com/pintuotuo/backend/handlers/payment_and_token.go:356.2,360.16 2 0
github.com/pintuotuo/backend/handlers/payment_and_token.go:360.16,363.3 2 0
github.com/pintuotuo/backend/handlers/payment_and_token.go:364.2,367.18 3 0
github.com/pintuotuo/backend/handlers/payment_and_token.go:367.18,374.17 6 0
github.com/pintuotuo/backend/handlers/payment_and_token.go:374.17,377.4 2 0
github.com/pintuotuo/backend/handlers/payment_and_token.go:379.3,385.5 1 0
github.com/pintuotuo/backend/handlers/payment_and_token.go:388.2,388.37 1 0
github.com/pintuotuo/backend/handlers/payment_and_token.go:392.37,394.13 2 0
github.com/pintuotuo/backend/handlers/payment_and_token.go:394.13,397.3 2 0
github.com/pintuotuo/backend/handlers/payment_and_token.go:399.2,404.47 2 0
github.com/pintuotuo/backend/handlers/payment_and_token.go:404.47,407.3 2 0
github.com/pintuotuo/backend/handlers/payment_and_token.go:409.2,410.15 2 0
github.com/pintuotuo/backend/handlers/payment_and_token.go:410.15,413.3 2 0
github.com/pintuotuo/backend/handlers/payment_and_token.go:416.2,418.16 3 0
github.com/pintuotuo/backend/handlers/payment_and_token.go:418.16,421.3 2 0
github.com/pintuotuo/backend/handlers/payment_and_token.go:423.2,423.32 1 0
github.com/pintuotuo/backend/handlers/payment_and_token.go:423.32,426.3 2 0
github.com/pintuotuo/backend/handlers/payment_and_token.go:429.2,433.16 2 0
github.com/pintuotuo/backend/handlers/payment_and_token.go:433.16,441.3 2 0
github.com/pintuotuo/backend/handlers/payment_and_token.go:443.2,447.16 2 0
github.com/pintuotuo/backend/handlers/payment_and_token.go:447.16,455.3 2 0
github.com/pintuotuo/backend/handlers/payment_and_token.go:458.2,462.22 2 0
github.com/pintuotuo/backend/handlers/payment_and_token.go:462.22,470.3 2 0
github.com/pintuotuo/backend/handlers/payment_and_token.go:472.2,476.22 2 0
github.com/pintuotuo/backend/handlers/payment_and_token.go:476.22,484.3 2 0
github.com/pintuotuo/backend/handlers/payment_and_token.go:487.2,492.64 5 0
github.com/pintuotuo/backend/handlers/payment_v2.go:22.85,34.2 1 0
github.com/pintuotuo/backend/handlers/payment_v2.go:49.36,51.13 2 0
github.com/pintuotuo/backend/handlers/payment_v2.go:51.13,54.3 2 0
github.com/pintuotuo/backend/handlers/payment_v2.go:55.2,56.9 2 0
github.com/pintuotuo/backend/handlers/payment_v2.go:56.9,59.3 2 0
github.com/pintuotuo/backend/handlers/payment_v2.go:61.2,62.47 2 0
github.com/pintuotuo/backend/handlers/payment_v2.go:62.47,65.3 2 0
github.com/pintuotuo/backend/handlers/payment_v2.go:67.2,68.15 2 0
github.com/pintuotuo/backend/handlers/payment_v2.go:68.15,71.3 2 0
github.com/pintuotuo/backend/handlers/payment_v2.go:73.2,78.16 3 0
github.com/pintuotuo/backend/handlers/payment_v2.go:78.16,81.3 2 0
github.com/pintuotuo/backend/handlers/payment_v2.go:83.2,83.31 1 0
github.com/pintuotuo/backend/handlers/payment_v2.go:83.31,86.3 2 0
github.com/pintuotuo/backend/handlers/payment_v2.go:88.2,88.31 1 0
github.com/pintuotuo/backend/handlers/payment_v2.go:88.31,96.3 2 0
github.com/pintuotuo/backend/handlers/payment_v2.go:98.2,107.16 4 0
github.com/pintuotuo/backend/handlers/payment_v2.go:107.16,115.3 2 0
github.com/pintuotuo/backend/handlers/payment_v2.go:117.2,119.40 2 0
github.com/pintuotuo/backend/handlers/payment_v2.go:120.16,122.17 2 0
github.com/pintuotuo/backend/handlers/payment_v2.go:122.17,130.4 2 0
github.com/pintuotuo/backend/handlers/payment_v2.go:131.16,133.17 2 0
github.com/pintuotuo/backend/handlers/payment_v2.go:133.17,141.4 2 0
github.com/pintuotuo/backend/handlers/payment_v2.go:142.17,145.17 3 0
github.com/pintuotuo/backend/handlers/payment_v2.go:145.17,153.4 2 0
github.com/pintuotuo/backend/handlers/payment_v2.go:155.3,155.27 1 0
github.com/pintuotuo/backend/handlers/payment_v2.go:155.27,158.4 2 0
github.com/pintuotuo/backend/handlers/payment_v2.go:160.3,161.17 2 0
github.com/pintuotuo/backend/handlers/payment_v2.go:161.17,169.4 2 0
github.com/pintuotuo/backend/handlers/payment_v2.go:171.3,175.9 2 0
github.com/pintuotuo/backend/handlers/payment_v2.go:176.10,183.9 2 0
github.com/pintuotuo/backend/handlers/payment_v2.go:186.2,191.4 1 0
github.com/pintuotuo/backend/handlers/payment_v2.go:194.94,196.16 2 0
github.com/pintuotuo/backend/handlers/payment_v2.go:196.16,198.3 1 0
github.com/pintuotuo/backend/handlers/payment_v2.go:199.2,205.16 3 0
github.com/pintuotuo/backend/handlers/payment_v2.go:205.16,207.3 1 0
github.com/pintuotuo/backend/handlers/payment_v2.go:209.2,213.16 2 0
github.com/pintuotuo/backend/handlers/payment_v2.go:213.16,215.3 1 0
github.com/pintuotuo/backend/handlers/payment_v2.go:217.2,218.107 2 0
github.com/pintuotuo/backend/handlers/payment_v2.go:218.107,220.3 1 0
github.com/pintuotuo/backend/handlers/payment_v2.go:222.2,222.20 1 0
github.com/pintuotuo/backend/handlers/payment_v2.go:225.35,226.46 1 0
github.com/pintuotuo/backend/handlers/payment_v2.go:226.46,229.3 2 0
github.com/pintuotuo/backend/handlers/payment_v2.go:231.2,232.35 2 0
github.com/pintuotuo/backend/handlers/payment_v2.go:232.35,233.17 1 0
github.com/pintuotuo/backend/handlers/payment_v2.go:233.17,235.4 1 0
github.com/pintuotuo/backend/handlers/payment_v2.go:238.2,238.72 1 0
github.com/pintuotuo/backend/handlers/payment_v2.go:238.72,241.3 2 0
github.com/pintuotuo/backend/handlers/payment_v2.go:243.2,243.93 1 0
github.com/pintuotuo/backend/handlers/payment_v2.go:243.93,246.3 2 0
github.com/pintuotuo/backend/handlers/payment_v2.go:248.2,252.15 4 0
github.com/pintuotuo/backend/handlers/payment_v2.go:252.15,255.3 2 0
github.com/pintuotuo/backend/handlers/payment_v2.go:257.2,263.16 4 0
github.com/pintuotuo/backend/handlers/payment_v2.go:263.16,266.3 2 0
github.com/pintuotuo/backend/handlers/payment_v2.go:268.2,269.16 2 0
github.com/pintuotuo/backend/handlers/payment_v2.go:269.16,272.3 2 0
github.com/pintuotuo/backend/handlers/payment_v2.go:273.2,279.16 3 0
github.com/pintuotuo/backend/handlers/payment_v2.go:279.16,282.3 2 0
github.com/pintuotuo/backend/handlers/payment_v2.go:284.2,288.16 2 0
github.com/pintuotuo/backend/handlers/payment_v2.go:288.16,291.3 2 0
github.com/pintuotuo/backend/handlers/payment_v2.go:293.2,293.36 1 0
github.com/pintuotuo/backend/handlers/payment_v2.go:293.36,296.3 2 0
github.com/pintuotuo/backend/handlers/payment_v2.go:298.2,298.36 1 0
[...]
github.com/pintuotuo/backend/notification/service.go:116.2,116.22 1 0
github.com/pintuotuo/backend/notification/service.go:129.27,243.2 1 1
github.com/pintuotuo/backend/notification/service.go:245.64,247.95 2 0
github.com/pintuotuo/backend/notification/service.go:247.95,249.3 1 0
github.com/pintuotuo/backend/notification/service.go:250.2,255.4 1 0
github.com/pintuotuo/backend/notification/service.go:258.70,260.101 2 0
github.com/pintuotuo/backend/notification/service.go:260.101,262.3 1 0
github.com/pintuotuo/backend/notification/service.go:263.2,268.4 1 0
github.com/pintuotuo/backend/notification/service.go:271.98,274.73 3 0
github.com/pintuotuo/backend/notification/service.go:274.73,276.3 1 0
github.com/pintuotuo/backend/notification/service.go:277.2,282.4 1 0
github.com/pintuotuo/backend/notification/service.go:285.100,288.75 3 0
github.com/pintuotuo/backend/notification/service.go:288.75,290.3 1 0
github.com/pintuotuo/backend/notification/service.go:291.2,296.4 1 0
github.com/pintuotuo/backend/notification/service.go:299.95,305.17 2 0
github.com/pintuotuo/backend/notification/service.go:305.17,307.3 1 0
github.com/pintuotuo/backend/notification/service.go:308.2,313.4 1 0
github.com/pintuotuo/backend/notification/service.go:327.54,332.2 1 1
github.com/pintuotuo/backend/notification/service.go:342.55,354.16 3 0
github.com/pintuotuo/backend/notification/service.go:354.16,356.3 1 0
github.com/pintuotuo/backend/notification/service.go:358.2,359.16 2 0
github.com/pintuotuo/backend/notification/service.go:359.16,361.3 1 0
github.com/pintuotuo/backend/notification/service.go:363.2,367.16 4 0
github.com/pintuotuo/backend/notification/service.go:367.16,369.3 1 0
github.com/pintuotuo/backend/notification/service.go:370.2,372.28 2 0
github.com/pintuotuo/backend/notification/service.go:372.28,374.3 1 0
github.com/pintuotuo/backend/notification/service.go:376.2,376.12 1 0
github.com/pintuotuo/backend/notification/service.go:384.100,390.2 2 1
github.com/pintuotuo/backend/notification/service.go:411.68,414.18 2 0
github.com/pintuotuo/backend/notification/service.go:415.27,416.54 1 0
github.com/pintuotuo/backend/notification/service.go:417.33,418.48 1 0
github.com/pintuotuo/backend/notification/service.go:418.48,420.4 1 0
github.com/pintuotuo/backend/notification/service.go:421.32,422.69 1 0
github.com/pintuotuo/backend/notification/service.go:423.34,424.71 1 0
github.com/pintuotuo/backend/notification/service.go:425.30,428.77 3 0
github.com/pintuotuo/backend/notification/service.go:431.2,431.42 1 0
github.com/pintuotuo/backend/notification/service.go:431.42,438.35 2 0
github.com/pintuotuo/backend/notification/service.go:438.35,440.4 1 0
github.com/pintuotuo/backend/notification/service.go:443.2,443.12 1 0
github.com/pintuotuo/backend/notification/service.go:446.71,455.2 2 1
github.com/pintuotuo/backend/notification/service.go:457.99,458.11 1 1
github.com/pintuotuo/backend/notification/service.go:459.32,460.80 1 1
github.com/pintuotuo/backend/notification/service.go:461.34,462.95 1 1
github.com/pintuotuo/backend/notification/service.go:463.30,464.85 1 1
github.com/pintuotuo/backend/notification/service.go:465.10,466.12 1 0
github.com/pintuotuo/backend/notification/service.go:470.90,472.25 2 1
github.com/pintuotuo/backend/notification/service.go:472.25,474.3 1 1
github.com/pintuotuo/backend/notification/service.go:475.2,475.15 1 1
github.com/pintuotuo/backend/notification/service.go:478.96,479.32 1 0
github.com/pintuotuo/backend/notification/service.go:479.32,485.18 1 0
github.com/pintuotuo/backend/notification/service.go:485.18,487.4 1 0
github.com/pintuotuo/backend/notification/service.go:489.2,489.12 1 0
github.com/pintuotuo/backend/payment/gateway.go:35.58,40.2 1 1
github.com/pintuotuo/backend/payment/gateway.go:56.87,71.16 3 0
github.com/pintuotuo/backend/payment/gateway.go:71.16,73.3 1 0
github.com/pintuotuo/backend/payment/gateway.go:74.2,77.22 3 0
github.com/pintuotuo/backend/payment/gateway.go:77.22,79.3 1 0
github.com/pintuotuo/backend/payment/gateway.go:81.2,82.27 2 0
github.com/pintuotuo/backend/payment/gateway.go:82.27,84.3 1 0
github.com/pintuotuo/backend/payment/gateway.go:86.2,86.60 1 0
github.com/pintuotuo/backend/payment/gateway.go:89.75,91.9 2 0
github.com/pintuotuo/backend/payment/gateway.go:91.9,93.3 1 0
github.com/pintuotuo/backend/payment/gateway.go:94.2,98.27 4 0
github.com/pintuotuo/backend/payment/gateway.go:98.27,99.14 1 0
github.com/pintuotuo/backend/payment/gateway.go:99.14,101.4 1 0
github.com/pintuotuo/backend/payment/gateway.go:103.2,107.16 4 0
github.com/pintuotuo/backend/payment/gateway.go:107.16,109.3 1 0
github.com/pintuotuo/backend/payment/gateway.go:111.2,113.16 3 0
github.com/pintuotuo/backend/payment/gateway.go:113.16,115.3 1 0
github.com/pintuotuo/backend/payment/gateway.go:117.2,117.12 1 0
github.com/pintuotuo/backend/payment/gateway.go:120.71,122.27 2 0
github.com/pintuotuo/backend/payment/gateway.go:122.27,123.14 1 0
github.com/pintuotuo/backend/payment/gateway.go:123.14,125.4 1 0
github.com/pintuotuo/backend/payment/gateway.go:127.2,132.16 5 0
github.com/pintuotuo/backend/payment/gateway.go:132.16,134.3 1 0
github.com/pintuotuo/backend/payment/gateway.go:136.2,136.58 1 0
github.com/pintuotuo/backend/payment/gateway.go:154.67,159.2 1 1
github.com/pintuotuo/backend/payment/gateway.go:171.106,190.22 6 1
github.com/pintuotuo/backend/payment/gateway.go:190.22,192.3 1 1
github.com/pintuotuo/backend/payment/gateway.go:194.2,195.16 2 1
github.com/pintuotuo/backend/payment/gateway.go:195.16,197.3 1 0
github.com/pintuotuo/backend/payment/gateway.go:198.2,201.16 3 1
github.com/pintuotuo/backend/payment/gateway.go:201.16,203.3 1 0
github.com/pintuotuo/backend/payment/gateway.go:205.2,206.44 2 1
github.com/pintuotuo/backend/payment/gateway.go:206.44,208.3 1 1
github.com/pintuotuo/backend/payment/gateway.go:209.2,209.44 1 0
github.com/pintuotuo/backend/payment/gateway.go:209.44,211.3 1 0
github.com/pintuotuo/backend/payment/gateway.go:213.2,215.8 1 0
github.com/pintuotuo/backend/payment/gateway.go:218.89,221.44 2 0
github.com/pintuotuo/backend/payment/gateway.go:221.44,223.3 1 0
github.com/pintuotuo/backend/payment/gateway.go:225.2,229.26 4 0
github.com/pintuotuo/backend/payment/gateway.go:229.26,231.3 1 0
github.com/pintuotuo/backend/payment/gateway.go:233.2,233.20 1 0
github.com/pintuotuo/backend/payment/gateway.go:236.65,238.27 2 1
github.com/pintuotuo/backend/payment/gateway.go:238.27,239.14 1 1
github.com/pintuotuo/backend/payment/gateway.go:239.14,241.4 1 1
github.com/pintuotuo/backend/payment/gateway.go:243.2,248.49 5 1
github.com/pintuotuo/backend/payment/gateway.go:251.32,255.2 3 1
github.com/pintuotuo/backend/payment/gateway.go:257.48,260.27 3 1
github.com/pintuotuo/backend/payment/gateway.go:260.27,262.3 1 1
github.com/pintuotuo/backend/payment/gateway.go:263.2,264.25 2 1
github.com/pintuotuo/backend/payment/gateway.go:267.53,271.46 4 1
github.com/pintuotuo/backend/payment/gateway.go:271.46,272.26 1 1
github.com/pintuotuo/backend/payment/gateway.go:272.26,273.31 1 0
github.com/pintuotuo/backend/payment/gateway.go:273.31,275.5 1 0
github.com/pintuotuo/backend/payment/gateway.go:278.2,278.15 1 1
github.com/pintuotuo/backend/payment/gateway.go:281.38,283.2 1 1
github.com/pintuotuo/backend/payment/gateway.go:290.99,295.2 1 1
github.com/pintuotuo/backend/payment/gateway.go:297.113,304.2 2 0
github.com/pintuotuo/backend/payment/gateway.go:306.106,313.16 3 1
github.com/pintuotuo/backend/payment/gateway.go:313.16,315.3 1 1
github.com/pintuotuo/backend/payment/gateway.go:316.2,316.26 1 0
github.com/pintuotuo/backend/payment/gateway.go:319.83,321.2 1 0
github.com/pintuotuo/backend/payment/gateway.go:323.94,325.2 1 0
github.com/pintuotuo/backend/main.go:25.13,26.44 1 0
github.com/pintuotuo/backend/main.go:26.44,28.3 1 0
github.com/pintuotuo/backend/main.go:29.2,29.47 1 0
github.com/pintuotuo/backend/main.go:29.47,31.3 1 0
github.com/pintuotuo/backend/main.go:34.13,35.34 1 0
github.com/pintuotuo/backend/main.go:35.34,37.3 1 0
github.com/pintuotuo/backend/main.go:38.2,40.40 2 0
github.com/pintuotuo/backend/main.go:40.40,42.3 1 0
github.com/pintuotuo/backend/main.go:43.2,45.37 2 0
github.com/pintuotuo/backend/main.go:45.37,47.3 1 0
github.com/pintuotuo/backend/main.go:48.2,68.2 13 0
github.com/pintuotuo/backend/main.go:68.2,81.3 12 0
github.com/pintuotuo/backend/main.go:83.2,86.16 3 0
github.com/pintuotuo/backend/main.go:86.16,88.3 1 0
github.com/pintuotuo/backend/main.go:90.2,91.47 2 0
github.com/pintuotuo/backend/main.go:91.47,93.3 1 0
github.com/pintuotuo/backend/docs/swagger.go:281.30,283.2 1 0
github.com/pintuotuo/backend/docs/swagger.go:285.13,287.2 1 0
github.com/pintuotuo/backend/scheduler/order_scheduler.go:20.73,26.2 1 1
github.com/pintuotuo/backend/scheduler/order_scheduler.go:28.34,32.2 3 1
github.com/pintuotuo/backend/scheduler/order_scheduler.go:34.33,38.2 3 1
github.com/pintuotuo/backend/scheduler/order_scheduler.go:40.32,46.6 4 1
github.com/pintuotuo/backend/scheduler/order_scheduler.go:46.6,47.10 1 1
github.com/pintuotuo/backend/scheduler/order_scheduler.go:48.21,49.10 1 1
github.com/pintuotuo/backend/scheduler/order_scheduler.go:50.19,51.27 1 0
github.com/pintuotuo/backend/scheduler/order_scheduler.go:56.48,58.15 2 0
github.com/pintuotuo/backend/scheduler/order_scheduler.go:58.15,61.3 2 0
github.com/pintuotuo/backend/scheduler/order_scheduler.go:63.2,67.16 4 0
github.com/pintuotuo/backend/scheduler/order_scheduler.go:67.16,70.3 2 0
github.com/pintuotuo/backend/scheduler/order_scheduler.go:71.2,80.16 3 0
github.com/pintuotuo/backend/scheduler/order_scheduler.go:80.16,83.3 2 0
github.com/pintuotuo/backend/scheduler/order_scheduler.go:85.2,92.18 3 0
github.com/pintuotuo/backend/scheduler/order_scheduler.go:92.18,94.69 2 0
github.com/pintuotuo/backend/scheduler/order_scheduler.go:94.69,96.12 2 0
github.com/pintuotuo/backend/scheduler/order_scheduler.go:98.3,98.29 1 0
github.com/pintuotuo/backend/scheduler/order_scheduler.go:100.2,102.22 2 0
github.com/pintuotuo/backend/scheduler/order_scheduler.go:102.22,104.3 1 0
github.com/pintuotuo/backend/scheduler/order_scheduler.go:106.2,108.27 2 0
github.com/pintuotuo/backend/scheduler/order_scheduler.go:108.27,113.17 2 0
github.com/pintuotuo/backend/scheduler/order_scheduler.go:113.17,115.12 2 0
github.com/pintuotuo/backend/scheduler/order_scheduler.go:118.3,122.17 2 0
github.com/pintuotuo/backend/scheduler/order_scheduler.go:122.17,124.4 1 0
github.com/pintuotuo/backend/scheduler/order_scheduler.go:127.2,127.36 1 0
github.com/pintuotuo/backend/scheduler/order_scheduler.go:127.36,130.3 2 0
github.com/pintuotuo/backend/scheduler/order_scheduler.go:132.2,132.79 1 0
github.com/pintuotuo/backend/scheduler/order_scheduler.go:135.65,137.15 2 0
github.com/pintuotuo/backend/scheduler/order_scheduler.go:137.15,139.3 1 0
github.com/pintuotuo/backend/scheduler/order_scheduler.go:141.2,144.16 3 0
github.com/pintuotuo/backend/scheduler/order_scheduler.go:144.16,151.3 1 0
github.com/pintuotuo/backend/scheduler/order_scheduler.go:152.2,159.16 4 0
github.com/pintuotuo/backend/scheduler/order_scheduler.go:159.16,161.3 1 0
github.com/pintuotuo/backend/scheduler/order_scheduler.go:163.2,167.16 2 0
github.com/pintuotuo/backend/scheduler/order_scheduler.go:167.16,174.3 1 0
github.com/pintuotuo/backend/scheduler/order_scheduler.go:176.2,180.16 2 0
github.com/pintuotuo/backend/scheduler/order_scheduler.go:180.16,187.3 1 0
github.com/pintuotuo/backend/scheduler/order_scheduler.go:189.2,189.20 1 0
github.com/pintuotuo/backend/scheduler/settlement.go:17.74,23.2 1 1
github.com/pintuotuo/backend/scheduler/settlement.go:25.39,26.17 1 1
github.com/pintuotuo/backend/scheduler/settlement.go:26.17,28.3 1 0
github.com/pintuotuo/backend/scheduler/settlement.go:30.2,33.12 3 1
github.com/pintuotuo/backend/scheduler/settlement.go:33.12,34.7 1 1
github.com/pintuotuo/backend/scheduler/settlement.go:34.7,35.11 1 1
github.com/pintuotuo/backend/scheduler/settlement.go:36.20,37.27 1 0
github.com/pintuotuo/backend/scheduler/settlement.go:38.22,40.11 2 1
github.com/pintuotuo/backend/scheduler/settlement.go:45.2,45.45 1 1
github.com/pintuotuo/backend/scheduler/settlement.go:48.38,49.18 1 1
github.com/pintuotuo/backend/scheduler/settlement.go:49.18,51.3 1 0
github.com/pintuotuo/backend/scheduler/settlement.go:53.2,55.45 3 1
github.com/pintuotuo/backend/scheduler/settlement.go:58.52,60.15 2 0
github.com/pintuotuo/backend/scheduler/settlement.go:60.15,63.3 2 0
github.com/pintuotuo/backend/scheduler/settlement.go:65.2,69.16 2 0
github.com/pintuotuo/backend/scheduler/settlement.go:69.16,72.3 2 0
github.com/pintuotuo/backend/scheduler/settlement.go:73.2,81.18 4 0
github.com/pintuotuo/backend/scheduler/settlement.go:81.18,83.59 2 0
github.com/pintuotuo/backend/scheduler/settlement.go:83.59,85.12 2 0
github.com/pintuotuo/backend/scheduler/settlement.go:87.3,87.40 1 0
github.com/pintuotuo/backend/scheduler/settlement.go:90.2,90.41 1 0
github.com/pintuotuo/backend/scheduler/settlement.go:90.41,92.3 1 0
github.com/pintuotuo/backend/scheduler/settlement.go:94.2,94.34 1 0
github.com/pintuotuo/backend/scheduler/settlement.go:97.91,99.16 2 0
github.com/pintuotuo/backend/scheduler/settlement.go:99.16,102.3 2 0
github.com/pintuotuo/backend/scheduler/settlement.go:103.2,107.16 4 0
github.com/pintuotuo/backend/scheduler/settlement.go:107.16,110.3 2 0
github.com/pintuotuo/backend/scheduler/settlement.go:112.2,112.25 1 0
github.com/pintuotuo/backend/scheduler/settlement.go:112.25,114.3 1 0
github.com/pintuotuo/backend/scheduler/settlement.go:116.2,120.16 2 0
github.com/pintuotuo/backend/scheduler/settlement.go:120.16,123.3 2 0
github.com/pintuotuo/backend/scheduler/settlement.go:125.2,125.48 1 0
github.com/pintuotuo/backend/scheduler/settlement.go:125.48,128.3 2 0
github.com/pintuotuo/backend/scheduler/settlement.go:130.2,134.16 2 0
github.com/pintuotuo/backend/scheduler/settlement.go:134.16,137.3 2 0
github.com/pintuotuo/backend/scheduler/settlement.go:139.2,139.103 1 0
github.com/pintuotuo/backend/scheduler/settlement.go:142.70,144.20 2 0
github.com/pintuotuo/backend/scheduler/settlement.go:144.20,146.3 1 0
github.com/pintuotuo/backend/scheduler/settlement.go:148.2,161.16 5 0
github.com/pintuotuo/backend/scheduler/settlement.go:161.16,164.3 2 0
github.com/pintuotuo/backend/scheduler/settlement.go:165.2,168.18 3 0
github.com/pintuotuo/backend/scheduler/settlement.go:168.18,170.40 2 0
github.com/pintuotuo/backend/scheduler/settlement.go:170.40,171.12 1 0
github.com/pintuotuo/backend/scheduler/settlement.go:173.3,173.40 1 0
github.com/pintuotuo/backend/scheduler/settlement.go:176.2,178.41 2 0
github.com/pintuotuo/backend/scheduler/settlement.go:178.41,184.17 3 0
github.com/pintuotuo/backend/scheduler/settlement.go:184.17,185.12 1 0
github.com/pintuotuo/backend/scheduler/settlement.go:188.3,197.23 3 0
github.com/pintuotuo/backend/scheduler/settlement.go:197.23,198.12 1 0
github.com/pintuotuo/backend/scheduler/settlement.go:201.3,209.17 4 0
github.com/pintuotuo/backend/scheduler/settlement.go:209.17,211.12 2 0
github.com/pintuotuo/backend/scheduler/settlement.go:214.3,214.125 1 0
github.com/pintuotuo/backend/cmd/migrate/main.go:12.13,14.23 2 0
github.com/pintuotuo/backend/cmd/migrate/main.go:14.23,16.3 1 0
github.com/pintuotuo/backend/cmd/migrate/main.go:18.2,19.16 2 0
github.com/pintuotuo/backend/cmd/migrate/main.go:19.16,21.3 1 0
github.com/pintuotuo/backend/cmd/migrate/main.go:22.2,22.15 1 0
github.com/pintuotuo/backend/cmd/migrate/main.go:22.15,23.46 1 0
github.com/pintuotuo/backend/cmd/migrate/main.go:23.46,25.4 1 0
github.com/pintuotuo/backend/cmd/migrate/main.go:28.2,28.42 1 0
github.com/pintuotuo/backend/cmd/migrate/main.go:28.42,30.3 1 0
github.com/pintuotuo/backend/cmd/migrate/main.go:32.2,36.16 4 0
github.com/pintuotuo/backend/cmd/migrate/main.go:36.16,38.3 1 0
github.com/pintuotuo/backend/cmd/migrate/main.go:40.2,40.29 1 0
github.com/pintuotuo/backend/cmd/migrate/main.go:40.29,41.58 1 0
github.com/pintuotuo/backend/cmd/migrate/main.go:41.58,42.12 1 0
github.com/pintuotuo/backend/cmd/migrate/main.go:45.3,49.21 4 0
github.com/pintuotuo/backend/cmd/migrate/main.go:49.21,51.4 1 0
github.com/pintuotuo/backend/cmd/migrate/main.go:53.3,53.62 1 0
github.com/pintuotuo/backend/cmd/migrate/main.go:53.62,55.4 1 0
github.com/pintuotuo/backend/cmd/migrate/main.go:57.3,57.53 1 0
github.com/pintuotuo/backend/cmd/migrate/main.go:60.2,60.54 1 0
github.com/pintuotuo/backend/routes/routes.go:8.52,10.2 2 0
github.com/pintuotuo/backend/routes/routes.go:10.2,15.3 4 0
github.com/pintuotuo/backend/routes/routes.go:18.50,20.2 2 0
github.com/pintuotuo/backend/routes/routes.go:20.2,36.3 10 0
github.com/pintuotuo/backend/routes/routes.go:40.49,42.2 2 0
github.com/pintuotuo/backend/routes/routes.go:42.2,47.3 4 0
github.com/pintuotuo/backend/routes/routes.go:51.57,53.2 2 0
github.com/pintuotuo/backend/routes/routes.go:53.2,56.3 2 0
github.com/pintuotuo/backend/routes/routes.go:60.53,62.2 2 0
github.com/pintuotuo/backend/routes/routes.go:62.2,74.3 9 0
github.com/pintuotuo/backend/routes/routes.go:74.3,78.4 3 0
github.com/pintuotuo/backend/routes/routes.go:83.51,85.2 2 0
github.com/pintuotuo/backend/routes/routes.go:85.2,90.3 4 0
github.com/pintuotuo/backend/routes/routes.go:94.51,96.2 2 0
github.com/pintuotuo/backend/routes/routes.go:96.2,103.3 6 0
github.com/pintuotuo/backend/routes/routes.go:107.51,109.2 2 0
github.com/pintuotuo/backend/routes/routes.go:109.2,116.3 5 0
github.com/pintuotuo/backend/routes/routes.go:116.3,121.4 4 0
github.com/pintuotuo/backend/routes/routes.go:126.53,128.2 2 0
github.com/pintuotuo/backend/routes/routes.go:128.2,134.3 4 0
github.com/pintuotuo/backend/routes/routes.go:134.3,137.4 2 0
github.com/pintuotuo/backend/routes/routes.go:142.54,144.2 2 0
github.com/pintuotuo/backend/routes/routes.go:144.2,152.3 7 0
github.com/pintuotuo/backend/routes/routes.go:156.54,158.2 2 0
github.com/pintuotuo/backend/routes/routes.go:158.2,171.3 11 0
github.com/pintuotuo/backend/routes/routes.go:171.3,177.4 5 0
github.com/pintuotuo/backend/routes/routes.go:182.58,184.2 2 0
github.com/pintuotuo/backend/routes/routes.go:184.2,192.3 6 0
github.com/pintuotuo/backend/routes/routes.go:192.3,195.4 2 0
github.com/pintuotuo/backend/utils/encryption.go:15.29,17.15 2 0
github.com/pintuotuo/backend/utils/encryption.go:17.15,19.3 1 0
github.com/pintuotuo/backend/utils/encryption.go:20.2,20.56 1 0
github.com/pintuotuo/backend/utils/encryption.go:20.56,22.3 1 0
github.com/pintuotuo/backend/utils/encryption.go:23.2,24.12 2 0
github.com/pintuotuo/backend/utils/encryption.go:27.48,28.29 1 0
github.com/pintuotuo/backend/utils/encryption.go:28.29,29.42 1 0
github.com/pintuotuo/backend/utils/encryption.go:29.42,31.4 1 0
github.com/pintuotuo/backend/utils/encryption.go:34.2,35.16 2 0
github.com/pintuotuo/backend/utils/encryption.go:35.16,37.3 1 0
github.com/pintuotuo/backend/utils/encryption.go:39.2,40.16 2 0
github.com/pintuotuo/backend/utils/encryption.go:40.16,42.3 1 0
github.com/pintuotuo/backend/utils/encryption.go:44.2,45.58 2 0
github.com/pintuotuo/backend/utils/encryption.go:45.58,47.3 1 0
github.com/pintuotuo/backend/utils/encryption.go:49.2,50.59 2 0
github.com/pintuotuo/backend/utils/encryption.go:53.49,54.29 1 0
github.com/pintuotuo/backend/utils/encryption.go:54.29,55.42 1 0
github.com/pintuotuo/backend/utils/encryption.go:55.42,57.4 1 0
github.com/pintuotuo/backend/utils/encryption.go:60.2,61.16 2 0
github.com/pintuotuo/backend/utils/encryption.go:61.16,63.3 1 0
github.com/pintuotuo/backend/utils/encryption.go:65.2,66.16 2 0
github.com/pintuotuo/backend/utils/encryption.go:66.16,68.3 1 0
github.com/pintuotuo/backend/utils/encryption.go:70.2,71.16 2 0
github.com/pintuotuo/backend/utils/encryption.go:71.16,73.3 1 0
github.com/pintuotuo/backend/utils/encryption.go:75.2,76.27 2 0
github.com/pintuotuo/backend/utils/encryption.go:76.27,78.3 1 0
github.com/pintuotuo/backend/utils/encryption.go:80.2,82.16 3 0
github.com/pintuotuo/backend/utils/encryption.go:82.16,84.3 1 0
github.com/pintuotuo/backend/utils/encryption.go:86.2,86.31 1 0
